<?xml version="1.0" encoding="UTF-8"?>
<coverage generated="1755629524937" clover="3.2.0">
  <project timestamp="1755629524938" name="All files">
    <metrics statements="1273" coveredstatements="0" conditionals="621" coveredconditionals="0" methods="184" coveredmethods="0" elements="2078" coveredelements="0" complexity="0" loc="1273" ncloc="1273" packages="1" files="3" classes="3"/>
    <file name="auth.js" path="/Users/gsuarez/Documents/Code/English3/src/js/auth.js">
      <metrics statements="36" coveredstatements="0" conditionals="12" coveredconditionals="0" methods="9" coveredmethods="0"/>
      <line num="1" count="0" type="stmt"/>
      <line num="7" count="0" type="stmt"/>
      <line num="9" count="0" type="cond" truecount="0" falsecount="2"/>
      <line num="10" count="0" type="stmt"/>
      <line num="12" count="0" type="stmt"/>
      <line num="15" count="0" type="stmt"/>
      <line num="17" count="0" type="stmt"/>
      <line num="18" count="0" type="cond" truecount="0" falsecount="2"/>
      <line num="19" count="0" type="stmt"/>
      <line num="23" count="0" type="cond" truecount="0" falsecount="2"/>
      <line num="24" count="0" type="stmt"/>
      <line num="32" count="0" type="stmt"/>
      <line num="33" count="0" type="stmt"/>
      <line num="54" count="0" type="stmt"/>
      <line num="55" count="0" type="stmt"/>
      <line num="57" count="0" type="stmt"/>
      <line num="58" count="0" type="stmt"/>
      <line num="59" count="0" type="cond" truecount="0" falsecount="2"/>
      <line num="60" count="0" type="stmt"/>
      <line num="64" count="0" type="stmt"/>
      <line num="65" count="0" type="cond" truecount="0" falsecount="2"/>
      <line num="66" count="0" type="stmt"/>
      <line num="71" count="0" type="stmt"/>
      <line num="75" count="0" type="stmt"/>
      <line num="79" count="0" type="stmt"/>
      <line num="80" count="0" type="stmt"/>
      <line num="82" count="0" type="stmt"/>
      <line num="86" count="0" type="stmt"/>
      <line num="87" count="0" type="cond" truecount="0" falsecount="2"/>
      <line num="88" count="0" type="stmt"/>
      <line num="90" count="0" type="stmt"/>
      <line num="94" count="0" type="stmt"/>
      <line num="98" count="0" type="stmt"/>
      <line num="99" count="0" type="stmt"/>
      <line num="100" count="0" type="stmt"/>
      <line num="101" count="0" type="stmt"/>
    </file>
    <file name="game.js" path="/Users/gsuarez/Documents/Code/English3/src/js/game.js">
      <metrics statements="1211" coveredstatements="0" conditionals="594" coveredconditionals="0" methods="165" coveredmethods="0"/>
      <line num="1" count="0" type="stmt"/>
      <line num="14" count="0" type="stmt"/>
      <line num="15" count="0" type="cond" truecount="0" falsecount="2"/>
      <line num="16" count="0" type="stmt"/>
      <line num="21" count="0" type="stmt"/>
      <line num="22" count="0" type="stmt"/>
      <line num="23" count="0" type="stmt"/>
      <line num="24" count="0" type="stmt"/>
      <line num="25" count="0" type="stmt"/>
      <line num="26" count="0" type="stmt"/>
      <line num="27" count="0" type="stmt"/>
      <line num="28" count="0" type="stmt"/>
      <line num="29" count="0" type="stmt"/>
      <line num="30" count="0" type="stmt"/>
      <line num="31" count="0" type="stmt"/>
      <line num="32" count="0" type="stmt"/>
      <line num="35" count="0" type="stmt"/>
      <line num="36" count="0" type="cond" truecount="0" falsecount="2"/>
      <line num="37" count="0" type="stmt"/>
      <line num="40" count="0" type="stmt"/>
      <line num="41" count="0" type="stmt"/>
      <line num="42" count="0" type="stmt"/>
      <line num="45" count="0" type="stmt"/>
      <line num="46" count="0" type="stmt"/>
      <line num="49" count="0" type="stmt"/>
      <line num="50" count="0" type="stmt"/>
      <line num="52" count="0" type="stmt"/>
      <line num="53" count="0" type="cond" truecount="0" falsecount="2"/>
      <line num="54" count="0" type="stmt"/>
      <line num="55" count="0" type="stmt"/>
      <line num="57" count="0" type="stmt"/>
      <line num="60" count="0" type="stmt"/>
      <line num="61" count="0" type="stmt"/>
      <line num="62" count="0" type="stmt"/>
      <line num="65" count="0" type="stmt"/>
      <line num="66" count="0" type="stmt"/>
      <line num="67" count="0" type="stmt"/>
      <line num="68" count="0" type="stmt"/>
      <line num="71" count="0" type="cond" truecount="0" falsecount="2"/>
      <line num="72" count="0" type="stmt"/>
      <line num="73" count="0" type="stmt"/>
      <line num="74" count="0" type="cond" truecount="0" falsecount="2"/>
      <line num="75" count="0" type="stmt"/>
      <line num="77" count="0" type="stmt"/>
      <line num="79" count="0" type="stmt"/>
      <line num="84" count="0" type="stmt"/>
      <line num="85" count="0" type="stmt"/>
      <line num="86" count="0" type="stmt"/>
      <line num="88" count="0" type="cond" truecount="0" falsecount="2"/>
      <line num="89" count="0" type="stmt"/>
      <line num="90" count="0" type="stmt"/>
      <line num="91" count="0" type="stmt"/>
      <line num="95" count="0" type="cond" truecount="0" falsecount="2"/>
      <line num="96" count="0" type="stmt"/>
      <line num="97" count="0" type="stmt"/>
      <line num="98" count="0" type="stmt"/>
      <line num="103" count="0" type="stmt"/>
      <line num="104" count="0" type="stmt"/>
      <line num="106" count="0" type="cond" truecount="0" falsecount="2"/>
      <line num="107" count="0" type="stmt"/>
      <line num="108" count="0" type="stmt"/>
      <line num="112" count="0" type="stmt"/>
      <line num="113" count="0" type="stmt"/>
      <line num="114" count="0" type="stmt"/>
      <line num="117" count="0" type="stmt"/>
      <line num="118" count="0" type="cond" truecount="0" falsecount="2"/>
      <line num="119" count="0" type="stmt"/>
      <line num="123" count="0" type="cond" truecount="0" falsecount="2"/>
      <line num="124" count="0" type="stmt"/>
      <line num="125" count="0" type="cond" truecount="0" falsecount="2"/>
      <line num="126" count="0" type="stmt"/>
      <line num="127" count="0" type="cond" truecount="0" falsecount="2"/>
      <line num="128" count="0" type="stmt"/>
      <line num="129" count="0" type="cond" truecount="0" falsecount="2"/>
      <line num="130" count="0" type="stmt"/>
      <line num="131" count="0" type="cond" truecount="0" falsecount="2"/>
      <line num="132" count="0" type="stmt"/>
      <line num="136" count="0" type="stmt"/>
      <line num="137" count="0" type="stmt"/>
      <line num="138" count="0" type="stmt"/>
      <line num="139" count="0" type="stmt"/>
      <line num="141" count="0" type="cond" truecount="0" falsecount="4"/>
      <line num="143" count="0" type="stmt"/>
      <line num="144" count="0" type="cond" truecount="0" falsecount="4"/>
      <line num="146" count="0" type="stmt"/>
      <line num="147" count="0" type="cond" truecount="0" falsecount="4"/>
      <line num="149" count="0" type="stmt"/>
      <line num="150" count="0" type="cond" truecount="0" falsecount="4"/>
      <line num="152" count="0" type="stmt"/>
      <line num="155" count="0" type="stmt"/>
      <line num="156" count="0" type="cond" truecount="0" falsecount="4"/>
      <line num="157" count="0" type="stmt"/>
      <line num="158" count="0" type="stmt"/>
      <line num="159" count="0" type="stmt"/>
      <line num="160" count="0" type="stmt"/>
      <line num="164" count="0" type="stmt"/>
      <line num="165" count="0" type="stmt"/>
      <line num="168" count="0" type="stmt"/>
      <line num="169" count="0" type="stmt"/>
      <line num="170" count="0" type="cond" truecount="0" falsecount="2"/>
      <line num="171" count="0" type="stmt"/>
      <line num="173" count="0" type="stmt"/>
      <line num="178" count="0" type="stmt"/>
      <line num="179" count="0" type="stmt"/>
      <line num="180" count="0" type="stmt"/>
      <line num="181" count="0" type="stmt"/>
      <line num="182" count="0" type="stmt"/>
      <line num="183" count="0" type="stmt"/>
      <line num="184" count="0" type="stmt"/>
      <line num="188" count="0" type="cond" truecount="0" falsecount="2"/>
      <line num="189" count="0" type="stmt"/>
      <line num="190" count="0" type="cond" truecount="0" falsecount="2"/>
      <line num="192" count="0" type="cond" truecount="0" falsecount="2"/>
      <line num="193" count="0" type="stmt"/>
      <line num="195" count="0" type="cond" truecount="0" falsecount="2"/>
      <line num="196" count="0" type="stmt"/>
      <line num="197" count="0" type="cond" truecount="0" falsecount="2"/>
      <line num="199" count="0" type="cond" truecount="0" falsecount="2"/>
      <line num="200" count="0" type="cond" truecount="0" falsecount="2"/>
      <line num="204" count="0" type="stmt"/>
      <line num="205" count="0" type="cond" truecount="0" falsecount="4"/>
      <line num="206" count="0" type="stmt"/>
      <line num="207" count="0" type="stmt"/>
      <line num="208" count="0" type="stmt"/>
      <line num="209" count="0" type="stmt"/>
      <line num="214" count="0" type="stmt"/>
      <line num="218" count="0" type="stmt"/>
      <line num="219" count="0" type="cond" truecount="0" falsecount="2"/>
      <line num="220" count="0" type="stmt"/>
      <line num="221" count="0" type="cond" truecount="0" falsecount="2"/>
      <line num="222" count="0" type="cond" truecount="0" falsecount="2"/>
      <line num="223" count="0" type="cond" truecount="0" falsecount="2"/>
      <line num="225" count="0" type="stmt"/>
      <line num="231" count="0" type="stmt"/>
      <line num="236" count="0" type="stmt"/>
      <line num="237" count="0" type="cond" truecount="0" falsecount="2"/>
      <line num="239" count="0" type="stmt"/>
      <line num="240" count="0" type="cond" truecount="0" falsecount="2"/>
      <line num="241" count="0" type="cond" truecount="0" falsecount="2"/>
      <line num="243" count="0" type="stmt"/>
      <line num="244" count="0" type="cond" truecount="0" falsecount="2"/>
      <line num="245" count="0" type="stmt"/>
      <line num="252" count="0" type="stmt"/>
      <line num="253" count="0" type="cond" truecount="0" falsecount="2"/>
      <line num="254" count="0" type="stmt"/>
      <line num="259" count="0" type="stmt"/>
      <line num="260" count="0" type="stmt"/>
      <line num="261" count="0" type="stmt"/>
      <line num="262" count="0" type="stmt"/>
      <line num="264" count="0" type="cond" truecount="0" falsecount="2"/>
      <line num="265" count="0" type="stmt"/>
      <line num="266" count="0" type="stmt"/>
      <line num="267" count="0" type="stmt"/>
      <line num="268" count="0" type="stmt"/>
      <line num="269" count="0" type="stmt"/>
      <line num="271" count="0" type="stmt"/>
      <line num="272" count="0" type="stmt"/>
      <line num="273" count="0" type="stmt"/>
      <line num="279" count="0" type="cond" truecount="0" falsecount="5"/>
      <line num="281" count="0" type="stmt"/>
      <line num="282" count="0" type="stmt"/>
      <line num="283" count="0" type="stmt"/>
      <line num="285" count="0" type="stmt"/>
      <line num="286" count="0" type="stmt"/>
      <line num="288" count="0" type="stmt"/>
      <line num="289" count="0" type="stmt"/>
      <line num="291" count="0" type="stmt"/>
      <line num="292" count="0" type="stmt"/>
      <line num="294" count="0" type="stmt"/>
      <line num="295" count="0" type="stmt"/>
      <line num="300" count="0" type="stmt"/>
      <line num="301" count="0" type="stmt"/>
      <line num="302" count="0" type="stmt"/>
      <line num="304" count="0" type="cond" truecount="0" falsecount="5"/>
      <line num="305" count="0" type="cond" truecount="0" falsecount="2"/>
      <line num="306" count="0" type="stmt"/>
      <line num="307" count="0" type="stmt"/>
      <line num="308" count="0" type="stmt"/>
      <line num="310" count="0" type="stmt"/>
      <line num="316" count="0" type="stmt"/>
      <line num="317" count="0" type="stmt"/>
      <line num="318" count="0" type="stmt"/>
      <line num="319" count="0" type="cond" truecount="0" falsecount="2"/>
      <line num="320" count="0" type="stmt"/>
      <line num="322" count="0" type="stmt"/>
      <line num="325" count="0" type="stmt"/>
      <line num="326" count="0" type="stmt"/>
      <line num="329" count="0" type="stmt"/>
      <line num="331" count="0" type="stmt"/>
      <line num="332" count="0" type="stmt"/>
      <line num="334" count="0" type="stmt"/>
      <line num="335" count="0" type="stmt"/>
      <line num="336" count="0" type="cond" truecount="0" falsecount="2"/>
      <line num="337" count="0" type="cond" truecount="0" falsecount="2"/>
      <line num="339" count="0" type="stmt"/>
      <line num="340" count="0" type="stmt"/>
      <line num="342" count="0" type="stmt"/>
      <line num="343" count="0" type="stmt"/>
      <line num="346" count="0" type="cond" truecount="0" falsecount="2"/>
      <line num="347" count="0" type="stmt"/>
      <line num="352" count="0" type="stmt"/>
      <line num="353" count="0" type="stmt"/>
      <line num="355" count="0" type="stmt"/>
      <line num="358" count="0" type="stmt"/>
      <line num="359" count="0" type="stmt"/>
      <line num="360" count="0" type="stmt"/>
      <line num="363" count="0" type="cond" truecount="0" falsecount="2"/>
      <line num="364" count="0" type="stmt"/>
      <line num="368" count="0" type="stmt"/>
      <line num="369" count="0" type="cond" truecount="0" falsecount="2"/>
      <line num="370" count="0" type="stmt"/>
      <line num="373" count="0" type="stmt"/>
      <line num="375" count="0" type="stmt"/>
      <line num="377" count="0" type="stmt"/>
      <line num="378" count="0" type="cond" truecount="0" falsecount="2"/>
      <line num="379" count="0" type="stmt"/>
      <line num="381" count="0" type="stmt"/>
      <line num="382" count="0" type="stmt"/>
      <line num="385" count="0" type="stmt"/>
      <line num="389" count="0" type="stmt"/>
      <line num="390" count="0" type="cond" truecount="0" falsecount="2"/>
      <line num="391" count="0" type="stmt"/>
      <line num="394" count="0" type="cond" truecount="0" falsecount="4"/>
      <line num="395" count="0" type="stmt"/>
      <line num="398" count="0" type="stmt"/>
      <line num="402" count="0" type="stmt"/>
      <line num="403" count="0" type="cond" truecount="0" falsecount="2"/>
      <line num="405" count="0" type="stmt"/>
      <line num="406" count="0" type="stmt"/>
      <line num="407" count="0" type="stmt"/>
      <line num="410" count="0" type="cond" truecount="0" falsecount="2"/>
      <line num="411" count="0" type="stmt"/>
      <line num="413" count="0" type="stmt"/>
      <line num="416" count="0" type="stmt"/>
      <line num="417" count="0" type="cond" truecount="0" falsecount="5"/>
      <line num="419" count="0" type="stmt"/>
      <line num="420" count="0" type="stmt"/>
      <line num="422" count="0" type="stmt"/>
      <line num="423" count="0" type="stmt"/>
      <line num="425" count="0" type="stmt"/>
      <line num="426" count="0" type="stmt"/>
      <line num="428" count="0" type="stmt"/>
      <line num="429" count="0" type="stmt"/>
      <line num="431" count="0" type="stmt"/>
      <line num="432" count="0" type="stmt"/>
      <line num="435" count="0" type="stmt"/>
      <line num="440" count="0" type="stmt"/>
      <line num="441" count="0" type="stmt"/>
      <line num="442" count="0" type="stmt"/>
      <line num="444" count="0" type="stmt"/>
      <line num="445" count="0" type="stmt"/>
      <line num="446" count="0" type="stmt"/>
      <line num="449" count="0" type="stmt"/>
      <line num="450" count="0" type="stmt"/>
      <line num="453" count="0" type="stmt"/>
      <line num="455" count="0" type="stmt"/>
      <line num="456" count="0" type="cond" truecount="0" falsecount="4"/>
      <line num="457" count="0" type="cond" truecount="0" falsecount="4"/>
      <line num="458" count="0" type="stmt"/>
      <line num="460" count="0" type="stmt"/>
      <line num="464" count="0" type="stmt"/>
      <line num="465" count="0" type="cond" truecount="0" falsecount="4"/>
      <line num="466" count="0" type="cond" truecount="0" falsecount="2"/>
      <line num="467" count="0" type="stmt"/>
      <line num="468" count="0" type="cond" truecount="0" falsecount="2"/>
      <line num="469" count="0" type="stmt"/>
      <line num="471" count="0" type="stmt"/>
      <line num="475" count="0" type="cond" truecount="0" falsecount="2"/>
      <line num="476" count="0" type="cond" truecount="0" falsecount="2"/>
      <line num="477" count="0" type="stmt"/>
      <line num="478" count="0" type="cond" truecount="0" falsecount="2"/>
      <line num="479" count="0" type="stmt"/>
      <line num="481" count="0" type="stmt"/>
      <line num="485" count="0" type="cond" truecount="0" falsecount="2"/>
      <line num="486" count="0" type="cond" truecount="0" falsecount="2"/>
      <line num="487" count="0" type="stmt"/>
      <line num="489" count="0" type="stmt"/>
      <line num="493" count="0" type="cond" truecount="0" falsecount="2"/>
      <line num="494" count="0" type="cond" truecount="0" falsecount="2"/>
      <line num="495" count="0" type="stmt"/>
      <line num="496" count="0" type="cond" truecount="0" falsecount="2"/>
      <line num="497" count="0" type="stmt"/>
      <line num="499" count="0" type="stmt"/>
      <line num="501" count="0" type="cond" truecount="0" falsecount="2"/>
      <line num="502" count="0" type="cond" truecount="0" falsecount="2"/>
      <line num="503" count="0" type="stmt"/>
      <line num="504" count="0" type="stmt"/>
      <line num="505" count="0" type="stmt"/>
      <line num="506" count="0" type="stmt"/>
      <line num="507" count="0" type="cond" truecount="0" falsecount="2"/>
      <line num="508" count="0" type="stmt"/>
      <line num="509" count="0" type="stmt"/>
      <line num="510" count="0" type="stmt"/>
      <line num="511" count="0" type="cond" truecount="0" falsecount="2"/>
      <line num="512" count="0" type="stmt"/>
      <line num="515" count="0" type="cond" truecount="0" falsecount="2"/>
      <line num="516" count="0" type="stmt"/>
      <line num="517" count="0" type="cond" truecount="0" falsecount="4"/>
      <line num="518" count="0" type="stmt"/>
      <line num="519" count="0" type="stmt"/>
      <line num="522" count="0" type="cond" truecount="0" falsecount="2"/>
      <line num="523" count="0" type="stmt"/>
      <line num="524" count="0" type="cond" truecount="0" falsecount="2"/>
      <line num="525" count="0" type="cond" truecount="0" falsecount="2"/>
      <line num="526" count="0" type="stmt"/>
      <line num="527" count="0" type="stmt"/>
      <line num="528" count="0" type="cond" truecount="0" falsecount="2"/>
      <line num="529" count="0" type="stmt"/>
      <line num="531" count="0" type="stmt"/>
      <line num="535" count="0" type="stmt"/>
      <line num="538" count="0" type="cond" truecount="0" falsecount="2"/>
      <line num="539" count="0" type="stmt"/>
      <line num="540" count="0" type="stmt"/>
      <line num="542" count="0" type="cond" truecount="0" falsecount="2"/>
      <line num="543" count="0" type="stmt"/>
      <line num="544" count="0" type="cond" truecount="0" falsecount="4"/>
      <line num="545" count="0" type="stmt"/>
      <line num="546" count="0" type="stmt"/>
      <line num="549" count="0" type="stmt"/>
      <line num="550" count="0" type="stmt"/>
      <line num="552" count="0" type="cond" truecount="0" falsecount="4"/>
      <line num="553" count="0" type="stmt"/>
      <line num="554" count="0" type="cond" truecount="0" falsecount="2"/>
      <line num="555" count="0" type="stmt"/>
      <line num="556" count="0" type="stmt"/>
      <line num="558" count="0" type="stmt"/>
      <line num="559" count="0" type="stmt"/>
      <line num="560" count="0" type="stmt"/>
      <line num="561" count="0" type="cond" truecount="0" falsecount="2"/>
      <line num="562" count="0" type="stmt"/>
      <line num="563" count="0" type="cond" truecount="0" falsecount="2"/>
      <line num="564" count="0" type="stmt"/>
      <line num="568" count="0" type="cond" truecount="0" falsecount="2"/>
      <line num="569" count="0" type="stmt"/>
      <line num="570" count="0" type="cond" truecount="0" falsecount="4"/>
      <line num="571" count="0" type="stmt"/>
      <line num="572" count="0" type="stmt"/>
      <line num="575" count="0" type="cond" truecount="0" falsecount="2"/>
      <line num="576" count="0" type="stmt"/>
      <line num="577" count="0" type="cond" truecount="0" falsecount="2"/>
      <line num="578" count="0" type="stmt"/>
      <line num="579" count="0" type="cond" truecount="0" falsecount="4"/>
      <line num="581" count="0" type="stmt"/>
      <line num="583" count="0" type="stmt"/>
      <line num="584" count="0" type="stmt"/>
      <line num="586" count="0" type="cond" truecount="0" falsecount="2"/>
      <line num="587" count="0" type="stmt"/>
      <line num="588" count="0" type="cond" truecount="0" falsecount="4"/>
      <line num="589" count="0" type="cond" truecount="0" falsecount="2"/>
      <line num="590" count="0" type="stmt"/>
      <line num="591" count="0" type="cond" truecount="0" falsecount="2"/>
      <line num="592" count="0" type="stmt"/>
      <line num="594" count="0" type="stmt"/>
      <line num="596" count="0" type="cond" truecount="0" falsecount="2"/>
      <line num="597" count="0" type="cond" truecount="0" falsecount="2"/>
      <line num="598" count="0" type="stmt"/>
      <line num="599" count="0" type="cond" truecount="0" falsecount="2"/>
      <line num="600" count="0" type="stmt"/>
      <line num="601" count="0" type="stmt"/>
      <line num="608" count="0" type="stmt"/>
      <line num="609" count="0" type="stmt"/>
      <line num="610" count="0" type="stmt"/>
      <line num="611" count="0" type="stmt"/>
      <line num="612" count="0" type="stmt"/>
      <line num="613" count="0" type="stmt"/>
      <line num="614" count="0" type="stmt"/>
      <line num="615" count="0" type="stmt"/>
      <line num="617" count="0" type="stmt"/>
      <line num="618" count="0" type="stmt"/>
      <line num="619" count="0" type="stmt"/>
      <line num="620" count="0" type="stmt"/>
      <line num="623" count="0" type="stmt"/>
      <line num="624" count="0" type="cond" truecount="0" falsecount="2"/>
      <line num="625" count="0" type="stmt"/>
      <line num="629" count="0" type="stmt"/>
      <line num="630" count="0" type="stmt"/>
      <line num="633" count="0" type="stmt"/>
      <line num="634" count="0" type="stmt"/>
      <line num="635" count="0" type="stmt"/>
      <line num="638" count="0" type="stmt"/>
      <line num="639" count="0" type="stmt"/>
      <line num="640" count="0" type="stmt"/>
      <line num="641" count="0" type="cond" truecount="0" falsecount="2"/>
      <line num="642" count="0" type="stmt"/>
      <line num="650" count="0" type="stmt"/>
      <line num="651" count="0" type="stmt"/>
      <line num="653" count="0" type="stmt"/>
      <line num="657" count="0" type="stmt"/>
      <line num="659" count="0" type="stmt"/>
      <line num="670" count="0" type="stmt"/>
      <line num="671" count="0" type="stmt"/>
      <line num="672" count="0" type="stmt"/>
      <line num="673" count="0" type="stmt"/>
      <line num="674" count="0" type="stmt"/>
      <line num="675" count="0" type="cond" truecount="0" falsecount="4"/>
      <line num="676" count="0" type="stmt"/>
      <line num="678" count="0" type="stmt"/>
      <line num="682" count="0" type="cond" truecount="0" falsecount="5"/>
      <line num="684" count="0" type="stmt"/>
      <line num="685" count="0" type="stmt"/>
      <line num="686" count="0" type="stmt"/>
      <line num="688" count="0" type="stmt"/>
      <line num="689" count="0" type="stmt"/>
      <line num="692" count="0" type="cond" truecount="0" falsecount="2"/>
      <line num="693" count="0" type="stmt"/>
      <line num="724" count="0" type="stmt"/>
      <line num="725" count="0" type="stmt"/>
      <line num="726" count="0" type="stmt"/>
      <line num="729" count="0" type="stmt"/>
      <line num="730" count="0" type="stmt"/>
      <line num="732" count="0" type="cond" truecount="0" falsecount="2"/>
      <line num="733" count="0" type="stmt"/>
      <line num="740" count="0" type="cond" truecount="0" falsecount="2"/>
      <line num="741" count="0" type="stmt"/>
      <line num="752" count="0" type="stmt"/>
      <line num="755" count="0" type="stmt"/>
      <line num="756" count="0" type="stmt"/>
      <line num="757" count="0" type="stmt"/>
      <line num="760" count="0" type="stmt"/>
      <line num="761" count="0" type="cond" truecount="0" falsecount="2"/>
      <line num="762" count="0" type="stmt"/>
      <line num="767" count="0" type="cond" truecount="0" falsecount="4"/>
      <line num="768" count="0" type="stmt"/>
      <line num="770" count="0" type="stmt"/>
      <line num="771" count="0" type="stmt"/>
      <line num="772" count="0" type="stmt"/>
      <line num="774" count="0" type="cond" truecount="0" falsecount="2"/>
      <line num="775" count="0" type="cond" truecount="0" falsecount="2"/>
      <line num="777" count="0" type="cond" truecount="0" falsecount="2"/>
      <line num="778" count="0" type="cond" truecount="0" falsecount="2"/>
      <line num="779" count="0" type="stmt"/>
      <line num="781" count="0" type="stmt"/>
      <line num="784" count="0" type="stmt"/>
      <line num="785" count="0" type="cond" truecount="0" falsecount="2"/>
      <line num="786" count="0" type="stmt"/>
      <line num="787" count="0" type="stmt"/>
      <line num="790" count="0" type="stmt"/>
      <line num="791" count="0" type="stmt"/>
      <line num="792" count="0" type="cond" truecount="0" falsecount="2"/>
      <line num="793" count="0" type="cond" truecount="0" falsecount="2"/>
      <line num="794" count="0" type="stmt"/>
      <line num="799" count="0" type="cond" truecount="0" falsecount="2"/>
      <line num="801" count="0" type="cond" truecount="0" falsecount="2"/>
      <line num="802" count="0" type="stmt"/>
      <line num="803" count="0" type="stmt"/>
      <line num="806" count="0" type="stmt"/>
      <line num="808" count="0" type="stmt"/>
      <line num="809" count="0" type="stmt"/>
      <line num="810" count="0" type="stmt"/>
      <line num="812" count="0" type="cond" truecount="0" falsecount="2"/>
      <line num="813" count="0" type="cond" truecount="0" falsecount="2"/>
      <line num="815" count="0" type="cond" truecount="0" falsecount="2"/>
      <line num="816" count="0" type="cond" truecount="0" falsecount="2"/>
      <line num="817" count="0" type="stmt"/>
      <line num="819" count="0" type="stmt"/>
      <line num="822" count="0" type="stmt"/>
      <line num="823" count="0" type="cond" truecount="0" falsecount="2"/>
      <line num="824" count="0" type="stmt"/>
      <line num="825" count="0" type="stmt"/>
      <line num="828" count="0" type="stmt"/>
      <line num="829" count="0" type="stmt"/>
      <line num="830" count="0" type="cond" truecount="0" falsecount="2"/>
      <line num="831" count="0" type="cond" truecount="0" falsecount="2"/>
      <line num="832" count="0" type="stmt"/>
      <line num="837" count="0" type="cond" truecount="0" falsecount="2"/>
      <line num="838" count="0" type="stmt"/>
      <line num="839" count="0" type="cond" truecount="0" falsecount="2"/>
      <line num="840" count="0" type="stmt"/>
      <line num="845" count="0" type="cond" truecount="0" falsecount="2"/>
      <line num="846" count="0" type="stmt"/>
      <line num="847" count="0" type="stmt"/>
      <line num="849" count="0" type="stmt"/>
      <line num="850" count="0" type="stmt"/>
      <line num="852" count="0" type="stmt"/>
      <line num="854" count="0" type="cond" truecount="0" falsecount="2"/>
      <line num="855" count="0" type="stmt"/>
      <line num="857" count="0" type="stmt"/>
      <line num="862" count="0" type="stmt"/>
      <line num="863" count="0" type="stmt"/>
      <line num="864" count="0" type="stmt"/>
      <line num="866" count="0" type="cond" truecount="0" falsecount="2"/>
      <line num="867" count="0" type="stmt"/>
      <line num="874" count="0" type="cond" truecount="0" falsecount="2"/>
      <line num="875" count="0" type="stmt"/>
      <line num="887" count="0" type="stmt"/>
      <line num="888" count="0" type="stmt"/>
      <line num="889" count="0" type="stmt"/>
      <line num="894" count="0" type="stmt"/>
      <line num="895" count="0" type="stmt"/>
      <line num="896" count="0" type="stmt"/>
      <line num="897" count="0" type="stmt"/>
      <line num="901" count="0" type="stmt"/>
      <line num="902" count="0" type="stmt"/>
      <line num="904" count="0" type="cond" truecount="0" falsecount="2"/>
      <line num="905" count="0" type="stmt"/>
      <line num="913" count="0" type="stmt"/>
      <line num="914" count="0" type="stmt"/>
      <line num="915" count="0" type="stmt"/>
      <line num="920" count="0" type="stmt"/>
      <line num="921" count="0" type="stmt"/>
      <line num="923" count="0" type="stmt"/>
      <line num="924" count="0" type="cond" truecount="0" falsecount="2"/>
      <line num="925" count="0" type="stmt"/>
      <line num="926" count="0" type="stmt"/>
      <line num="927" count="0" type="stmt"/>
      <line num="928" count="0" type="stmt"/>
      <line num="952" count="0" type="stmt"/>
      <line num="955" count="0" type="stmt"/>
      <line num="956" count="0" type="stmt"/>
      <line num="957" count="0" type="stmt"/>
      <line num="959" count="0" type="stmt"/>
      <line num="960" count="0" type="stmt"/>
      <line num="961" count="0" type="stmt"/>
      <line num="966" count="0" type="stmt"/>
      <line num="967" count="0" type="stmt"/>
      <line num="968" count="0" type="stmt"/>
      <line num="969" count="0" type="stmt"/>
      <line num="971" count="0" type="stmt"/>
      <line num="972" count="0" type="stmt"/>
      <line num="975" count="0" type="stmt"/>
      <line num="976" count="0" type="stmt"/>
      <line num="977" count="0" type="cond" truecount="0" falsecount="2"/>
      <line num="978" count="0" type="stmt"/>
      <line num="979" count="0" type="stmt"/>
      <line num="980" count="0" type="stmt"/>
      <line num="981" count="0" type="stmt"/>
      <line num="983" count="0" type="stmt"/>
      <line num="984" count="0" type="stmt"/>
      <line num="985" count="0" type="stmt"/>
      <line num="988" count="0" type="stmt"/>
      <line num="989" count="0" type="stmt"/>
      <line num="990" count="0" type="stmt"/>
      <line num="991" count="0" type="stmt"/>
      <line num="992" count="0" type="stmt"/>
      <line num="993" count="0" type="stmt"/>
      <line num="994" count="0" type="stmt"/>
      <line num="1001" count="0" type="stmt"/>
      <line num="1005" count="0" type="stmt"/>
      <line num="1009" count="0" type="stmt"/>
      <line num="1020" count="0" type="stmt"/>
      <line num="1021" count="0" type="stmt"/>
      <line num="1022" count="0" type="stmt"/>
      <line num="1023" count="0" type="stmt"/>
      <line num="1024" count="0" type="stmt"/>
      <line num="1025" count="0" type="stmt"/>
      <line num="1026" count="0" type="stmt"/>
      <line num="1028" count="0" type="cond" truecount="0" falsecount="4"/>
      <line num="1029" count="0" type="stmt"/>
      <line num="1031" count="0" type="stmt"/>
      <line num="1035" count="0" type="cond" truecount="0" falsecount="5"/>
      <line num="1036" count="0" type="stmt"/>
      <line num="1037" count="0" type="stmt"/>
      <line num="1038" count="0" type="stmt"/>
      <line num="1040" count="0" type="stmt"/>
      <line num="1041" count="0" type="stmt"/>
      <line num="1044" count="0" type="stmt"/>
      <line num="1047" count="0" type="cond" truecount="0" falsecount="2"/>
      <line num="1048" count="0" type="stmt"/>
      <line num="1051" count="0" type="cond" truecount="0" falsecount="2"/>
      <line num="1052" count="0" type="stmt"/>
      <line num="1053" count="0" type="stmt"/>
      <line num="1054" count="0" type="stmt"/>
      <line num="1055" count="0" type="stmt"/>
      <line num="1063" count="0" type="stmt"/>
      <line num="1084" count="0" type="stmt"/>
      <line num="1085" count="0" type="stmt"/>
      <line num="1086" count="0" type="stmt"/>
      <line num="1088" count="0" type="stmt"/>
      <line num="1089" count="0" type="stmt"/>
      <line num="1090" count="0" type="stmt"/>
      <line num="1091" count="0" type="cond" truecount="0" falsecount="2"/>
      <line num="1092" count="0" type="cond" truecount="0" falsecount="2"/>
      <line num="1093" count="0" type="stmt"/>
      <line num="1094" count="0" type="stmt"/>
      <line num="1097" count="0" type="stmt"/>
      <line num="1098" count="0" type="stmt"/>
      <line num="1099" count="0" type="stmt"/>
      <line num="1100" count="0" type="stmt"/>
      <line num="1101" count="0" type="stmt"/>
      <line num="1102" count="0" type="stmt"/>
      <line num="1105" count="0" type="cond" truecount="0" falsecount="2"/>
      <line num="1106" count="0" type="stmt"/>
      <line num="1109" count="0" type="stmt"/>
      <line num="1110" count="0" type="stmt"/>
      <line num="1111" count="0" type="stmt"/>
      <line num="1112" count="0" type="stmt"/>
      <line num="1115" count="0" type="stmt"/>
      <line num="1116" count="0" type="stmt"/>
      <line num="1117" count="0" type="stmt"/>
      <line num="1118" count="0" type="stmt"/>
      <line num="1119" count="0" type="stmt"/>
      <line num="1120" count="0" type="stmt"/>
      <line num="1121" count="0" type="stmt"/>
      <line num="1122" count="0" type="stmt"/>
      <line num="1123" count="0" type="stmt"/>
      <line num="1124" count="0" type="stmt"/>
      <line num="1126" count="0" type="stmt"/>
      <line num="1130" count="0" type="stmt"/>
      <line num="1131" count="0" type="stmt"/>
      <line num="1132" count="0" type="stmt"/>
      <line num="1133" count="0" type="stmt"/>
      <line num="1134" count="0" type="stmt"/>
      <line num="1142" count="0" type="cond" truecount="0" falsecount="2"/>
      <line num="1143" count="0" type="stmt"/>
      <line num="1146" count="0" type="stmt"/>
      <line num="1155" count="0" type="stmt"/>
      <line num="1156" count="0" type="stmt"/>
      <line num="1158" count="0" type="stmt"/>
      <line num="1159" count="0" type="cond" truecount="0" falsecount="2"/>
      <line num="1160" count="0" type="cond" truecount="0" falsecount="2"/>
      <line num="1161" count="0" type="stmt"/>
      <line num="1162" count="0" type="stmt"/>
      <line num="1164" count="0" type="stmt"/>
      <line num="1165" count="0" type="stmt"/>
      <line num="1170" count="0" type="stmt"/>
      <line num="1171" count="0" type="stmt"/>
      <line num="1173" count="0" type="cond" truecount="0" falsecount="2"/>
      <line num="1174" count="0" type="cond" truecount="0" falsecount="2"/>
      <line num="1175" count="0" type="stmt"/>
      <line num="1178" count="0" type="cond" truecount="0" falsecount="2"/>
      <line num="1179" count="0" type="stmt"/>
      <line num="1184" count="0" type="cond" truecount="0" falsecount="2"/>
      <line num="1185" count="0" type="stmt"/>
      <line num="1189" count="0" type="stmt"/>
      <line num="1190" count="0" type="stmt"/>
      <line num="1191" count="0" type="stmt"/>
      <line num="1192" count="0" type="stmt"/>
      <line num="1194" count="0" type="cond" truecount="0" falsecount="2"/>
      <line num="1195" count="0" type="stmt"/>
      <line num="1200" count="0" type="cond" truecount="0" falsecount="2"/>
      <line num="1201" count="0" type="stmt"/>
      <line num="1202" count="0" type="cond" truecount="0" falsecount="2"/>
      <line num="1204" count="0" type="stmt"/>
      <line num="1207" count="0" type="stmt"/>
      <line num="1208" count="0" type="stmt"/>
      <line num="1209" count="0" type="stmt"/>
      <line num="1216" count="0" type="stmt"/>
      <line num="1217" count="0" type="cond" truecount="0" falsecount="4"/>
      <line num="1220" count="0" type="stmt"/>
      <line num="1223" count="0" type="cond" truecount="0" falsecount="2"/>
      <line num="1224" count="0" type="stmt"/>
      <line num="1225" count="0" type="stmt"/>
      <line num="1226" count="0" type="stmt"/>
      <line num="1228" count="0" type="stmt"/>
      <line num="1233" count="0" type="cond" truecount="0" falsecount="2"/>
      <line num="1234" count="0" type="stmt"/>
      <line num="1235" count="0" type="stmt"/>
      <line num="1236" count="0" type="stmt"/>
      <line num="1249" count="0" type="stmt"/>
      <line num="1250" count="0" type="stmt"/>
      <line num="1253" count="0" type="stmt"/>
      <line num="1256" count="0" type="stmt"/>
      <line num="1257" count="0" type="stmt"/>
      <line num="1258" count="0" type="stmt"/>
      <line num="1259" count="0" type="stmt"/>
      <line num="1267" count="0" type="stmt"/>
      <line num="1272" count="0" type="stmt"/>
      <line num="1273" count="0" type="stmt"/>
      <line num="1275" count="0" type="cond" truecount="0" falsecount="2"/>
      <line num="1276" count="0" type="stmt"/>
      <line num="1285" count="0" type="stmt"/>
      <line num="1286" count="0" type="stmt"/>
      <line num="1287" count="0" type="stmt"/>
      <line num="1288" count="0" type="stmt"/>
      <line num="1293" count="0" type="stmt"/>
      <line num="1294" count="0" type="stmt"/>
      <line num="1295" count="0" type="stmt"/>
      <line num="1296" count="0" type="cond" truecount="0" falsecount="2"/>
      <line num="1297" count="0" type="cond" truecount="0" falsecount="2"/>
      <line num="1298" count="0" type="stmt"/>
      <line num="1299" count="0" type="stmt"/>
      <line num="1301" count="0" type="stmt"/>
      <line num="1302" count="0" type="stmt"/>
      <line num="1303" count="0" type="stmt"/>
      <line num="1304" count="0" type="stmt"/>
      <line num="1305" count="0" type="stmt"/>
      <line num="1306" count="0" type="stmt"/>
      <line num="1309" count="0" type="cond" truecount="0" falsecount="2"/>
      <line num="1310" count="0" type="stmt"/>
      <line num="1315" count="0" type="stmt"/>
      <line num="1316" count="0" type="stmt"/>
      <line num="1317" count="0" type="stmt"/>
      <line num="1320" count="0" type="stmt"/>
      <line num="1321" count="0" type="stmt"/>
      <line num="1322" count="0" type="cond" truecount="0" falsecount="2"/>
      <line num="1326" count="0" type="stmt"/>
      <line num="1328" count="0" type="stmt"/>
      <line num="1329" count="0" type="cond" truecount="0" falsecount="2"/>
      <line num="1330" count="0" type="stmt"/>
      <line num="1335" count="0" type="stmt"/>
      <line num="1336" count="0" type="stmt"/>
      <line num="1337" count="0" type="stmt"/>
      <line num="1338" count="0" type="stmt"/>
      <line num="1341" count="0" type="stmt"/>
      <line num="1342" count="0" type="cond" truecount="0" falsecount="2"/>
      <line num="1346" count="0" type="cond" truecount="0" falsecount="2"/>
      <line num="1347" count="0" type="cond" truecount="0" falsecount="2"/>
      <line num="1348" count="0" type="stmt"/>
      <line num="1349" count="0" type="cond" truecount="0" falsecount="2"/>
      <line num="1350" count="0" type="stmt"/>
      <line num="1352" count="0" type="stmt"/>
      <line num="1360" count="0" type="stmt"/>
      <line num="1361" count="0" type="stmt"/>
      <line num="1362" count="0" type="stmt"/>
      <line num="1363" count="0" type="stmt"/>
      <line num="1367" count="0" type="stmt"/>
      <line num="1368" count="0" type="stmt"/>
      <line num="1369" count="0" type="stmt"/>
      <line num="1370" count="0" type="stmt"/>
      <line num="1375" count="0" type="cond" truecount="0" falsecount="4"/>
      <line num="1376" count="0" type="stmt"/>
      <line num="1378" count="0" type="stmt"/>
      <line num="1381" count="0" type="stmt"/>
      <line num="1382" count="0" type="stmt"/>
      <line num="1383" count="0" type="stmt"/>
      <line num="1384" count="0" type="stmt"/>
      <line num="1388" count="0" type="stmt"/>
      <line num="1389" count="0" type="stmt"/>
      <line num="1390" count="0" type="stmt"/>
      <line num="1391" count="0" type="stmt"/>
      <line num="1404" count="0" type="stmt"/>
      <line num="1405" count="0" type="stmt"/>
      <line num="1406" count="0" type="stmt"/>
      <line num="1407" count="0" type="stmt"/>
      <line num="1408" count="0" type="cond" truecount="0" falsecount="4"/>
      <line num="1409" count="0" type="stmt"/>
      <line num="1411" count="0" type="stmt"/>
      <line num="1412" count="0" type="stmt"/>
      <line num="1413" count="0" type="cond" truecount="0" falsecount="2"/>
      <line num="1414" count="0" type="stmt"/>
      <line num="1419" count="0" type="cond" truecount="0" falsecount="5"/>
      <line num="1420" count="0" type="stmt"/>
      <line num="1421" count="0" type="stmt"/>
      <line num="1422" count="0" type="stmt"/>
      <line num="1424" count="0" type="stmt"/>
      <line num="1425" count="0" type="stmt"/>
      <line num="1427" count="0" type="cond" truecount="0" falsecount="2"/>
      <line num="1428" count="0" type="stmt"/>
      <line num="1446" count="0" type="stmt"/>
      <line num="1447" count="0" type="stmt"/>
      <line num="1448" count="0" type="stmt"/>
      <line num="1458" count="0" type="stmt"/>
      <line num="1459" count="0" type="stmt"/>
      <line num="1461" count="0" type="stmt"/>
      <line num="1462" count="0" type="stmt"/>
      <line num="1463" count="0" type="stmt"/>
      <line num="1464" count="0" type="stmt"/>
      <line num="1465" count="0" type="stmt"/>
      <line num="1467" count="0" type="stmt"/>
      <line num="1468" count="0" type="cond" truecount="0" falsecount="2"/>
      <line num="1469" count="0" type="cond" truecount="0" falsecount="2"/>
      <line num="1470" count="0" type="stmt"/>
      <line num="1471" count="0" type="stmt"/>
      <line num="1474" count="0" type="stmt"/>
      <line num="1475" count="0" type="stmt"/>
      <line num="1476" count="0" type="stmt"/>
      <line num="1477" count="0" type="stmt"/>
      <line num="1478" count="0" type="stmt"/>
      <line num="1479" count="0" type="stmt"/>
      <line num="1482" count="0" type="cond" truecount="0" falsecount="2"/>
      <line num="1483" count="0" type="stmt"/>
      <line num="1489" count="0" type="stmt"/>
      <line num="1490" count="0" type="stmt"/>
      <line num="1492" count="0" type="cond" truecount="0" falsecount="2"/>
      <line num="1493" count="0" type="stmt"/>
      <line num="1496" count="0" type="stmt"/>
      <line num="1497" count="0" type="stmt"/>
      <line num="1499" count="0" type="cond" truecount="0" falsecount="2"/>
      <line num="1500" count="0" type="stmt"/>
      <line num="1501" count="0" type="stmt"/>
      <line num="1502" count="0" type="stmt"/>
      <line num="1503" count="0" type="stmt"/>
      <line num="1504" count="0" type="stmt"/>
      <line num="1506" count="0" type="stmt"/>
      <line num="1507" count="0" type="stmt"/>
      <line num="1508" count="0" type="stmt"/>
      <line num="1509" count="0" type="stmt"/>
      <line num="1510" count="0" type="stmt"/>
      <line num="1512" count="0" type="stmt"/>
      <line num="1513" count="0" type="stmt"/>
      <line num="1517" count="0" type="stmt"/>
      <line num="1518" count="0" type="cond" truecount="0" falsecount="2"/>
      <line num="1519" count="0" type="cond" truecount="0" falsecount="2"/>
      <line num="1520" count="0" type="stmt"/>
      <line num="1521" count="0" type="stmt"/>
      <line num="1523" count="0" type="stmt"/>
      <line num="1524" count="0" type="stmt"/>
      <line num="1526" count="0" type="stmt"/>
      <line num="1527" count="0" type="stmt"/>
      <line num="1528" count="0" type="stmt"/>
      <line num="1535" count="0" type="cond" truecount="0" falsecount="2"/>
      <line num="1536" count="0" type="stmt"/>
      <line num="1537" count="0" type="stmt"/>
      <line num="1542" count="0" type="cond" truecount="0" falsecount="2"/>
      <line num="1543" count="0" type="stmt"/>
      <line num="1544" count="0" type="stmt"/>
      <line num="1546" count="0" type="stmt"/>
      <line num="1551" count="0" type="stmt"/>
      <line num="1552" count="0" type="cond" truecount="0" falsecount="4"/>
      <line num="1553" count="0" type="stmt"/>
      <line num="1555" count="0" type="stmt"/>
      <line num="1560" count="0" type="stmt"/>
      <line num="1561" count="0" type="stmt"/>
      <line num="1563" count="0" type="cond" truecount="0" falsecount="2"/>
      <line num="1564" count="0" type="stmt"/>
      <line num="1573" count="0" type="stmt"/>
      <line num="1574" count="0" type="stmt"/>
      <line num="1575" count="0" type="stmt"/>
      <line num="1576" count="0" type="stmt"/>
      <line num="1581" count="0" type="stmt"/>
      <line num="1582" count="0" type="cond" truecount="0" falsecount="2"/>
      <line num="1583" count="0" type="stmt"/>
      <line num="1584" count="0" type="stmt"/>
      <line num="1585" count="0" type="stmt"/>
      <line num="1586" count="0" type="stmt"/>
      <line num="1589" count="0" type="cond" truecount="0" falsecount="4"/>
      <line num="1590" count="0" type="stmt"/>
      <line num="1591" count="0" type="stmt"/>
      <line num="1592" count="0" type="stmt"/>
      <line num="1593" count="0" type="cond" truecount="0" falsecount="2"/>
      <line num="1594" count="0" type="stmt"/>
      <line num="1596" count="0" type="stmt"/>
      <line num="1599" count="0" type="stmt"/>
      <line num="1600" count="0" type="stmt"/>
      <line num="1601" count="0" type="stmt"/>
      <line num="1607" count="0" type="stmt"/>
      <line num="1608" count="0" type="stmt"/>
      <line num="1610" count="0" type="stmt"/>
      <line num="1611" count="0" type="stmt"/>
      <line num="1612" count="0" type="stmt"/>
      <line num="1615" count="0" type="stmt"/>
      <line num="1616" count="0" type="stmt"/>
      <line num="1617" count="0" type="stmt"/>
      <line num="1619" count="0" type="stmt"/>
      <line num="1620" count="0" type="stmt"/>
      <line num="1623" count="0" type="cond" truecount="0" falsecount="2"/>
      <line num="1624" count="0" type="cond" truecount="0" falsecount="2"/>
      <line num="1625" count="0" type="cond" truecount="0" falsecount="2"/>
      <line num="1626" count="0" type="cond" truecount="0" falsecount="2"/>
      <line num="1627" count="0" type="stmt"/>
      <line num="1628" count="0" type="cond" truecount="0" falsecount="2"/>
      <line num="1629" count="0" type="stmt"/>
      <line num="1630" count="0" type="cond" truecount="0" falsecount="2"/>
      <line num="1631" count="0" type="stmt"/>
      <line num="1634" count="0" type="cond" truecount="0" falsecount="2"/>
      <line num="1635" count="0" type="stmt"/>
      <line num="1636" count="0" type="cond" truecount="0" falsecount="2"/>
      <line num="1637" count="0" type="stmt"/>
      <line num="1638" count="0" type="cond" truecount="0" falsecount="2"/>
      <line num="1639" count="0" type="stmt"/>
      <line num="1641" count="0" type="cond" truecount="0" falsecount="2"/>
      <line num="1642" count="0" type="stmt"/>
      <line num="1643" count="0" type="cond" truecount="0" falsecount="4"/>
      <line num="1644" count="0" type="stmt"/>
      <line num="1646" count="0" type="cond" truecount="0" falsecount="2"/>
      <line num="1652" count="0" type="cond" truecount="0" falsecount="2"/>
      <line num="1653" count="0" type="cond" truecount="0" falsecount="2"/>
      <line num="1654" count="0" type="stmt"/>
      <line num="1677" count="0" type="stmt"/>
      <line num="1678" count="0" type="stmt"/>
      <line num="1679" count="0" type="stmt"/>
      <line num="1682" count="0" type="stmt"/>
      <line num="1683" count="0" type="stmt"/>
      <line num="1684" count="0" type="stmt"/>
      <line num="1685" count="0" type="stmt"/>
      <line num="1686" count="0" type="stmt"/>
      <line num="1687" count="0" type="stmt"/>
      <line num="1688" count="0" type="stmt"/>
      <line num="1689" count="0" type="stmt"/>
      <line num="1692" count="0" type="stmt"/>
      <line num="1693" count="0" type="stmt"/>
      <line num="1694" count="0" type="cond" truecount="0" falsecount="2"/>
      <line num="1695" count="0" type="stmt"/>
      <line num="1697" count="0" type="stmt"/>
      <line num="1700" count="0" type="stmt"/>
      <line num="1701" count="0" type="stmt"/>
      <line num="1704" count="0" type="stmt"/>
      <line num="1705" count="0" type="cond" truecount="0" falsecount="2"/>
      <line num="1706" count="0" type="stmt"/>
      <line num="1711" count="0" type="stmt"/>
      <line num="1715" count="0" type="stmt"/>
      <line num="1716" count="0" type="stmt"/>
      <line num="1719" count="0" type="stmt"/>
      <line num="1721" count="0" type="cond" truecount="0" falsecount="2"/>
      <line num="1722" count="0" type="stmt"/>
      <line num="1727" count="0" type="stmt"/>
      <line num="1728" count="0" type="cond" truecount="0" falsecount="2"/>
      <line num="1729" count="0" type="stmt"/>
      <line num="1730" count="0" type="stmt"/>
      <line num="1735" count="0" type="stmt"/>
      <line num="1736" count="0" type="stmt"/>
      <line num="1737" count="0" type="stmt"/>
      <line num="1739" count="0" type="stmt"/>
      <line num="1741" count="0" type="stmt"/>
      <line num="1742" count="0" type="cond" truecount="0" falsecount="2"/>
      <line num="1743" count="0" type="stmt"/>
      <line num="1744" count="0" type="cond" truecount="0" falsecount="2"/>
      <line num="1745" count="0" type="stmt"/>
      <line num="1747" count="0" type="stmt"/>
      <line num="1750" count="0" type="stmt"/>
      <line num="1751" count="0" type="stmt"/>
      <line num="1752" count="0" type="stmt"/>
      <line num="1756" count="0" type="stmt"/>
      <line num="1757" count="0" type="stmt"/>
      <line num="1777" count="0" type="stmt"/>
      <line num="1778" count="0" type="stmt"/>
      <line num="1779" count="0" type="stmt"/>
      <line num="1780" count="0" type="stmt"/>
      <line num="1784" count="0" type="stmt"/>
      <line num="1785" count="0" type="stmt"/>
      <line num="1787" count="0" type="stmt"/>
      <line num="1788" count="0" type="stmt"/>
      <line num="1789" count="0" type="cond" truecount="0" falsecount="2"/>
      <line num="1791" count="0" type="stmt"/>
      <line num="1792" count="0" type="cond" truecount="0" falsecount="2"/>
      <line num="1795" count="0" type="stmt"/>
      <line num="1796" count="0" type="cond" truecount="0" falsecount="2"/>
      <line num="1799" count="0" type="stmt"/>
      <line num="1801" count="0" type="cond" truecount="0" falsecount="2"/>
      <line num="1802" count="0" type="stmt"/>
      <line num="1803" count="0" type="stmt"/>
      <line num="1804" count="0" type="stmt"/>
      <line num="1806" count="0" type="stmt"/>
      <line num="1807" count="0" type="stmt"/>
      <line num="1808" count="0" type="stmt"/>
      <line num="1809" count="0" type="stmt"/>
      <line num="1813" count="0" type="cond" truecount="0" falsecount="4"/>
      <line num="1814" count="0" type="stmt"/>
      <line num="1816" count="0" type="stmt"/>
      <line num="1817" count="0" type="stmt"/>
      <line num="1818" count="0" type="stmt"/>
      <line num="1822" count="0" type="cond" truecount="0" falsecount="2"/>
      <line num="1823" count="0" type="stmt"/>
      <line num="1824" count="0" type="stmt"/>
      <line num="1825" count="0" type="stmt"/>
      <line num="1828" count="0" type="cond" truecount="0" falsecount="2"/>
      <line num="1829" count="0" type="stmt"/>
      <line num="1830" count="0" type="stmt"/>
      <line num="1831" count="0" type="stmt"/>
      <line num="1833" count="0" type="cond" truecount="0" falsecount="4"/>
      <line num="1834" count="0" type="stmt"/>
      <line num="1835" count="0" type="stmt"/>
      <line num="1846" count="0" type="stmt"/>
      <line num="1852" count="0" type="stmt"/>
      <line num="1853" count="0" type="stmt"/>
      <line num="1854" count="0" type="stmt"/>
      <line num="1859" count="0" type="stmt"/>
      <line num="1860" count="0" type="stmt"/>
      <line num="1861" count="0" type="stmt"/>
      <line num="1863" count="0" type="stmt"/>
      <line num="1867" count="0" type="stmt"/>
      <line num="1871" count="0" type="stmt"/>
      <line num="1875" count="0" type="stmt"/>
      <line num="1876" count="0" type="stmt"/>
      <line num="1877" count="0" type="cond" truecount="0" falsecount="2"/>
      <line num="1879" count="0" type="stmt"/>
      <line num="1880" count="0" type="stmt"/>
      <line num="1883" count="0" type="cond" truecount="0" falsecount="3"/>
      <line num="1884" count="0" type="stmt"/>
      <line num="1887" count="0" type="cond" truecount="0" falsecount="5"/>
      <line num="1888" count="0" type="stmt"/>
      <line num="1889" count="0" type="stmt"/>
      <line num="1891" count="0" type="cond" truecount="0" falsecount="2"/>
      <line num="1894" count="0" type="stmt"/>
      <line num="1895" count="0" type="stmt"/>
      <line num="1896" count="0" type="cond" truecount="0" falsecount="2"/>
      <line num="1897" count="0" type="cond" truecount="0" falsecount="3"/>
      <line num="1899" count="0" type="stmt"/>
      <line num="1905" count="0" type="stmt"/>
      <line num="1906" count="0" type="stmt"/>
      <line num="1907" count="0" type="stmt"/>
      <line num="1910" count="0" type="stmt"/>
      <line num="1914" count="0" type="stmt"/>
      <line num="1915" count="0" type="stmt"/>
      <line num="1916" count="0" type="stmt"/>
      <line num="1918" count="0" type="stmt"/>
      <line num="1919" count="0" type="stmt"/>
      <line num="1920" count="0" type="cond" truecount="0" falsecount="6"/>
      <line num="1921" count="0" type="stmt"/>
      <line num="1924" count="0" type="stmt"/>
      <line num="1928" count="0" type="cond" truecount="0" falsecount="2"/>
      <line num="1929" count="0" type="stmt"/>
      <line num="1930" count="0" type="stmt"/>
      <line num="1931" count="0" type="stmt"/>
      <line num="1932" count="0" type="stmt"/>
      <line num="1935" count="0" type="stmt"/>
      <line num="1936" count="0" type="stmt"/>
      <line num="1937" count="0" type="stmt"/>
      <line num="1938" count="0" type="stmt"/>
      <line num="1939" count="0" type="stmt"/>
      <line num="1940" count="0" type="stmt"/>
      <line num="1941" count="0" type="stmt"/>
      <line num="1942" count="0" type="stmt"/>
      <line num="1943" count="0" type="stmt"/>
      <line num="1944" count="0" type="stmt"/>
      <line num="1947" count="0" type="stmt"/>
      <line num="1949" count="0" type="stmt"/>
      <line num="1950" count="0" type="stmt"/>
      <line num="1955" count="0" type="cond" truecount="0" falsecount="2"/>
      <line num="1956" count="0" type="stmt"/>
      <line num="1957" count="0" type="stmt"/>
      <line num="1958" count="0" type="stmt"/>
      <line num="1959" count="0" type="stmt"/>
      <line num="1964" count="0" type="cond" truecount="0" falsecount="2"/>
      <line num="1965" count="0" type="stmt"/>
      <line num="1966" count="0" type="stmt"/>
      <line num="1968" count="0" type="cond" truecount="0" falsecount="5"/>
      <line num="1969" count="0" type="stmt"/>
      <line num="1970" count="0" type="stmt"/>
      <line num="1972" count="0" type="cond" truecount="0" falsecount="2"/>
      <line num="1974" count="0" type="stmt"/>
      <line num="1975" count="0" type="stmt"/>
      <line num="1976" count="0" type="cond" truecount="0" falsecount="2"/>
      <line num="1977" count="0" type="cond" truecount="0" falsecount="3"/>
      <line num="1979" count="0" type="stmt"/>
      <line num="1985" count="0" type="stmt"/>
      <line num="1986" count="0" type="stmt"/>
      <line num="1987" count="0" type="stmt"/>
      <line num="1988" count="0" type="stmt"/>
      <line num="1993" count="0" type="stmt"/>
      <line num="1996" count="0" type="stmt"/>
      <line num="1997" count="0" type="stmt"/>
      <line num="1998" count="0" type="stmt"/>
      <line num="1999" count="0" type="stmt"/>
      <line num="2004" count="0" type="stmt"/>
      <line num="2005" count="0" type="stmt"/>
      <line num="2006" count="0" type="stmt"/>
      <line num="2007" count="0" type="stmt"/>
      <line num="2008" count="0" type="stmt"/>
      <line num="2009" count="0" type="stmt"/>
      <line num="2010" count="0" type="stmt"/>
      <line num="2011" count="0" type="stmt"/>
      <line num="2012" count="0" type="stmt"/>
      <line num="2013" count="0" type="stmt"/>
      <line num="2014" count="0" type="stmt"/>
      <line num="2015" count="0" type="stmt"/>
      <line num="2021" count="0" type="stmt"/>
      <line num="2022" count="0" type="stmt"/>
      <line num="2024" count="0" type="stmt"/>
      <line num="2025" count="0" type="stmt"/>
      <line num="2026" count="0" type="stmt"/>
      <line num="2027" count="0" type="stmt"/>
      <line num="2028" count="0" type="stmt"/>
      <line num="2029" count="0" type="stmt"/>
      <line num="2030" count="0" type="stmt"/>
      <line num="2031" count="0" type="stmt"/>
      <line num="2032" count="0" type="stmt"/>
      <line num="2037" count="0" type="stmt"/>
      <line num="2038" count="0" type="stmt"/>
      <line num="2039" count="0" type="stmt"/>
      <line num="2044" count="0" type="stmt"/>
      <line num="2045" count="0" type="stmt"/>
      <line num="2046" count="0" type="stmt"/>
      <line num="2047" count="0" type="cond" truecount="0" falsecount="2"/>
      <line num="2048" count="0" type="cond" truecount="0" falsecount="2"/>
      <line num="2049" count="0" type="cond" truecount="0" falsecount="2"/>
      <line num="2050" count="0" type="cond" truecount="0" falsecount="2"/>
      <line num="2051" count="0" type="stmt"/>
      <line num="2053" count="0" type="stmt"/>
      <line num="2057" count="0" type="cond" truecount="0" falsecount="2"/>
      <line num="2058" count="0" type="stmt"/>
      <line num="2059" count="0" type="stmt"/>
      <line num="2060" count="0" type="cond" truecount="0" falsecount="2"/>
      <line num="2061" count="0" type="stmt"/>
      <line num="2062" count="0" type="cond" truecount="0" falsecount="2"/>
      <line num="2063" count="0" type="stmt"/>
      <line num="2068" count="0" type="stmt"/>
      <line num="2073" count="0" type="stmt"/>
      <line num="2074" count="0" type="stmt"/>
      <line num="2075" count="0" type="stmt"/>
      <line num="2078" count="0" type="stmt"/>
      <line num="2079" count="0" type="cond" truecount="0" falsecount="2"/>
      <line num="2081" count="0" type="cond" truecount="0" falsecount="4"/>
      <line num="2082" count="0" type="stmt"/>
      <line num="2084" count="0" type="stmt"/>
      <line num="2089" count="0" type="stmt"/>
      <line num="2090" count="0" type="stmt"/>
      <line num="2091" count="0" type="cond" truecount="0" falsecount="2"/>
      <line num="2092" count="0" type="stmt"/>
      <line num="2093" count="0" type="cond" truecount="0" falsecount="2"/>
      <line num="2094" count="0" type="stmt"/>
      <line num="2113" count="0" type="stmt"/>
      <line num="2114" count="0" type="stmt"/>
      <line num="2115" count="0" type="stmt"/>
      <line num="2116" count="0" type="stmt"/>
      <line num="2117" count="0" type="stmt"/>
      <line num="2118" count="0" type="stmt"/>
      <line num="2119" count="0" type="stmt"/>
      <line num="2120" count="0" type="stmt"/>
      <line num="2121" count="0" type="cond" truecount="0" falsecount="4"/>
      <line num="2122" count="0" type="stmt"/>
      <line num="2124" count="0" type="stmt"/>
      <line num="2125" count="0" type="stmt"/>
      <line num="2129" count="0" type="cond" truecount="0" falsecount="2"/>
      <line num="2131" count="0" type="stmt"/>
      <line num="2132" count="0" type="stmt"/>
      <line num="2135" count="0" type="cond" truecount="0" falsecount="4"/>
      <line num="2136" count="0" type="stmt"/>
      <line num="2137" count="0" type="cond" truecount="0" falsecount="4"/>
      <line num="2138" count="0" type="stmt"/>
      <line num="2142" count="0" type="stmt"/>
      <line num="2143" count="0" type="cond" truecount="0" falsecount="2"/>
      <line num="2144" count="0" type="stmt"/>
      <line num="2146" count="0" type="stmt"/>
      <line num="2150" count="0" type="cond" truecount="0" falsecount="4"/>
      <line num="2151" count="0" type="stmt"/>
      <line num="2156" count="0" type="cond" truecount="0" falsecount="2"/>
      <line num="2158" count="0" type="stmt"/>
      <line num="2164" count="0" type="stmt"/>
      <line num="2165" count="0" type="stmt"/>
      <line num="2166" count="0" type="stmt"/>
      <line num="2168" count="0" type="stmt"/>
      <line num="2169" count="0" type="stmt"/>
      <line num="2170" count="0" type="stmt"/>
      <line num="2173" count="0" type="stmt"/>
      <line num="2174" count="0" type="stmt"/>
      <line num="2178" count="0" type="stmt"/>
      <line num="2179" count="0" type="stmt"/>
      <line num="2181" count="0" type="stmt"/>
      <line num="2182" count="0" type="stmt"/>
      <line num="2184" count="0" type="stmt"/>
      <line num="2185" count="0" type="stmt"/>
      <line num="2187" count="0" type="stmt"/>
      <line num="2188" count="0" type="stmt"/>
      <line num="2190" count="0" type="stmt"/>
      <line num="2191" count="0" type="stmt"/>
      <line num="2192" count="0" type="stmt"/>
      <line num="2197" count="0" type="stmt"/>
      <line num="2198" count="0" type="stmt"/>
      <line num="2201" count="0" type="cond" truecount="0" falsecount="2"/>
      <line num="2202" count="0" type="stmt"/>
      <line num="2204" count="0" type="stmt"/>
      <line num="2205" count="0" type="stmt"/>
      <line num="2211" count="0" type="cond" truecount="0" falsecount="2"/>
      <line num="2212" count="0" type="stmt"/>
      <line num="2213" count="0" type="stmt"/>
      <line num="2214" count="0" type="stmt"/>
      <line num="2216" count="0" type="cond" truecount="0" falsecount="2"/>
      <line num="2217" count="0" type="stmt"/>
      <line num="2218" count="0" type="stmt"/>
      <line num="2219" count="0" type="stmt"/>
      <line num="2221" count="0" type="cond" truecount="0" falsecount="2"/>
      <line num="2222" count="0" type="stmt"/>
      <line num="2223" count="0" type="stmt"/>
      <line num="2224" count="0" type="stmt"/>
      <line num="2226" count="0" type="stmt"/>
      <line num="2227" count="0" type="stmt"/>
      <line num="2232" count="0" type="stmt"/>
      <line num="2233" count="0" type="stmt"/>
      <line num="2234" count="0" type="stmt"/>
      <line num="2237" count="0" type="stmt"/>
      <line num="2238" count="0" type="stmt"/>
      <line num="2239" count="0" type="stmt"/>
      <line num="2240" count="0" type="stmt"/>
      <line num="2242" count="0" type="stmt"/>
      <line num="2250" count="0" type="cond" truecount="0" falsecount="5"/>
      <line num="2251" count="0" type="stmt"/>
      <line num="2252" count="0" type="stmt"/>
      <line num="2253" count="0" type="stmt"/>
      <line num="2255" count="0" type="stmt"/>
      <line num="2256" count="0" type="stmt"/>
      <line num="2257" count="0" type="stmt"/>
      <line num="2259" count="0" type="stmt"/>
      <line num="2282" count="0" type="stmt"/>
      <line num="2283" count="0" type="stmt"/>
      <line num="2285" count="0" type="stmt"/>
      <line num="2286" count="0" type="stmt"/>
      <line num="2287" count="0" type="stmt"/>
      <line num="2288" count="0" type="stmt"/>
      <line num="2289" count="0" type="stmt"/>
      <line num="2290" count="0" type="stmt"/>
      <line num="2291" count="0" type="stmt"/>
      <line num="2292" count="0" type="stmt"/>
      <line num="2293" count="0" type="stmt"/>
      <line num="2296" count="0" type="stmt"/>
      <line num="2297" count="0" type="stmt"/>
      <line num="2298" count="0" type="stmt"/>
      <line num="2299" count="0" type="stmt"/>
      <line num="2300" count="0" type="stmt"/>
      <line num="2301" count="0" type="stmt"/>
      <line num="2302" count="0" type="stmt"/>
      <line num="2303" count="0" type="stmt"/>
      <line num="2304" count="0" type="stmt"/>
      <line num="2307" count="0" type="stmt"/>
      <line num="2308" count="0" type="stmt"/>
      <line num="2309" count="0" type="stmt"/>
      <line num="2310" count="0" type="stmt"/>
      <line num="2311" count="0" type="stmt"/>
      <line num="2312" count="0" type="stmt"/>
      <line num="2313" count="0" type="stmt"/>
      <line num="2314" count="0" type="stmt"/>
      <line num="2318" count="0" type="stmt"/>
      <line num="2319" count="0" type="stmt"/>
      <line num="2320" count="0" type="stmt"/>
      <line num="2321" count="0" type="stmt"/>
      <line num="2322" count="0" type="stmt"/>
      <line num="2323" count="0" type="stmt"/>
      <line num="2328" count="0" type="stmt"/>
      <line num="2329" count="0" type="stmt"/>
      <line num="2330" count="0" type="stmt"/>
      <line num="2332" count="0" type="stmt"/>
      <line num="2336" count="0" type="stmt"/>
      <line num="2337" count="0" type="cond" truecount="0" falsecount="6"/>
      <line num="2339" count="0" type="stmt"/>
      <line num="2341" count="0" type="stmt"/>
      <line num="2343" count="0" type="stmt"/>
      <line num="2345" count="0" type="stmt"/>
      <line num="2347" count="0" type="stmt"/>
      <line num="2349" count="0" type="stmt"/>
      <line num="2354" count="0" type="stmt"/>
      <line num="2355" count="0" type="stmt"/>
    </file>
    <file name="interface.js" path="/Users/gsuarez/Documents/Code/English3/src/js/interface.js">
      <metrics statements="26" coveredstatements="0" conditionals="15" coveredconditionals="0" methods="10" coveredmethods="0"/>
      <line num="1" count="0" type="stmt"/>
      <line num="85" count="0" type="stmt"/>
      <line num="89" count="0" type="cond" truecount="0" falsecount="2"/>
      <line num="90" count="0" type="stmt"/>
      <line num="91" count="0" type="stmt"/>
      <line num="96" count="0" type="stmt"/>
      <line num="100" count="0" type="stmt"/>
      <line num="105" count="0" type="stmt"/>
      <line num="106" count="0" type="stmt"/>
      <line num="107" count="0" type="stmt"/>
      <line num="108" count="0" type="stmt"/>
      <line num="109" count="0" type="stmt"/>
      <line num="110" count="0" type="stmt"/>
      <line num="112" count="0" type="cond" truecount="0" falsecount="7"/>
      <line num="113" count="0" type="stmt"/>
      <line num="114" count="0" type="stmt"/>
      <line num="118" count="0" type="stmt"/>
      <line num="119" count="0" type="stmt"/>
      <line num="122" count="0" type="stmt"/>
      <line num="123" count="0" type="stmt"/>
      <line num="128" count="0" type="stmt"/>
      <line num="129" count="0" type="cond" truecount="0" falsecount="2"/>
      <line num="130" count="0" type="stmt"/>
      <line num="136" count="0" type="stmt"/>
      <line num="137" count="0" type="cond" truecount="0" falsecount="4"/>
      <line num="138" count="0" type="stmt"/>
    </file>
  </project>
</coverage>
