{"/Users/gsuarez/Documents/Code/English3/src/js/auth.js": {"path":"/Users/gsuarez/Documents/Code/English3/src/js/auth.js","statementMap":{"0":{"start":{"line":1,"column":13},"end":{"line":103,"column":1}},"1":{"start":{"line":7,"column":26},"end":{"line":7,"column":57}},"2":{"start":{"line":9,"column":8},"end":{"line":13,"column":9}},"3":{"start":{"line":10,"column":12},"end":{"line":10,"column":44}},"4":{"start":{"line":12,"column":12},"end":{"line":12,"column":39}},"5":{"start":{"line":15,"column":8},"end":{"line":15,"column":61}},"6":{"start":{"line":17,"column":8},"end":{"line":21,"column":11}},"7":{"start":{"line":18,"column":12},"end":{"line":20,"column":13}},"8":{"start":{"line":19,"column":16},"end":{"line":19,"column":35}},"9":{"start":{"line":23,"column":8},"end":{"line":27,"column":9}},"10":{"start":{"line":24,"column":12},"end":{"line":24,"column":31}},"11":{"start":{"line":32,"column":29},"end":{"line":32,"column":69}},"12":{"start":{"line":33,"column":8},"end":{"line":51,"column":10}},"13":{"start":{"line":54,"column":25},"end":{"line":54,"column":61}},"14":{"start":{"line":55,"column":30},"end":{"line":55,"column":71}},"15":{"start":{"line":57,"column":8},"end":{"line":62,"column":11}},"16":{"start":{"line":58,"column":29},"end":{"line":58,"column":55}},"17":{"start":{"line":59,"column":12},"end":{"line":61,"column":13}},"18":{"start":{"line":60,"column":16},"end":{"line":60,"column":37}},"19":{"start":{"line":64,"column":8},"end":{"line":68,"column":11}},"20":{"start":{"line":65,"column":12},"end":{"line":67,"column":13}},"21":{"start":{"line":66,"column":16},"end":{"line":66,"column":33}},"22":{"start":{"line":71,"column":8},"end":{"line":71,"column":30}},"23":{"start":{"line":75,"column":8},"end":{"line":78,"column":10}},"24":{"start":{"line":79,"column":8},"end":{"line":79,"column":64}},"25":{"start":{"line":80,"column":8},"end":{"line":80,"column":28}},"26":{"start":{"line":82,"column":8},"end":{"line":82,"column":26}},"27":{"start":{"line":86,"column":8},"end":{"line":86,"column":40}},"28":{"start":{"line":87,"column":8},"end":{"line":89,"column":9}},"29":{"start":{"line":88,"column":12},"end":{"line":88,"column":55}},"30":{"start":{"line":90,"column":8},"end":{"line":90,"column":26}},"31":{"start":{"line":94,"column":8},"end":{"line":94,"column":25}},"32":{"start":{"line":98,"column":8},"end":{"line":98,"column":62}},"33":{"start":{"line":99,"column":8},"end":{"line":99,"column":66}},"34":{"start":{"line":100,"column":8},"end":{"line":100,"column":64}},"35":{"start":{"line":101,"column":8},"end":{"line":101,"column":28}}},"fnMap":{"0":{"name":"(anonymous_0)","decl":{"start":{"line":4,"column":4},"end":{"line":4,"column":5}},"loc":{"start":{"line":4,"column":11},"end":{"line":28,"column":5}},"line":4},"1":{"name":"(anonymous_1)","decl":{"start":{"line":17,"column":29},"end":{"line":17,"column":30}},"loc":{"start":{"line":17,"column":35},"end":{"line":21,"column":9}},"line":17},"2":{"name":"(anonymous_2)","decl":{"start":{"line":30,"column":4},"end":{"line":30,"column":5}},"loc":{"start":{"line":30,"column":18},"end":{"line":72,"column":5}},"line":30},"3":{"name":"(anonymous_3)","decl":{"start":{"line":57,"column":43},"end":{"line":57,"column":44}},"loc":{"start":{"line":57,"column":49},"end":{"line":62,"column":9}},"line":57},"4":{"name":"(anonymous_4)","decl":{"start":{"line":64,"column":50},"end":{"line":64,"column":51}},"loc":{"start":{"line":64,"column":57},"end":{"line":68,"column":9}},"line":64},"5":{"name":"(anonymous_5)","decl":{"start":{"line":74,"column":4},"end":{"line":74,"column":5}},"loc":{"start":{"line":74,"column":20},"end":{"line":83,"column":5}},"line":74},"6":{"name":"(anonymous_6)","decl":{"start":{"line":85,"column":4},"end":{"line":85,"column":5}},"loc":{"start":{"line":85,"column":13},"end":{"line":91,"column":5}},"line":85},"7":{"name":"(anonymous_7)","decl":{"start":{"line":93,"column":4},"end":{"line":93,"column":5}},"loc":{"start":{"line":93,"column":14},"end":{"line":95,"column":5}},"line":93},"8":{"name":"(anonymous_8)","decl":{"start":{"line":97,"column":4},"end":{"line":97,"column":5}},"loc":{"start":{"line":97,"column":36},"end":{"line":102,"column":5}},"line":97}},"branchMap":{"0":{"loc":{"start":{"line":9,"column":8},"end":{"line":13,"column":9}},"type":"if","locations":[{"start":{"line":9,"column":8},"end":{"line":13,"column":9}},{"start":{"line":11,"column":15},"end":{"line":13,"column":9}}],"line":9},"1":{"loc":{"start":{"line":18,"column":12},"end":{"line":20,"column":13}},"type":"if","locations":[{"start":{"line":18,"column":12},"end":{"line":20,"column":13}},{"start":{},"end":{}}],"line":18},"2":{"loc":{"start":{"line":23,"column":8},"end":{"line":27,"column":9}},"type":"if","locations":[{"start":{"line":23,"column":8},"end":{"line":27,"column":9}},{"start":{"line":25,"column":15},"end":{"line":27,"column":9}}],"line":23},"3":{"loc":{"start":{"line":59,"column":12},"end":{"line":61,"column":13}},"type":"if","locations":[{"start":{"line":59,"column":12},"end":{"line":61,"column":13}},{"start":{},"end":{}}],"line":59},"4":{"loc":{"start":{"line":65,"column":12},"end":{"line":67,"column":13}},"type":"if","locations":[{"start":{"line":65,"column":12},"end":{"line":67,"column":13}},{"start":{},"end":{}}],"line":65},"5":{"loc":{"start":{"line":87,"column":8},"end":{"line":89,"column":9}},"type":"if","locations":[{"start":{"line":87,"column":8},"end":{"line":89,"column":9}},{"start":{},"end":{}}],"line":87}},"s":{"0":0,"1":0,"2":0,"3":0,"4":0,"5":0,"6":0,"7":0,"8":0,"9":0,"10":0,"11":0,"12":0,"13":0,"14":0,"15":0,"16":0,"17":0,"18":0,"19":0,"20":0,"21":0,"22":0,"23":0,"24":0,"25":0,"26":0,"27":0,"28":0,"29":0,"30":0,"31":0,"32":0,"33":0,"34":0,"35":0},"f":{"0":0,"1":0,"2":0,"3":0,"4":0,"5":0,"6":0,"7":0,"8":0},"b":{"0":[0,0],"1":[0,0],"2":[0,0],"3":[0,0],"4":[0,0],"5":[0,0]}}
,"/Users/gsuarez/Documents/Code/English3/src/js/game.js": {"path":"/Users/gsuarez/Documents/Code/English3/src/js/game.js","statementMap":{"0":{"start":{"line":1,"column":13},"end":{"line":2352,"column":1}},"1":{"start":{"line":14,"column":8},"end":{"line":14,"column":53}},"2":{"start":{"line":15,"column":8},"end":{"line":17,"column":9}},"3":{"start":{"line":16,"column":12},"end":{"line":16,"column":83}},"4":{"start":{"line":21,"column":8},"end":{"line":21,"column":67}},"5":{"start":{"line":22,"column":8},"end":{"line":22,"column":64}},"6":{"start":{"line":23,"column":8},"end":{"line":23,"column":62}},"7":{"start":{"line":24,"column":8},"end":{"line":24,"column":78}},"8":{"start":{"line":25,"column":8},"end":{"line":25,"column":71}},"9":{"start":{"line":26,"column":8},"end":{"line":26,"column":67}},"10":{"start":{"line":27,"column":8},"end":{"line":27,"column":70}},"11":{"start":{"line":28,"column":8},"end":{"line":28,"column":81}},"12":{"start":{"line":29,"column":8},"end":{"line":29,"column":72}},"13":{"start":{"line":30,"column":8},"end":{"line":30,"column":81}},"14":{"start":{"line":31,"column":8},"end":{"line":31,"column":90}},"15":{"start":{"line":32,"column":8},"end":{"line":32,"column":73}},"16":{"start":{"line":35,"column":30},"end":{"line":35,"column":62}},"17":{"start":{"line":36,"column":8},"end":{"line":38,"column":9}},"18":{"start":{"line":37,"column":12},"end":{"line":37,"column":53}},"19":{"start":{"line":40,"column":8},"end":{"line":43,"column":11}},"20":{"start":{"line":41,"column":12},"end":{"line":41,"column":26}},"21":{"start":{"line":42,"column":12},"end":{"line":42,"column":36}},"22":{"start":{"line":45,"column":8},"end":{"line":47,"column":11}},"23":{"start":{"line":46,"column":12},"end":{"line":46,"column":36}},"24":{"start":{"line":49,"column":8},"end":{"line":49,"column":91}},"25":{"start":{"line":49,"column":58},"end":{"line":49,"column":89}},"26":{"start":{"line":50,"column":8},"end":{"line":50,"column":90}},"27":{"start":{"line":50,"column":57},"end":{"line":50,"column":88}},"28":{"start":{"line":52,"column":8},"end":{"line":58,"column":11}},"29":{"start":{"line":53,"column":28},"end":{"line":53,"column":73}},"30":{"start":{"line":54,"column":12},"end":{"line":54,"column":42}},"31":{"start":{"line":55,"column":12},"end":{"line":55,"column":53}},"32":{"start":{"line":57,"column":12},"end":{"line":57,"column":34}},"33":{"start":{"line":60,"column":8},"end":{"line":63,"column":11}},"34":{"start":{"line":61,"column":12},"end":{"line":61,"column":44}},"35":{"start":{"line":62,"column":12},"end":{"line":62,"column":42}},"36":{"start":{"line":65,"column":8},"end":{"line":69,"column":11}},"37":{"start":{"line":66,"column":12},"end":{"line":66,"column":47}},"38":{"start":{"line":67,"column":12},"end":{"line":67,"column":64}},"39":{"start":{"line":68,"column":12},"end":{"line":68,"column":34}},"40":{"start":{"line":71,"column":8},"end":{"line":81,"column":9}},"41":{"start":{"line":72,"column":12},"end":{"line":80,"column":15}},"42":{"start":{"line":73,"column":16},"end":{"line":73,"column":60}},"43":{"start":{"line":74,"column":16},"end":{"line":78,"column":17}},"44":{"start":{"line":75,"column":20},"end":{"line":75,"column":64}},"45":{"start":{"line":77,"column":20},"end":{"line":77,"column":65}},"46":{"start":{"line":79,"column":16},"end":{"line":79,"column":38}},"47":{"start":{"line":84,"column":8},"end":{"line":84,"column":90}},"48":{"start":{"line":85,"column":8},"end":{"line":85,"column":99}},"49":{"start":{"line":86,"column":8},"end":{"line":86,"column":109}},"50":{"start":{"line":88,"column":8},"end":{"line":93,"column":9}},"51":{"start":{"line":89,"column":12},"end":{"line":92,"column":15}},"52":{"start":{"line":90,"column":16},"end":{"line":90,"column":68}},"53":{"start":{"line":91,"column":16},"end":{"line":91,"column":55}},"54":{"start":{"line":95,"column":8},"end":{"line":100,"column":9}},"55":{"start":{"line":96,"column":12},"end":{"line":99,"column":15}},"56":{"start":{"line":97,"column":16},"end":{"line":97,"column":68}},"57":{"start":{"line":98,"column":16},"end":{"line":98,"column":34}},"58":{"start":{"line":103,"column":8},"end":{"line":103,"column":77}},"59":{"start":{"line":104,"column":8},"end":{"line":104,"column":95}},"60":{"start":{"line":106,"column":8},"end":{"line":110,"column":9}},"61":{"start":{"line":107,"column":12},"end":{"line":109,"column":15}},"62":{"start":{"line":108,"column":16},"end":{"line":108,"column":62}},"63":{"start":{"line":112,"column":8},"end":{"line":112,"column":63}},"64":{"start":{"line":113,"column":8},"end":{"line":113,"column":61}},"65":{"start":{"line":114,"column":8},"end":{"line":114,"column":30}},"66":{"start":{"line":117,"column":8},"end":{"line":162,"column":11}},"67":{"start":{"line":118,"column":12},"end":{"line":120,"column":13}},"68":{"start":{"line":119,"column":16},"end":{"line":119,"column":87}},"69":{"start":{"line":123,"column":12},"end":{"line":133,"column":13}},"70":{"start":{"line":124,"column":16},"end":{"line":124,"column":44}},"71":{"start":{"line":125,"column":19},"end":{"line":133,"column":13}},"72":{"start":{"line":126,"column":16},"end":{"line":126,"column":39}},"73":{"start":{"line":127,"column":19},"end":{"line":133,"column":13}},"74":{"start":{"line":128,"column":16},"end":{"line":128,"column":45}},"75":{"start":{"line":129,"column":19},"end":{"line":133,"column":13}},"76":{"start":{"line":130,"column":16},"end":{"line":130,"column":42}},"77":{"start":{"line":131,"column":19},"end":{"line":133,"column":13}},"78":{"start":{"line":132,"column":16},"end":{"line":132,"column":43}},"79":{"start":{"line":136,"column":46},"end":{"line":136,"column":100}},"80":{"start":{"line":137,"column":41},"end":{"line":137,"column":90}},"81":{"start":{"line":138,"column":47},"end":{"line":138,"column":102}},"82":{"start":{"line":139,"column":45},"end":{"line":139,"column":98}},"83":{"start":{"line":141,"column":12},"end":{"line":153,"column":13}},"84":{"start":{"line":143,"column":16},"end":{"line":143,"column":81}},"85":{"start":{"line":144,"column":19},"end":{"line":153,"column":13}},"86":{"start":{"line":146,"column":16},"end":{"line":146,"column":43}},"87":{"start":{"line":147,"column":19},"end":{"line":153,"column":13}},"88":{"start":{"line":149,"column":16},"end":{"line":149,"column":49}},"89":{"start":{"line":150,"column":19},"end":{"line":153,"column":13}},"90":{"start":{"line":152,"column":16},"end":{"line":152,"column":43}},"91":{"start":{"line":155,"column":44},"end":{"line":155,"column":96}},"92":{"start":{"line":156,"column":12},"end":{"line":161,"column":13}},"93":{"start":{"line":157,"column":16},"end":{"line":157,"column":112}},"94":{"start":{"line":158,"column":16},"end":{"line":158,"column":127}},"95":{"start":{"line":159,"column":16},"end":{"line":159,"column":117}},"96":{"start":{"line":160,"column":16},"end":{"line":160,"column":121}},"97":{"start":{"line":164,"column":8},"end":{"line":164,"column":36}},"98":{"start":{"line":165,"column":8},"end":{"line":165,"column":33}},"99":{"start":{"line":168,"column":8},"end":{"line":168,"column":61}},"100":{"start":{"line":169,"column":8},"end":{"line":169,"column":28}},"101":{"start":{"line":170,"column":8},"end":{"line":174,"column":9}},"102":{"start":{"line":171,"column":12},"end":{"line":171,"column":31}},"103":{"start":{"line":173,"column":12},"end":{"line":173,"column":30}},"104":{"start":{"line":178,"column":22},"end":{"line":178,"column":43}},"105":{"start":{"line":179,"column":8},"end":{"line":179,"column":80}},"106":{"start":{"line":180,"column":8},"end":{"line":180,"column":102}},"107":{"start":{"line":181,"column":8},"end":{"line":181,"column":96}},"108":{"start":{"line":182,"column":8},"end":{"line":182,"column":99}},"109":{"start":{"line":183,"column":8},"end":{"line":183,"column":41}},"110":{"start":{"line":184,"column":8},"end":{"line":184,"column":41}},"111":{"start":{"line":188,"column":8},"end":{"line":191,"column":9}},"112":{"start":{"line":189,"column":32},"end":{"line":189,"column":54}},"113":{"start":{"line":190,"column":12},"end":{"line":190,"column":104}},"114":{"start":{"line":192,"column":8},"end":{"line":194,"column":9}},"115":{"start":{"line":193,"column":12},"end":{"line":193,"column":80}},"116":{"start":{"line":195,"column":8},"end":{"line":198,"column":9}},"117":{"start":{"line":196,"column":31},"end":{"line":196,"column":76}},"118":{"start":{"line":197,"column":12},"end":{"line":197,"column":133}},"119":{"start":{"line":199,"column":8},"end":{"line":201,"column":9}},"120":{"start":{"line":200,"column":12},"end":{"line":200,"column":113}},"121":{"start":{"line":204,"column":39},"end":{"line":204,"column":90}},"122":{"start":{"line":205,"column":8},"end":{"line":210,"column":9}},"123":{"start":{"line":206,"column":12},"end":{"line":206,"column":117}},"124":{"start":{"line":207,"column":12},"end":{"line":207,"column":121}},"125":{"start":{"line":208,"column":12},"end":{"line":208,"column":112}},"126":{"start":{"line":209,"column":12},"end":{"line":209,"column":116}},"127":{"start":{"line":214,"column":8},"end":{"line":214,"column":68}},"128":{"start":{"line":218,"column":36},"end":{"line":218,"column":84}},"129":{"start":{"line":219,"column":8},"end":{"line":232,"column":9}},"130":{"start":{"line":220,"column":31},"end":{"line":220,"column":76}},"131":{"start":{"line":221,"column":33},"end":{"line":221,"column":81}},"132":{"start":{"line":222,"column":35},"end":{"line":222,"column":79}},"133":{"start":{"line":223,"column":31},"end":{"line":223,"column":77}},"134":{"start":{"line":225,"column":12},"end":{"line":230,"column":14}},"135":{"start":{"line":231,"column":12},"end":{"line":231,"column":59}},"136":{"start":{"line":236,"column":21},"end":{"line":236,"column":35}},"137":{"start":{"line":237,"column":8},"end":{"line":237,"column":26}},"138":{"start":{"line":237,"column":19},"end":{"line":237,"column":26}},"139":{"start":{"line":239,"column":27},"end":{"line":239,"column":72}},"140":{"start":{"line":240,"column":29},"end":{"line":240,"column":77}},"141":{"start":{"line":241,"column":31},"end":{"line":241,"column":75}},"142":{"start":{"line":243,"column":30},"end":{"line":243,"column":69}},"143":{"start":{"line":244,"column":8},"end":{"line":250,"column":9}},"144":{"start":{"line":245,"column":12},"end":{"line":249,"column":14}},"145":{"start":{"line":252,"column":34},"end":{"line":252,"column":77}},"146":{"start":{"line":253,"column":8},"end":{"line":255,"column":9}},"147":{"start":{"line":254,"column":12},"end":{"line":254,"column":103}},"148":{"start":{"line":259,"column":21},"end":{"line":259,"column":35}},"149":{"start":{"line":260,"column":31},"end":{"line":260,"column":73}},"150":{"start":{"line":261,"column":32},"end":{"line":261,"column":75}},"151":{"start":{"line":262,"column":29},"end":{"line":262,"column":69}},"152":{"start":{"line":264,"column":8},"end":{"line":274,"column":9}},"153":{"start":{"line":265,"column":12},"end":{"line":265,"column":54}},"154":{"start":{"line":266,"column":12},"end":{"line":266,"column":55}},"155":{"start":{"line":267,"column":12},"end":{"line":267,"column":52}},"156":{"start":{"line":268,"column":12},"end":{"line":268,"column":89}},"157":{"start":{"line":268,"column":57},"end":{"line":268,"column":87}},"158":{"start":{"line":269,"column":12},"end":{"line":269,"column":36}},"159":{"start":{"line":271,"column":12},"end":{"line":271,"column":51}},"160":{"start":{"line":272,"column":12},"end":{"line":272,"column":52}},"161":{"start":{"line":273,"column":12},"end":{"line":273,"column":49}},"162":{"start":{"line":279,"column":8},"end":{"line":296,"column":9}},"163":{"start":{"line":281,"column":16},"end":{"line":281,"column":64}},"164":{"start":{"line":282,"column":16},"end":{"line":282,"column":34}},"165":{"start":{"line":283,"column":16},"end":{"line":283,"column":22}},"166":{"start":{"line":285,"column":16},"end":{"line":285,"column":57}},"167":{"start":{"line":286,"column":16},"end":{"line":286,"column":22}},"168":{"start":{"line":288,"column":16},"end":{"line":288,"column":52}},"169":{"start":{"line":289,"column":16},"end":{"line":289,"column":22}},"170":{"start":{"line":291,"column":16},"end":{"line":291,"column":58}},"171":{"start":{"line":292,"column":16},"end":{"line":292,"column":22}},"172":{"start":{"line":294,"column":16},"end":{"line":294,"column":55}},"173":{"start":{"line":295,"column":16},"end":{"line":295,"column":22}},"174":{"start":{"line":300,"column":23},"end":{"line":300,"column":71}},"175":{"start":{"line":301,"column":30},"end":{"line":301,"column":72}},"176":{"start":{"line":302,"column":33},"end":{"line":302,"column":78}},"177":{"start":{"line":304,"column":8},"end":{"line":312,"column":9}},"178":{"start":{"line":305,"column":12},"end":{"line":311,"column":13}},"179":{"start":{"line":306,"column":16},"end":{"line":306,"column":47}},"180":{"start":{"line":307,"column":16},"end":{"line":307,"column":70}},"181":{"start":{"line":308,"column":16},"end":{"line":308,"column":76}},"182":{"start":{"line":310,"column":16},"end":{"line":310,"column":46}},"183":{"start":{"line":316,"column":8},"end":{"line":316,"column":56}},"184":{"start":{"line":317,"column":8},"end":{"line":317,"column":34}},"185":{"start":{"line":318,"column":36},"end":{"line":318,"column":84}},"186":{"start":{"line":319,"column":8},"end":{"line":321,"column":9}},"187":{"start":{"line":320,"column":12},"end":{"line":320,"column":56}},"188":{"start":{"line":322,"column":29},"end":{"line":322,"column":69}},"189":{"start":{"line":325,"column":25},"end":{"line":325,"column":70}},"190":{"start":{"line":326,"column":28},"end":{"line":326,"column":60}},"191":{"start":{"line":329,"column":8},"end":{"line":329,"column":93}},"192":{"start":{"line":331,"column":39},"end":{"line":331,"column":93}},"193":{"start":{"line":332,"column":23},"end":{"line":332,"column":120}},"194":{"start":{"line":334,"column":8},"end":{"line":356,"column":11}},"195":{"start":{"line":335,"column":31},"end":{"line":335,"column":60}},"196":{"start":{"line":336,"column":25},"end":{"line":336,"column":44}},"197":{"start":{"line":337,"column":32},"end":{"line":337,"column":56}},"198":{"start":{"line":339,"column":35},"end":{"line":339,"column":84}},"199":{"start":{"line":340,"column":27},"end":{"line":340,"column":89}},"200":{"start":{"line":342,"column":12},"end":{"line":342,"column":45}},"201":{"start":{"line":343,"column":12},"end":{"line":343,"column":48}},"202":{"start":{"line":346,"column":12},"end":{"line":351,"column":13}},"203":{"start":{"line":347,"column":16},"end":{"line":347,"column":112}},"204":{"start":{"line":352,"column":12},"end":{"line":352,"column":158}},"205":{"start":{"line":353,"column":12},"end":{"line":353,"column":111}},"206":{"start":{"line":355,"column":12},"end":{"line":355,"column":55}},"207":{"start":{"line":358,"column":8},"end":{"line":358,"column":36}},"208":{"start":{"line":359,"column":8},"end":{"line":359,"column":46}},"209":{"start":{"line":360,"column":8},"end":{"line":360,"column":55}},"210":{"start":{"line":363,"column":8},"end":{"line":365,"column":9}},"211":{"start":{"line":364,"column":12},"end":{"line":364,"column":58}},"212":{"start":{"line":368,"column":30},"end":{"line":368,"column":81}},"213":{"start":{"line":369,"column":8},"end":{"line":371,"column":9}},"214":{"start":{"line":370,"column":12},"end":{"line":370,"column":62}},"215":{"start":{"line":373,"column":8},"end":{"line":384,"column":11}},"216":{"start":{"line":375,"column":12},"end":{"line":383,"column":15}},"217":{"start":{"line":377,"column":45},"end":{"line":377,"column":96}},"218":{"start":{"line":378,"column":16},"end":{"line":380,"column":17}},"219":{"start":{"line":379,"column":20},"end":{"line":379,"column":77}},"220":{"start":{"line":381,"column":33},"end":{"line":381,"column":56}},"221":{"start":{"line":382,"column":16},"end":{"line":382,"column":43}},"222":{"start":{"line":385,"column":8},"end":{"line":385,"column":38}},"223":{"start":{"line":389,"column":22},"end":{"line":389,"column":39}},"224":{"start":{"line":390,"column":8},"end":{"line":392,"column":9}},"225":{"start":{"line":391,"column":12},"end":{"line":391,"column":27}},"226":{"start":{"line":394,"column":8},"end":{"line":396,"column":9}},"227":{"start":{"line":395,"column":12},"end":{"line":395,"column":27}},"228":{"start":{"line":398,"column":8},"end":{"line":398,"column":23}},"229":{"start":{"line":402,"column":27},"end":{"line":402,"column":71}},"230":{"start":{"line":402,"column":53},"end":{"line":402,"column":70}},"231":{"start":{"line":403,"column":8},"end":{"line":403,"column":32}},"232":{"start":{"line":403,"column":25},"end":{"line":403,"column":32}},"233":{"start":{"line":405,"column":8},"end":{"line":436,"column":9}},"234":{"start":{"line":406,"column":29},"end":{"line":406,"column":61}},"235":{"start":{"line":407,"column":32},"end":{"line":407,"column":53}},"236":{"start":{"line":410,"column":12},"end":{"line":414,"column":13}},"237":{"start":{"line":411,"column":16},"end":{"line":411,"column":70}},"238":{"start":{"line":413,"column":16},"end":{"line":413,"column":67}},"239":{"start":{"line":416,"column":12},"end":{"line":416,"column":48}},"240":{"start":{"line":417,"column":12},"end":{"line":433,"column":13}},"241":{"start":{"line":419,"column":20},"end":{"line":419,"column":57}},"242":{"start":{"line":420,"column":20},"end":{"line":420,"column":26}},"243":{"start":{"line":422,"column":20},"end":{"line":422,"column":52}},"244":{"start":{"line":423,"column":20},"end":{"line":423,"column":26}},"245":{"start":{"line":425,"column":20},"end":{"line":425,"column":58}},"246":{"start":{"line":426,"column":20},"end":{"line":426,"column":26}},"247":{"start":{"line":428,"column":20},"end":{"line":428,"column":55}},"248":{"start":{"line":429,"column":20},"end":{"line":429,"column":26}},"249":{"start":{"line":431,"column":20},"end":{"line":431,"column":56}},"250":{"start":{"line":432,"column":20},"end":{"line":432,"column":26}},"251":{"start":{"line":435,"column":12},"end":{"line":435,"column":64}},"252":{"start":{"line":440,"column":22},"end":{"line":440,"column":32}},"253":{"start":{"line":441,"column":26},"end":{"line":441,"column":40}},"254":{"start":{"line":442,"column":25},"end":{"line":442,"column":38}},"255":{"start":{"line":444,"column":8},"end":{"line":447,"column":11}},"256":{"start":{"line":445,"column":12},"end":{"line":445,"column":26}},"257":{"start":{"line":446,"column":12},"end":{"line":446,"column":36}},"258":{"start":{"line":449,"column":8},"end":{"line":451,"column":11}},"259":{"start":{"line":450,"column":12},"end":{"line":450,"column":36}},"260":{"start":{"line":453,"column":24},"end":{"line":604,"column":11}},"261":{"start":{"line":455,"column":37},"end":{"line":455,"column":81}},"262":{"start":{"line":456,"column":12},"end":{"line":461,"column":13}},"263":{"start":{"line":457,"column":16},"end":{"line":459,"column":17}},"264":{"start":{"line":458,"column":20},"end":{"line":458,"column":83}},"265":{"start":{"line":460,"column":16},"end":{"line":460,"column":23}},"266":{"start":{"line":464,"column":43},"end":{"line":464,"column":94}},"267":{"start":{"line":465,"column":12},"end":{"line":472,"column":13}},"268":{"start":{"line":466,"column":16},"end":{"line":470,"column":17}},"269":{"start":{"line":467,"column":20},"end":{"line":467,"column":85}},"270":{"start":{"line":468,"column":23},"end":{"line":470,"column":17}},"271":{"start":{"line":469,"column":20},"end":{"line":469,"column":91}},"272":{"start":{"line":471,"column":16},"end":{"line":471,"column":23}},"273":{"start":{"line":475,"column":12},"end":{"line":482,"column":13}},"274":{"start":{"line":476,"column":16},"end":{"line":480,"column":17}},"275":{"start":{"line":477,"column":20},"end":{"line":477,"column":38}},"276":{"start":{"line":478,"column":23},"end":{"line":480,"column":17}},"277":{"start":{"line":479,"column":20},"end":{"line":479,"column":44}},"278":{"start":{"line":481,"column":16},"end":{"line":481,"column":23}},"279":{"start":{"line":485,"column":12},"end":{"line":490,"column":13}},"280":{"start":{"line":486,"column":16},"end":{"line":488,"column":17}},"281":{"start":{"line":487,"column":20},"end":{"line":487,"column":52}},"282":{"start":{"line":489,"column":16},"end":{"line":489,"column":23}},"283":{"start":{"line":493,"column":12},"end":{"line":603,"column":13}},"284":{"start":{"line":494,"column":16},"end":{"line":500,"column":17}},"285":{"start":{"line":495,"column":20},"end":{"line":495,"column":38}},"286":{"start":{"line":496,"column":23},"end":{"line":500,"column":17}},"287":{"start":{"line":497,"column":20},"end":{"line":497,"column":43}},"288":{"start":{"line":499,"column":20},"end":{"line":499,"column":38}},"289":{"start":{"line":501,"column":19},"end":{"line":603,"column":13}},"290":{"start":{"line":502,"column":32},"end":{"line":502,"column":77}},"291":{"start":{"line":503,"column":16},"end":{"line":503,"column":46}},"292":{"start":{"line":504,"column":16},"end":{"line":504,"column":57}},"293":{"start":{"line":505,"column":16},"end":{"line":505,"column":41}},"294":{"start":{"line":506,"column":16},"end":{"line":506,"column":38}},"295":{"start":{"line":507,"column":19},"end":{"line":603,"column":13}},"296":{"start":{"line":508,"column":35},"end":{"line":508,"column":54}},"297":{"start":{"line":509,"column":38},"end":{"line":509,"column":83}},"298":{"start":{"line":510,"column":16},"end":{"line":514,"column":19}},"299":{"start":{"line":511,"column":20},"end":{"line":513,"column":21}},"300":{"start":{"line":512,"column":24},"end":{"line":512,"column":39}},"301":{"start":{"line":515,"column":19},"end":{"line":603,"column":13}},"302":{"start":{"line":516,"column":50},"end":{"line":516,"column":104}},"303":{"start":{"line":517,"column":16},"end":{"line":520,"column":17}},"304":{"start":{"line":518,"column":20},"end":{"line":518,"column":90}},"305":{"start":{"line":519,"column":20},"end":{"line":519,"column":27}},"306":{"start":{"line":522,"column":16},"end":{"line":541,"column":17}},"307":{"start":{"line":523,"column":33},"end":{"line":523,"column":69}},"308":{"start":{"line":524,"column":20},"end":{"line":537,"column":21}},"309":{"start":{"line":525,"column":24},"end":{"line":536,"column":25}},"310":{"start":{"line":526,"column":28},"end":{"line":526,"column":61}},"311":{"start":{"line":527,"column":28},"end":{"line":533,"column":36}},"312":{"start":{"line":528,"column":32},"end":{"line":532,"column":33}},"313":{"start":{"line":529,"column":36},"end":{"line":529,"column":101}},"314":{"start":{"line":531,"column":36},"end":{"line":531,"column":58}},"315":{"start":{"line":535,"column":28},"end":{"line":535,"column":50}},"316":{"start":{"line":538,"column":23},"end":{"line":541,"column":17}},"317":{"start":{"line":539,"column":20},"end":{"line":539,"column":39}},"318":{"start":{"line":540,"column":20},"end":{"line":540,"column":42}},"319":{"start":{"line":542,"column":19},"end":{"line":603,"column":13}},"320":{"start":{"line":543,"column":45},"end":{"line":543,"column":94}},"321":{"start":{"line":544,"column":16},"end":{"line":547,"column":17}},"322":{"start":{"line":545,"column":20},"end":{"line":545,"column":38}},"323":{"start":{"line":546,"column":20},"end":{"line":546,"column":27}},"324":{"start":{"line":549,"column":42},"end":{"line":549,"column":87}},"325":{"start":{"line":550,"column":40},"end":{"line":550,"column":103}},"326":{"start":{"line":552,"column":16},"end":{"line":567,"column":17}},"327":{"start":{"line":553,"column":20},"end":{"line":553,"column":37}},"328":{"start":{"line":554,"column":23},"end":{"line":567,"column":17}},"329":{"start":{"line":555,"column":20},"end":{"line":555,"column":39}},"330":{"start":{"line":556,"column":20},"end":{"line":556,"column":37}},"331":{"start":{"line":558,"column":39},"end":{"line":558,"column":58}},"332":{"start":{"line":559,"column":42},"end":{"line":559,"column":62}},"333":{"start":{"line":560,"column":40},"end":{"line":560,"column":73}},"334":{"start":{"line":561,"column":20},"end":{"line":566,"column":21}},"335":{"start":{"line":562,"column":40},"end":{"line":562,"column":82}},"336":{"start":{"line":563,"column":24},"end":{"line":565,"column":25}},"337":{"start":{"line":564,"column":28},"end":{"line":564,"column":57}},"338":{"start":{"line":568,"column":19},"end":{"line":603,"column":13}},"339":{"start":{"line":569,"column":51},"end":{"line":569,"column":106}},"340":{"start":{"line":570,"column":16},"end":{"line":573,"column":17}},"341":{"start":{"line":571,"column":20},"end":{"line":571,"column":91}},"342":{"start":{"line":572,"column":20},"end":{"line":572,"column":27}},"343":{"start":{"line":575,"column":16},"end":{"line":585,"column":17}},"344":{"start":{"line":576,"column":20},"end":{"line":576,"column":55}},"345":{"start":{"line":577,"column":23},"end":{"line":585,"column":17}},"346":{"start":{"line":578,"column":41},"end":{"line":578,"column":84}},"347":{"start":{"line":579,"column":20},"end":{"line":582,"column":21}},"348":{"start":{"line":581,"column":24},"end":{"line":581,"column":31}},"349":{"start":{"line":583,"column":20},"end":{"line":583,"column":39}},"350":{"start":{"line":584,"column":20},"end":{"line":584,"column":43}},"351":{"start":{"line":586,"column":19},"end":{"line":603,"column":13}},"352":{"start":{"line":587,"column":48},"end":{"line":587,"column":100}},"353":{"start":{"line":588,"column":16},"end":{"line":595,"column":17}},"354":{"start":{"line":589,"column":20},"end":{"line":593,"column":21}},"355":{"start":{"line":590,"column":24},"end":{"line":590,"column":90}},"356":{"start":{"line":591,"column":27},"end":{"line":593,"column":21}},"357":{"start":{"line":592,"column":24},"end":{"line":592,"column":96}},"358":{"start":{"line":594,"column":20},"end":{"line":594,"column":27}},"359":{"start":{"line":596,"column":19},"end":{"line":603,"column":13}},"360":{"start":{"line":597,"column":16},"end":{"line":602,"column":17}},"361":{"start":{"line":598,"column":20},"end":{"line":598,"column":65}},"362":{"start":{"line":599,"column":23},"end":{"line":602,"column":17}},"363":{"start":{"line":600,"column":20},"end":{"line":600,"column":39}},"364":{"start":{"line":601,"column":20},"end":{"line":601,"column":64}},"365":{"start":{"line":608,"column":22},"end":{"line":608,"column":49}},"366":{"start":{"line":609,"column":22},"end":{"line":609,"column":73}},"367":{"start":{"line":610,"column":24},"end":{"line":610,"column":77}},"368":{"start":{"line":611,"column":26},"end":{"line":611,"column":82}},"369":{"start":{"line":612,"column":30},"end":{"line":612,"column":92}},"370":{"start":{"line":613,"column":31},"end":{"line":613,"column":60}},"371":{"start":{"line":614,"column":8},"end":{"line":614,"column":65}},"372":{"start":{"line":615,"column":8},"end":{"line":615,"column":62}},"373":{"start":{"line":617,"column":8},"end":{"line":617,"column":67}},"374":{"start":{"line":618,"column":8},"end":{"line":618,"column":71}},"375":{"start":{"line":619,"column":8},"end":{"line":619,"column":61}},"376":{"start":{"line":620,"column":8},"end":{"line":620,"column":63}},"377":{"start":{"line":623,"column":39},"end":{"line":623,"column":97}},"378":{"start":{"line":624,"column":8},"end":{"line":626,"column":9}},"379":{"start":{"line":625,"column":12},"end":{"line":625,"column":44}},"380":{"start":{"line":629,"column":31},"end":{"line":629,"column":49}},"381":{"start":{"line":630,"column":31},"end":{"line":630,"column":97}},"382":{"start":{"line":630,"column":62},"end":{"line":630,"column":96}},"383":{"start":{"line":633,"column":28},"end":{"line":633,"column":37}},"384":{"start":{"line":634,"column":8},"end":{"line":636,"column":11}},"385":{"start":{"line":635,"column":12},"end":{"line":635,"column":64}},"386":{"start":{"line":638,"column":8},"end":{"line":654,"column":11}},"387":{"start":{"line":639,"column":29},"end":{"line":639,"column":58}},"388":{"start":{"line":640,"column":12},"end":{"line":640,"column":104}},"389":{"start":{"line":641,"column":40},"end":{"line":641,"column":79}},"390":{"start":{"line":642,"column":12},"end":{"line":649,"column":14}},"391":{"start":{"line":650,"column":12},"end":{"line":652,"column":15}},"392":{"start":{"line":651,"column":16},"end":{"line":651,"column":48}},"393":{"start":{"line":653,"column":12},"end":{"line":653,"column":49}},"394":{"start":{"line":657,"column":8},"end":{"line":657,"column":85}},"395":{"start":{"line":659,"column":8},"end":{"line":659,"column":41}},"396":{"start":{"line":670,"column":12},"end":{"line":670,"column":34}},"397":{"start":{"line":671,"column":12},"end":{"line":671,"column":37}},"398":{"start":{"line":672,"column":12},"end":{"line":672,"column":73}},"399":{"start":{"line":673,"column":12},"end":{"line":673,"column":41}},"400":{"start":{"line":674,"column":12},"end":{"line":674,"column":61}},"401":{"start":{"line":675,"column":12},"end":{"line":677,"column":13}},"402":{"start":{"line":676,"column":16},"end":{"line":676,"column":84}},"403":{"start":{"line":678,"column":12},"end":{"line":678,"column":26}},"404":{"start":{"line":682,"column":12},"end":{"line":687,"column":13}},"405":{"start":{"line":684,"column":16},"end":{"line":684,"column":76}},"406":{"start":{"line":685,"column":16},"end":{"line":685,"column":34}},"407":{"start":{"line":686,"column":16},"end":{"line":686,"column":23}},"408":{"start":{"line":688,"column":29},"end":{"line":688,"column":68}},"409":{"start":{"line":689,"column":12},"end":{"line":689,"column":67}},"410":{"start":{"line":692,"column":12},"end":{"line":727,"column":13}},"411":{"start":{"line":693,"column":16},"end":{"line":722,"column":18}},"412":{"start":{"line":724,"column":16},"end":{"line":724,"column":97}},"413":{"start":{"line":724,"column":84},"end":{"line":724,"column":95}},"414":{"start":{"line":725,"column":16},"end":{"line":725,"column":97}},"415":{"start":{"line":725,"column":84},"end":{"line":725,"column":95}},"416":{"start":{"line":726,"column":16},"end":{"line":726,"column":121}},"417":{"start":{"line":726,"column":102},"end":{"line":726,"column":119}},"418":{"start":{"line":729,"column":35},"end":{"line":729,"column":77}},"419":{"start":{"line":730,"column":34},"end":{"line":730,"column":75}},"420":{"start":{"line":732,"column":12},"end":{"line":738,"column":13}},"421":{"start":{"line":733,"column":16},"end":{"line":737,"column":18}},"422":{"start":{"line":740,"column":12},"end":{"line":750,"column":13}},"423":{"start":{"line":741,"column":16},"end":{"line":749,"column":18}},"424":{"start":{"line":752,"column":12},"end":{"line":752,"column":78}},"425":{"start":{"line":755,"column":12},"end":{"line":755,"column":89}},"426":{"start":{"line":756,"column":12},"end":{"line":756,"column":89}},"427":{"start":{"line":757,"column":12},"end":{"line":757,"column":107}},"428":{"start":{"line":760,"column":25},"end":{"line":760,"column":70}},"429":{"start":{"line":761,"column":12},"end":{"line":763,"column":13}},"430":{"start":{"line":762,"column":16},"end":{"line":762,"column":50}},"431":{"start":{"line":767,"column":12},"end":{"line":767,"column":71}},"432":{"start":{"line":767,"column":64},"end":{"line":767,"column":71}},"433":{"start":{"line":768,"column":12},"end":{"line":768,"column":40}},"434":{"start":{"line":770,"column":25},"end":{"line":770,"column":70}},"435":{"start":{"line":771,"column":28},"end":{"line":771,"column":63}},"436":{"start":{"line":772,"column":28},"end":{"line":772,"column":63}},"437":{"start":{"line":774,"column":12},"end":{"line":774,"column":49}},"438":{"start":{"line":774,"column":25},"end":{"line":774,"column":49}},"439":{"start":{"line":775,"column":12},"end":{"line":775,"column":49}},"440":{"start":{"line":775,"column":25},"end":{"line":775,"column":49}},"441":{"start":{"line":777,"column":12},"end":{"line":782,"column":13}},"442":{"start":{"line":778,"column":16},"end":{"line":780,"column":17}},"443":{"start":{"line":779,"column":20},"end":{"line":779,"column":53}},"444":{"start":{"line":781,"column":16},"end":{"line":781,"column":51}},"445":{"start":{"line":784,"column":12},"end":{"line":795,"column":20}},"446":{"start":{"line":785,"column":16},"end":{"line":785,"column":64}},"447":{"start":{"line":785,"column":26},"end":{"line":785,"column":64}},"448":{"start":{"line":786,"column":16},"end":{"line":786,"column":36}},"449":{"start":{"line":787,"column":16},"end":{"line":787,"column":30}},"450":{"start":{"line":790,"column":35},"end":{"line":790,"column":70}},"451":{"start":{"line":791,"column":35},"end":{"line":791,"column":70}},"452":{"start":{"line":792,"column":16},"end":{"line":792,"column":60}},"453":{"start":{"line":792,"column":32},"end":{"line":792,"column":60}},"454":{"start":{"line":793,"column":16},"end":{"line":793,"column":60}},"455":{"start":{"line":793,"column":32},"end":{"line":793,"column":60}},"456":{"start":{"line":794,"column":16},"end":{"line":794,"column":45}},"457":{"start":{"line":799,"column":12},"end":{"line":799,"column":45}},"458":{"start":{"line":799,"column":38},"end":{"line":799,"column":45}},"459":{"start":{"line":801,"column":12},"end":{"line":804,"column":13}},"460":{"start":{"line":802,"column":16},"end":{"line":802,"column":71}},"461":{"start":{"line":803,"column":16},"end":{"line":803,"column":23}},"462":{"start":{"line":806,"column":12},"end":{"line":806,"column":40}},"463":{"start":{"line":808,"column":25},"end":{"line":808,"column":70}},"464":{"start":{"line":809,"column":28},"end":{"line":809,"column":63}},"465":{"start":{"line":810,"column":28},"end":{"line":810,"column":63}},"466":{"start":{"line":812,"column":12},"end":{"line":812,"column":49}},"467":{"start":{"line":812,"column":25},"end":{"line":812,"column":49}},"468":{"start":{"line":813,"column":12},"end":{"line":813,"column":49}},"469":{"start":{"line":813,"column":25},"end":{"line":813,"column":49}},"470":{"start":{"line":815,"column":12},"end":{"line":820,"column":13}},"471":{"start":{"line":816,"column":16},"end":{"line":818,"column":17}},"472":{"start":{"line":817,"column":20},"end":{"line":817,"column":53}},"473":{"start":{"line":819,"column":16},"end":{"line":819,"column":51}},"474":{"start":{"line":822,"column":12},"end":{"line":833,"column":20}},"475":{"start":{"line":823,"column":16},"end":{"line":823,"column":64}},"476":{"start":{"line":823,"column":26},"end":{"line":823,"column":64}},"477":{"start":{"line":824,"column":16},"end":{"line":824,"column":36}},"478":{"start":{"line":825,"column":16},"end":{"line":825,"column":30}},"479":{"start":{"line":828,"column":35},"end":{"line":828,"column":70}},"480":{"start":{"line":829,"column":35},"end":{"line":829,"column":70}},"481":{"start":{"line":830,"column":16},"end":{"line":830,"column":60}},"482":{"start":{"line":830,"column":32},"end":{"line":830,"column":60}},"483":{"start":{"line":831,"column":16},"end":{"line":831,"column":60}},"484":{"start":{"line":831,"column":32},"end":{"line":831,"column":60}},"485":{"start":{"line":832,"column":16},"end":{"line":832,"column":45}},"486":{"start":{"line":837,"column":12},"end":{"line":837,"column":45}},"487":{"start":{"line":837,"column":38},"end":{"line":837,"column":45}},"488":{"start":{"line":838,"column":25},"end":{"line":838,"column":70}},"489":{"start":{"line":839,"column":12},"end":{"line":841,"column":13}},"490":{"start":{"line":840,"column":16},"end":{"line":840,"column":49}},"491":{"start":{"line":845,"column":12},"end":{"line":851,"column":13}},"492":{"start":{"line":846,"column":16},"end":{"line":846,"column":44}},"493":{"start":{"line":847,"column":16},"end":{"line":847,"column":69}},"494":{"start":{"line":849,"column":16},"end":{"line":849,"column":46}},"495":{"start":{"line":850,"column":16},"end":{"line":850,"column":69}},"496":{"start":{"line":852,"column":12},"end":{"line":852,"column":128}},"497":{"start":{"line":854,"column":12},"end":{"line":858,"column":13}},"498":{"start":{"line":855,"column":16},"end":{"line":855,"column":71}},"499":{"start":{"line":857,"column":16},"end":{"line":857,"column":28}},"500":{"start":{"line":862,"column":29},"end":{"line":862,"column":68}},"501":{"start":{"line":863,"column":35},"end":{"line":863,"column":77}},"502":{"start":{"line":864,"column":34},"end":{"line":864,"column":75}},"503":{"start":{"line":866,"column":12},"end":{"line":872,"column":13}},"504":{"start":{"line":867,"column":16},"end":{"line":871,"column":18}},"505":{"start":{"line":874,"column":12},"end":{"line":884,"column":13}},"506":{"start":{"line":875,"column":16},"end":{"line":883,"column":18}},"507":{"start":{"line":887,"column":12},"end":{"line":887,"column":89}},"508":{"start":{"line":888,"column":12},"end":{"line":888,"column":89}},"509":{"start":{"line":889,"column":12},"end":{"line":889,"column":107}},"510":{"start":{"line":894,"column":8},"end":{"line":894,"column":39}},"511":{"start":{"line":895,"column":8},"end":{"line":895,"column":53}},"512":{"start":{"line":896,"column":8},"end":{"line":896,"column":36}},"513":{"start":{"line":897,"column":8},"end":{"line":897,"column":38}},"514":{"start":{"line":901,"column":29},"end":{"line":901,"column":69}},"515":{"start":{"line":902,"column":8},"end":{"line":902,"column":58}},"516":{"start":{"line":904,"column":8},"end":{"line":916,"column":9}},"517":{"start":{"line":905,"column":12},"end":{"line":911,"column":14}},"518":{"start":{"line":913,"column":12},"end":{"line":913,"column":106}},"519":{"start":{"line":914,"column":12},"end":{"line":914,"column":150}},"520":{"start":{"line":915,"column":12},"end":{"line":915,"column":115}},"521":{"start":{"line":920,"column":29},"end":{"line":920,"column":69}},"522":{"start":{"line":921,"column":8},"end":{"line":921,"column":58}},"523":{"start":{"line":923,"column":20},"end":{"line":923,"column":72}},"524":{"start":{"line":924,"column":8},"end":{"line":963,"column":9}},"525":{"start":{"line":925,"column":12},"end":{"line":925,"column":50}},"526":{"start":{"line":926,"column":12},"end":{"line":926,"column":51}},"527":{"start":{"line":927,"column":12},"end":{"line":927,"column":121}},"528":{"start":{"line":928,"column":12},"end":{"line":951,"column":14}},"529":{"start":{"line":952,"column":12},"end":{"line":952,"column":45}},"530":{"start":{"line":955,"column":12},"end":{"line":958,"column":15}},"531":{"start":{"line":956,"column":16},"end":{"line":956,"column":46}},"532":{"start":{"line":957,"column":16},"end":{"line":957,"column":56}},"533":{"start":{"line":959,"column":12},"end":{"line":962,"column":15}},"534":{"start":{"line":960,"column":16},"end":{"line":960,"column":46}},"535":{"start":{"line":961,"column":16},"end":{"line":961,"column":34}},"536":{"start":{"line":966,"column":8},"end":{"line":966,"column":104}},"537":{"start":{"line":967,"column":8},"end":{"line":967,"column":119}},"538":{"start":{"line":968,"column":8},"end":{"line":968,"column":109}},"539":{"start":{"line":969,"column":8},"end":{"line":969,"column":113}},"540":{"start":{"line":971,"column":33},"end":{"line":971,"column":78}},"541":{"start":{"line":972,"column":8},"end":{"line":972,"column":40}},"542":{"start":{"line":975,"column":8},"end":{"line":1003,"column":11}},"543":{"start":{"line":976,"column":29},"end":{"line":976,"column":96}},"544":{"start":{"line":976,"column":72},"end":{"line":976,"column":95}},"545":{"start":{"line":977,"column":12},"end":{"line":1002,"column":13}},"546":{"start":{"line":978,"column":33},"end":{"line":978,"column":63}},"547":{"start":{"line":979,"column":16},"end":{"line":979,"column":53}},"548":{"start":{"line":980,"column":16},"end":{"line":980,"column":53}},"549":{"start":{"line":981,"column":16},"end":{"line":981,"column":55}},"550":{"start":{"line":983,"column":39},"end":{"line":983,"column":69}},"551":{"start":{"line":984,"column":16},"end":{"line":984,"column":65}},"552":{"start":{"line":985,"column":16},"end":{"line":985,"column":61}},"553":{"start":{"line":988,"column":42},"end":{"line":988,"column":74}},"554":{"start":{"line":989,"column":16},"end":{"line":989,"column":169}},"555":{"start":{"line":990,"column":16},"end":{"line":990,"column":57}},"556":{"start":{"line":991,"column":16},"end":{"line":991,"column":74}},"557":{"start":{"line":992,"column":16},"end":{"line":992,"column":78}},"558":{"start":{"line":993,"column":16},"end":{"line":1000,"column":19}},"559":{"start":{"line":994,"column":20},"end":{"line":999,"column":23}},"560":{"start":{"line":1001,"column":16},"end":{"line":1001,"column":64}},"561":{"start":{"line":1005,"column":8},"end":{"line":1005,"column":41}},"562":{"start":{"line":1009,"column":8},"end":{"line":1009,"column":31}},"563":{"start":{"line":1020,"column":12},"end":{"line":1020,"column":34}},"564":{"start":{"line":1021,"column":12},"end":{"line":1021,"column":61}},"565":{"start":{"line":1022,"column":12},"end":{"line":1022,"column":30}},"566":{"start":{"line":1023,"column":12},"end":{"line":1023,"column":37}},"567":{"start":{"line":1024,"column":12},"end":{"line":1024,"column":37}},"568":{"start":{"line":1025,"column":12},"end":{"line":1025,"column":73}},"569":{"start":{"line":1026,"column":12},"end":{"line":1026,"column":37}},"570":{"start":{"line":1028,"column":12},"end":{"line":1030,"column":13}},"571":{"start":{"line":1029,"column":16},"end":{"line":1029,"column":84}},"572":{"start":{"line":1031,"column":12},"end":{"line":1031,"column":26}},"573":{"start":{"line":1035,"column":12},"end":{"line":1039,"column":13}},"574":{"start":{"line":1036,"column":16},"end":{"line":1036,"column":71}},"575":{"start":{"line":1037,"column":16},"end":{"line":1037,"column":34}},"576":{"start":{"line":1038,"column":16},"end":{"line":1038,"column":23}},"577":{"start":{"line":1040,"column":33},"end":{"line":1040,"column":72}},"578":{"start":{"line":1041,"column":12},"end":{"line":1041,"column":67}},"579":{"start":{"line":1044,"column":34},"end":{"line":1044,"column":59}},"580":{"start":{"line":1047,"column":12},"end":{"line":1049,"column":13}},"581":{"start":{"line":1048,"column":16},"end":{"line":1048,"column":69}},"582":{"start":{"line":1051,"column":12},"end":{"line":1082,"column":13}},"583":{"start":{"line":1052,"column":34},"end":{"line":1052,"column":36}},"584":{"start":{"line":1053,"column":38},"end":{"line":1053,"column":58}},"585":{"start":{"line":1054,"column":16},"end":{"line":1061,"column":19}},"586":{"start":{"line":1055,"column":20},"end":{"line":1060,"column":22}},"587":{"start":{"line":1063,"column":16},"end":{"line":1080,"column":18}},"588":{"start":{"line":1084,"column":12},"end":{"line":1084,"column":93}},"589":{"start":{"line":1084,"column":80},"end":{"line":1084,"column":91}},"590":{"start":{"line":1085,"column":12},"end":{"line":1085,"column":93}},"591":{"start":{"line":1085,"column":80},"end":{"line":1085,"column":91}},"592":{"start":{"line":1086,"column":12},"end":{"line":1086,"column":93}},"593":{"start":{"line":1086,"column":80},"end":{"line":1086,"column":91}},"594":{"start":{"line":1088,"column":12},"end":{"line":1088,"column":128}},"595":{"start":{"line":1089,"column":12},"end":{"line":1089,"column":152}},"596":{"start":{"line":1090,"column":35},"end":{"line":1090,"column":70}},"597":{"start":{"line":1091,"column":12},"end":{"line":1108,"column":13}},"598":{"start":{"line":1092,"column":16},"end":{"line":1103,"column":17}},"599":{"start":{"line":1093,"column":20},"end":{"line":1093,"column":76}},"600":{"start":{"line":1094,"column":20},"end":{"line":1094,"column":62}},"601":{"start":{"line":1097,"column":46},"end":{"line":1097,"column":91}},"602":{"start":{"line":1098,"column":42},"end":{"line":1098,"column":69}},"603":{"start":{"line":1099,"column":20},"end":{"line":1099,"column":50}},"604":{"start":{"line":1100,"column":20},"end":{"line":1100,"column":75}},"605":{"start":{"line":1101,"column":20},"end":{"line":1101,"column":75}},"606":{"start":{"line":1102,"column":20},"end":{"line":1102,"column":96}},"607":{"start":{"line":1105,"column":16},"end":{"line":1107,"column":17}},"608":{"start":{"line":1106,"column":20},"end":{"line":1106,"column":59}},"609":{"start":{"line":1109,"column":12},"end":{"line":1109,"column":89}},"610":{"start":{"line":1110,"column":12},"end":{"line":1110,"column":89}},"611":{"start":{"line":1111,"column":12},"end":{"line":1111,"column":89}},"612":{"start":{"line":1112,"column":12},"end":{"line":1112,"column":102}},"613":{"start":{"line":1115,"column":37},"end":{"line":1115,"column":81}},"614":{"start":{"line":1116,"column":12},"end":{"line":1116,"column":44}},"615":{"start":{"line":1117,"column":34},"end":{"line":1117,"column":54}},"616":{"start":{"line":1118,"column":12},"end":{"line":1125,"column":15}},"617":{"start":{"line":1119,"column":31},"end":{"line":1119,"column":63}},"618":{"start":{"line":1120,"column":16},"end":{"line":1120,"column":182}},"619":{"start":{"line":1121,"column":16},"end":{"line":1121,"column":47}},"620":{"start":{"line":1122,"column":16},"end":{"line":1122,"column":119}},"621":{"start":{"line":1123,"column":16},"end":{"line":1123,"column":125}},"622":{"start":{"line":1123,"column":56},"end":{"line":1123,"column":123}},"623":{"start":{"line":1124,"column":16},"end":{"line":1124,"column":53}},"624":{"start":{"line":1126,"column":12},"end":{"line":1126,"column":73}},"625":{"start":{"line":1130,"column":33},"end":{"line":1130,"column":72}},"626":{"start":{"line":1131,"column":30},"end":{"line":1131,"column":69}},"627":{"start":{"line":1132,"column":33},"end":{"line":1132,"column":88}},"628":{"start":{"line":1133,"column":37},"end":{"line":1133,"column":81}},"629":{"start":{"line":1134,"column":35},"end":{"line":1138,"column":15}},"630":{"start":{"line":1134,"column":88},"end":{"line":1138,"column":13}},"631":{"start":{"line":1142,"column":12},"end":{"line":1144,"column":13}},"632":{"start":{"line":1143,"column":16},"end":{"line":1143,"column":61}},"633":{"start":{"line":1146,"column":30},"end":{"line":1154,"column":13}},"634":{"start":{"line":1155,"column":12},"end":{"line":1155,"column":41}},"635":{"start":{"line":1156,"column":12},"end":{"line":1156,"column":58}},"636":{"start":{"line":1158,"column":12},"end":{"line":1158,"column":102}},"637":{"start":{"line":1159,"column":12},"end":{"line":1167,"column":13}},"638":{"start":{"line":1160,"column":16},"end":{"line":1166,"column":17}},"639":{"start":{"line":1161,"column":20},"end":{"line":1161,"column":48}},"640":{"start":{"line":1162,"column":20},"end":{"line":1162,"column":73}},"641":{"start":{"line":1164,"column":20},"end":{"line":1164,"column":50}},"642":{"start":{"line":1165,"column":20},"end":{"line":1165,"column":73}},"643":{"start":{"line":1170,"column":42},"end":{"line":1170,"column":101}},"644":{"start":{"line":1171,"column":41},"end":{"line":1171,"column":106}},"645":{"start":{"line":1173,"column":12},"end":{"line":1181,"column":13}},"646":{"start":{"line":1174,"column":16},"end":{"line":1176,"column":17}},"647":{"start":{"line":1175,"column":20},"end":{"line":1175,"column":86}},"648":{"start":{"line":1178,"column":16},"end":{"line":1180,"column":17}},"649":{"start":{"line":1179,"column":20},"end":{"line":1179,"column":84}},"650":{"start":{"line":1184,"column":12},"end":{"line":1186,"column":13}},"651":{"start":{"line":1185,"column":16},"end":{"line":1185,"column":81}},"652":{"start":{"line":1189,"column":12},"end":{"line":1189,"column":123}},"653":{"start":{"line":1190,"column":12},"end":{"line":1193,"column":15}},"654":{"start":{"line":1191,"column":16},"end":{"line":1191,"column":34}},"655":{"start":{"line":1192,"column":16},"end":{"line":1192,"column":56}},"656":{"start":{"line":1194,"column":12},"end":{"line":1196,"column":13}},"657":{"start":{"line":1195,"column":16},"end":{"line":1195,"column":132}},"658":{"start":{"line":1200,"column":12},"end":{"line":1211,"column":13}},"659":{"start":{"line":1201,"column":40},"end":{"line":1201,"column":103}},"660":{"start":{"line":1202,"column":16},"end":{"line":1210,"column":17}},"661":{"start":{"line":1204,"column":20},"end":{"line":1204,"column":32}},"662":{"start":{"line":1207,"column":20},"end":{"line":1207,"column":45}},"663":{"start":{"line":1208,"column":20},"end":{"line":1208,"column":40}},"664":{"start":{"line":1209,"column":20},"end":{"line":1209,"column":34}},"665":{"start":{"line":1216,"column":36},"end":{"line":1216,"column":99}},"666":{"start":{"line":1217,"column":12},"end":{"line":1221,"column":13}},"667":{"start":{"line":1220,"column":16},"end":{"line":1220,"column":23}},"668":{"start":{"line":1223,"column":12},"end":{"line":1229,"column":13}},"669":{"start":{"line":1224,"column":16},"end":{"line":1224,"column":41}},"670":{"start":{"line":1225,"column":16},"end":{"line":1225,"column":36}},"671":{"start":{"line":1226,"column":16},"end":{"line":1226,"column":30}},"672":{"start":{"line":1228,"column":16},"end":{"line":1228,"column":38}},"673":{"start":{"line":1233,"column":12},"end":{"line":1268,"column":13}},"674":{"start":{"line":1234,"column":35},"end":{"line":1234,"column":68}},"675":{"start":{"line":1235,"column":16},"end":{"line":1235,"column":38}},"676":{"start":{"line":1236,"column":16},"end":{"line":1236,"column":40}},"677":{"start":{"line":1249,"column":41},"end":{"line":1249,"column":85}},"678":{"start":{"line":1250,"column":42},"end":{"line":1250,"column":87}},"679":{"start":{"line":1253,"column":16},"end":{"line":1253,"column":49}},"680":{"start":{"line":1256,"column":16},"end":{"line":1260,"column":19}},"681":{"start":{"line":1257,"column":20},"end":{"line":1257,"column":44}},"682":{"start":{"line":1258,"column":20},"end":{"line":1258,"column":88}},"683":{"start":{"line":1259,"column":20},"end":{"line":1259,"column":77}},"684":{"start":{"line":1267,"column":16},"end":{"line":1267,"column":156}},"685":{"start":{"line":1272,"column":12},"end":{"line":1272,"column":54}},"686":{"start":{"line":1273,"column":12},"end":{"line":1273,"column":32}},"687":{"start":{"line":1275,"column":12},"end":{"line":1289,"column":13}},"688":{"start":{"line":1276,"column":16},"end":{"line":1283,"column":18}},"689":{"start":{"line":1285,"column":16},"end":{"line":1285,"column":105}},"690":{"start":{"line":1286,"column":16},"end":{"line":1286,"column":137}},"691":{"start":{"line":1287,"column":16},"end":{"line":1287,"column":143}},"692":{"start":{"line":1288,"column":16},"end":{"line":1288,"column":114}},"693":{"start":{"line":1293,"column":33},"end":{"line":1293,"column":72}},"694":{"start":{"line":1294,"column":12},"end":{"line":1294,"column":152}},"695":{"start":{"line":1295,"column":35},"end":{"line":1295,"column":70}},"696":{"start":{"line":1296,"column":12},"end":{"line":1312,"column":13}},"697":{"start":{"line":1297,"column":16},"end":{"line":1307,"column":17}},"698":{"start":{"line":1298,"column":20},"end":{"line":1298,"column":76}},"699":{"start":{"line":1299,"column":20},"end":{"line":1299,"column":62}},"700":{"start":{"line":1301,"column":46},"end":{"line":1301,"column":91}},"701":{"start":{"line":1302,"column":42},"end":{"line":1302,"column":69}},"702":{"start":{"line":1303,"column":20},"end":{"line":1303,"column":50}},"703":{"start":{"line":1304,"column":20},"end":{"line":1304,"column":75}},"704":{"start":{"line":1305,"column":20},"end":{"line":1305,"column":75}},"705":{"start":{"line":1306,"column":20},"end":{"line":1306,"column":96}},"706":{"start":{"line":1309,"column":16},"end":{"line":1311,"column":17}},"707":{"start":{"line":1310,"column":20},"end":{"line":1310,"column":59}},"708":{"start":{"line":1315,"column":37},"end":{"line":1315,"column":81}},"709":{"start":{"line":1316,"column":34},"end":{"line":1316,"column":84}},"710":{"start":{"line":1317,"column":34},"end":{"line":1317,"column":54}},"711":{"start":{"line":1320,"column":12},"end":{"line":1332,"column":15}},"712":{"start":{"line":1321,"column":39},"end":{"line":1321,"column":78}},"713":{"start":{"line":1322,"column":16},"end":{"line":1327,"column":17}},"714":{"start":{"line":1326,"column":20},"end":{"line":1326,"column":71}},"715":{"start":{"line":1328,"column":41},"end":{"line":1328,"column":81}},"716":{"start":{"line":1329,"column":16},"end":{"line":1331,"column":17}},"717":{"start":{"line":1330,"column":20},"end":{"line":1330,"column":72}},"718":{"start":{"line":1335,"column":12},"end":{"line":1335,"column":89}},"719":{"start":{"line":1336,"column":12},"end":{"line":1336,"column":89}},"720":{"start":{"line":1337,"column":12},"end":{"line":1337,"column":89}},"721":{"start":{"line":1338,"column":12},"end":{"line":1338,"column":102}},"722":{"start":{"line":1341,"column":38},"end":{"line":1341,"column":83}},"723":{"start":{"line":1342,"column":12},"end":{"line":1355,"column":13}},"724":{"start":{"line":1346,"column":34},"end":{"line":1346,"column":112}},"725":{"start":{"line":1347,"column":16},"end":{"line":1354,"column":17}},"726":{"start":{"line":1348,"column":45},"end":{"line":1348,"column":110}},"727":{"start":{"line":1349,"column":20},"end":{"line":1353,"column":21}},"728":{"start":{"line":1350,"column":24},"end":{"line":1350,"column":111}},"729":{"start":{"line":1352,"column":24},"end":{"line":1352,"column":111}},"730":{"start":{"line":1360,"column":8},"end":{"line":1360,"column":34}},"731":{"start":{"line":1361,"column":8},"end":{"line":1361,"column":53}},"732":{"start":{"line":1362,"column":8},"end":{"line":1362,"column":31}},"733":{"start":{"line":1363,"column":8},"end":{"line":1363,"column":38}},"734":{"start":{"line":1367,"column":8},"end":{"line":1367,"column":40}},"735":{"start":{"line":1368,"column":8},"end":{"line":1368,"column":53}},"736":{"start":{"line":1369,"column":8},"end":{"line":1369,"column":37}},"737":{"start":{"line":1370,"column":8},"end":{"line":1370,"column":38}},"738":{"start":{"line":1375,"column":8},"end":{"line":1379,"column":9}},"739":{"start":{"line":1376,"column":12},"end":{"line":1376,"column":38}},"740":{"start":{"line":1378,"column":12},"end":{"line":1378,"column":19}},"741":{"start":{"line":1381,"column":8},"end":{"line":1381,"column":37}},"742":{"start":{"line":1382,"column":8},"end":{"line":1382,"column":53}},"743":{"start":{"line":1383,"column":8},"end":{"line":1383,"column":34}},"744":{"start":{"line":1384,"column":8},"end":{"line":1384,"column":38}},"745":{"start":{"line":1388,"column":8},"end":{"line":1388,"column":38}},"746":{"start":{"line":1389,"column":8},"end":{"line":1389,"column":53}},"747":{"start":{"line":1390,"column":8},"end":{"line":1390,"column":35}},"748":{"start":{"line":1391,"column":8},"end":{"line":1391,"column":38}},"749":{"start":{"line":1404,"column":12},"end":{"line":1404,"column":34}},"750":{"start":{"line":1405,"column":12},"end":{"line":1405,"column":61}},"751":{"start":{"line":1406,"column":12},"end":{"line":1406,"column":37}},"752":{"start":{"line":1407,"column":12},"end":{"line":1407,"column":73}},"753":{"start":{"line":1408,"column":12},"end":{"line":1410,"column":13}},"754":{"start":{"line":1409,"column":16},"end":{"line":1409,"column":84}},"755":{"start":{"line":1411,"column":12},"end":{"line":1411,"column":26}},"756":{"start":{"line":1412,"column":40},"end":{"line":1412,"column":88}},"757":{"start":{"line":1413,"column":12},"end":{"line":1415,"column":13}},"758":{"start":{"line":1414,"column":16},"end":{"line":1414,"column":63}},"759":{"start":{"line":1419,"column":12},"end":{"line":1423,"column":13}},"760":{"start":{"line":1420,"column":16},"end":{"line":1420,"column":77}},"761":{"start":{"line":1421,"column":16},"end":{"line":1421,"column":34}},"762":{"start":{"line":1422,"column":16},"end":{"line":1422,"column":23}},"763":{"start":{"line":1424,"column":33},"end":{"line":1424,"column":72}},"764":{"start":{"line":1425,"column":12},"end":{"line":1425,"column":67}},"765":{"start":{"line":1427,"column":12},"end":{"line":1455,"column":13}},"766":{"start":{"line":1428,"column":16},"end":{"line":1444,"column":18}},"767":{"start":{"line":1446,"column":16},"end":{"line":1446,"column":97}},"768":{"start":{"line":1446,"column":84},"end":{"line":1446,"column":95}},"769":{"start":{"line":1447,"column":16},"end":{"line":1447,"column":109}},"770":{"start":{"line":1447,"column":84},"end":{"line":1447,"column":107}},"771":{"start":{"line":1448,"column":16},"end":{"line":1448,"column":97}},"772":{"start":{"line":1448,"column":84},"end":{"line":1448,"column":95}},"773":{"start":{"line":1458,"column":12},"end":{"line":1458,"column":281}},"774":{"start":{"line":1459,"column":12},"end":{"line":1459,"column":73}},"775":{"start":{"line":1461,"column":31},"end":{"line":1461,"column":74}},"776":{"start":{"line":1462,"column":12},"end":{"line":1462,"column":36}},"777":{"start":{"line":1463,"column":12},"end":{"line":1463,"column":42}},"778":{"start":{"line":1464,"column":12},"end":{"line":1464,"column":76}},"779":{"start":{"line":1465,"column":12},"end":{"line":1465,"column":33}},"780":{"start":{"line":1467,"column":41},"end":{"line":1467,"column":82}},"781":{"start":{"line":1468,"column":12},"end":{"line":1485,"column":13}},"782":{"start":{"line":1469,"column":16},"end":{"line":1480,"column":17}},"783":{"start":{"line":1470,"column":20},"end":{"line":1470,"column":82}},"784":{"start":{"line":1471,"column":20},"end":{"line":1471,"column":68}},"785":{"start":{"line":1474,"column":46},"end":{"line":1474,"column":91}},"786":{"start":{"line":1475,"column":42},"end":{"line":1475,"column":69}},"787":{"start":{"line":1476,"column":20},"end":{"line":1476,"column":56}},"788":{"start":{"line":1477,"column":20},"end":{"line":1477,"column":75}},"789":{"start":{"line":1478,"column":20},"end":{"line":1478,"column":75}},"790":{"start":{"line":1479,"column":20},"end":{"line":1479,"column":96}},"791":{"start":{"line":1482,"column":16},"end":{"line":1484,"column":17}},"792":{"start":{"line":1483,"column":20},"end":{"line":1483,"column":65}},"793":{"start":{"line":1489,"column":33},"end":{"line":1489,"column":76}},"794":{"start":{"line":1490,"column":31},"end":{"line":1490,"column":56}},"795":{"start":{"line":1492,"column":12},"end":{"line":1494,"column":13}},"796":{"start":{"line":1493,"column":16},"end":{"line":1493,"column":23}},"797":{"start":{"line":1496,"column":33},"end":{"line":1496,"column":72}},"798":{"start":{"line":1497,"column":30},"end":{"line":1497,"column":93}},"799":{"start":{"line":1499,"column":12},"end":{"line":1511,"column":13}},"800":{"start":{"line":1500,"column":16},"end":{"line":1500,"column":44}},"801":{"start":{"line":1501,"column":16},"end":{"line":1501,"column":69}},"802":{"start":{"line":1502,"column":16},"end":{"line":1502,"column":61}},"803":{"start":{"line":1503,"column":16},"end":{"line":1503,"column":206}},"804":{"start":{"line":1504,"column":16},"end":{"line":1504,"column":176}},"805":{"start":{"line":1506,"column":16},"end":{"line":1506,"column":46}},"806":{"start":{"line":1507,"column":16},"end":{"line":1507,"column":69}},"807":{"start":{"line":1508,"column":16},"end":{"line":1508,"column":59}},"808":{"start":{"line":1509,"column":16},"end":{"line":1509,"column":206}},"809":{"start":{"line":1510,"column":16},"end":{"line":1510,"column":177}},"810":{"start":{"line":1512,"column":12},"end":{"line":1512,"column":41}},"811":{"start":{"line":1513,"column":12},"end":{"line":1513,"column":128}},"812":{"start":{"line":1517,"column":31},"end":{"line":1517,"column":49}},"813":{"start":{"line":1518,"column":12},"end":{"line":1529,"column":13}},"814":{"start":{"line":1519,"column":16},"end":{"line":1525,"column":17}},"815":{"start":{"line":1520,"column":20},"end":{"line":1520,"column":48}},"816":{"start":{"line":1521,"column":20},"end":{"line":1521,"column":74}},"817":{"start":{"line":1523,"column":20},"end":{"line":1523,"column":50}},"818":{"start":{"line":1524,"column":20},"end":{"line":1524,"column":74}},"819":{"start":{"line":1526,"column":16},"end":{"line":1526,"column":53}},"820":{"start":{"line":1527,"column":16},"end":{"line":1527,"column":30}},"821":{"start":{"line":1528,"column":16},"end":{"line":1528,"column":132}},"822":{"start":{"line":1535,"column":12},"end":{"line":1538,"column":13}},"823":{"start":{"line":1536,"column":16},"end":{"line":1536,"column":36}},"824":{"start":{"line":1537,"column":16},"end":{"line":1537,"column":30}},"825":{"start":{"line":1542,"column":12},"end":{"line":1547,"column":13}},"826":{"start":{"line":1543,"column":16},"end":{"line":1543,"column":36}},"827":{"start":{"line":1544,"column":16},"end":{"line":1544,"column":30}},"828":{"start":{"line":1546,"column":16},"end":{"line":1546,"column":38}},"829":{"start":{"line":1551,"column":33},"end":{"line":1551,"column":76}},"830":{"start":{"line":1552,"column":12},"end":{"line":1556,"column":13}},"831":{"start":{"line":1553,"column":16},"end":{"line":1553,"column":36}},"832":{"start":{"line":1555,"column":16},"end":{"line":1555,"column":28}},"833":{"start":{"line":1560,"column":12},"end":{"line":1560,"column":54}},"834":{"start":{"line":1561,"column":12},"end":{"line":1561,"column":32}},"835":{"start":{"line":1563,"column":12},"end":{"line":1577,"column":13}},"836":{"start":{"line":1564,"column":16},"end":{"line":1571,"column":18}},"837":{"start":{"line":1573,"column":16},"end":{"line":1573,"column":111}},"838":{"start":{"line":1574,"column":16},"end":{"line":1574,"column":143}},"839":{"start":{"line":1575,"column":16},"end":{"line":1575,"column":149}},"840":{"start":{"line":1576,"column":16},"end":{"line":1576,"column":120}},"841":{"start":{"line":1581,"column":33},"end":{"line":1581,"column":72}},"842":{"start":{"line":1582,"column":38},"end":{"line":1582,"column":138}},"843":{"start":{"line":1583,"column":12},"end":{"line":1583,"column":281}},"844":{"start":{"line":1584,"column":31},"end":{"line":1584,"column":74}},"845":{"start":{"line":1585,"column":12},"end":{"line":1585,"column":51}},"846":{"start":{"line":1586,"column":12},"end":{"line":1586,"column":33}},"847":{"start":{"line":1589,"column":12},"end":{"line":1602,"column":13}},"848":{"start":{"line":1590,"column":37},"end":{"line":1590,"column":178}},"849":{"start":{"line":1591,"column":16},"end":{"line":1591,"column":87}},"850":{"start":{"line":1592,"column":16},"end":{"line":1592,"column":45}},"851":{"start":{"line":1593,"column":16},"end":{"line":1597,"column":17}},"852":{"start":{"line":1594,"column":20},"end":{"line":1594,"column":65}},"853":{"start":{"line":1596,"column":20},"end":{"line":1596,"column":63}},"854":{"start":{"line":1599,"column":16},"end":{"line":1599,"column":77}},"855":{"start":{"line":1600,"column":16},"end":{"line":1600,"column":46}},"856":{"start":{"line":1601,"column":16},"end":{"line":1601,"column":80}},"857":{"start":{"line":1607,"column":29},"end":{"line":1607,"column":69}},"858":{"start":{"line":1608,"column":32},"end":{"line":1608,"column":34}},"859":{"start":{"line":1610,"column":8},"end":{"line":1613,"column":11}},"860":{"start":{"line":1611,"column":12},"end":{"line":1611,"column":47}},"861":{"start":{"line":1612,"column":12},"end":{"line":1612,"column":47}},"862":{"start":{"line":1615,"column":8},"end":{"line":1658,"column":11}},"863":{"start":{"line":1616,"column":25},"end":{"line":1616,"column":52}},"864":{"start":{"line":1617,"column":25},"end":{"line":1617,"column":52}},"865":{"start":{"line":1619,"column":26},"end":{"line":1619,"column":44}},"866":{"start":{"line":1620,"column":26},"end":{"line":1620,"column":44}},"867":{"start":{"line":1623,"column":12},"end":{"line":1657,"column":13}},"868":{"start":{"line":1624,"column":16},"end":{"line":1650,"column":17}},"869":{"start":{"line":1625,"column":20},"end":{"line":1649,"column":21}},"870":{"start":{"line":1626,"column":24},"end":{"line":1632,"column":25}},"871":{"start":{"line":1627,"column":28},"end":{"line":1627,"column":50}},"872":{"start":{"line":1628,"column":31},"end":{"line":1632,"column":25}},"873":{"start":{"line":1629,"column":28},"end":{"line":1629,"column":45}},"874":{"start":{"line":1630,"column":31},"end":{"line":1632,"column":25}},"875":{"start":{"line":1631,"column":28},"end":{"line":1631,"column":51}},"876":{"start":{"line":1634,"column":24},"end":{"line":1648,"column":25}},"877":{"start":{"line":1635,"column":28},"end":{"line":1635,"column":50}},"878":{"start":{"line":1636,"column":31},"end":{"line":1648,"column":25}},"879":{"start":{"line":1637,"column":52},"end":{"line":1637,"column":115}},"880":{"start":{"line":1638,"column":28},"end":{"line":1640,"column":29}},"881":{"start":{"line":1639,"column":32},"end":{"line":1639,"column":49}},"882":{"start":{"line":1641,"column":31},"end":{"line":1648,"column":25}},"883":{"start":{"line":1642,"column":49},"end":{"line":1642,"column":92}},"884":{"start":{"line":1643,"column":28},"end":{"line":1645,"column":29}},"885":{"start":{"line":1644,"column":32},"end":{"line":1644,"column":55}},"886":{"start":{"line":1646,"column":31},"end":{"line":1648,"column":25}},"887":{"start":{"line":1652,"column":16},"end":{"line":1656,"column":17}},"888":{"start":{"line":1653,"column":20},"end":{"line":1655,"column":21}},"889":{"start":{"line":1654,"column":24},"end":{"line":1654,"column":46}},"890":{"start":{"line":1677,"column":12},"end":{"line":1677,"column":65}},"891":{"start":{"line":1678,"column":12},"end":{"line":1678,"column":37}},"892":{"start":{"line":1679,"column":12},"end":{"line":1679,"column":73}},"893":{"start":{"line":1682,"column":12},"end":{"line":1682,"column":109}},"894":{"start":{"line":1683,"column":12},"end":{"line":1683,"column":34}},"895":{"start":{"line":1684,"column":12},"end":{"line":1684,"column":44}},"896":{"start":{"line":1685,"column":12},"end":{"line":1685,"column":61}},"897":{"start":{"line":1686,"column":12},"end":{"line":1686,"column":30}},"898":{"start":{"line":1687,"column":12},"end":{"line":1687,"column":40}},"899":{"start":{"line":1688,"column":12},"end":{"line":1688,"column":41}},"900":{"start":{"line":1689,"column":12},"end":{"line":1689,"column":33}},"901":{"start":{"line":1692,"column":36},"end":{"line":1692,"column":38}},"902":{"start":{"line":1693,"column":12},"end":{"line":1698,"column":15}},"903":{"start":{"line":1694,"column":16},"end":{"line":1696,"column":17}},"904":{"start":{"line":1695,"column":20},"end":{"line":1695,"column":56}},"905":{"start":{"line":1697,"column":16},"end":{"line":1697,"column":63}},"906":{"start":{"line":1700,"column":32},"end":{"line":1700,"column":34}},"907":{"start":{"line":1701,"column":49},"end":{"line":1701,"column":51}},"908":{"start":{"line":1704,"column":12},"end":{"line":1708,"column":15}},"909":{"start":{"line":1705,"column":16},"end":{"line":1707,"column":17}},"910":{"start":{"line":1706,"column":20},"end":{"line":1706,"column":133}},"911":{"start":{"line":1711,"column":12},"end":{"line":1711,"column":95}},"912":{"start":{"line":1715,"column":37},"end":{"line":1715,"column":39}},"913":{"start":{"line":1716,"column":12},"end":{"line":1716,"column":99}},"914":{"start":{"line":1716,"column":51},"end":{"line":1716,"column":97}},"915":{"start":{"line":1719,"column":12},"end":{"line":1724,"column":15}},"916":{"start":{"line":1721,"column":16},"end":{"line":1723,"column":17}},"917":{"start":{"line":1721,"column":48},"end":{"line":1721,"column":81}},"918":{"start":{"line":1722,"column":20},"end":{"line":1722,"column":68}},"919":{"start":{"line":1727,"column":12},"end":{"line":1732,"column":15}},"920":{"start":{"line":1728,"column":16},"end":{"line":1731,"column":17}},"921":{"start":{"line":1729,"column":33},"end":{"line":1729,"column":82}},"922":{"start":{"line":1730,"column":20},"end":{"line":1730,"column":45}},"923":{"start":{"line":1735,"column":33},"end":{"line":1735,"column":35}},"924":{"start":{"line":1736,"column":12},"end":{"line":1738,"column":13}},"925":{"start":{"line":1737,"column":16},"end":{"line":1737,"column":85}},"926":{"start":{"line":1739,"column":12},"end":{"line":1739,"column":63}},"927":{"start":{"line":1741,"column":20},"end":{"line":1741,"column":21}},"928":{"start":{"line":1742,"column":12},"end":{"line":1748,"column":13}},"929":{"start":{"line":1743,"column":34},"end":{"line":1743,"column":51}},"930":{"start":{"line":1744,"column":16},"end":{"line":1746,"column":17}},"931":{"start":{"line":1745,"column":20},"end":{"line":1745,"column":50}},"932":{"start":{"line":1747,"column":16},"end":{"line":1747,"column":20}},"933":{"start":{"line":1750,"column":12},"end":{"line":1750,"column":58}},"934":{"start":{"line":1751,"column":12},"end":{"line":1751,"column":37}},"935":{"start":{"line":1752,"column":12},"end":{"line":1752,"column":26}},"936":{"start":{"line":1756,"column":12},"end":{"line":1756,"column":67}},"937":{"start":{"line":1757,"column":12},"end":{"line":1775,"column":14}},"938":{"start":{"line":1777,"column":12},"end":{"line":1777,"column":31}},"939":{"start":{"line":1778,"column":12},"end":{"line":1778,"column":36}},"940":{"start":{"line":1779,"column":12},"end":{"line":1779,"column":37}},"941":{"start":{"line":1780,"column":12},"end":{"line":1780,"column":118}},"942":{"start":{"line":1784,"column":12},"end":{"line":1784,"column":61}},"943":{"start":{"line":1785,"column":29},"end":{"line":1785,"column":33}},"944":{"start":{"line":1787,"column":12},"end":{"line":1811,"column":15}},"945":{"start":{"line":1788,"column":33},"end":{"line":1788,"column":107}},"946":{"start":{"line":1789,"column":16},"end":{"line":1789,"column":38}},"947":{"start":{"line":1789,"column":31},"end":{"line":1789,"column":38}},"948":{"start":{"line":1791,"column":47},"end":{"line":1791,"column":69}},"949":{"start":{"line":1792,"column":42},"end":{"line":1792,"column":131}},"950":{"start":{"line":1795,"column":41},"end":{"line":1795,"column":94}},"951":{"start":{"line":1795,"column":75},"end":{"line":1795,"column":93}},"952":{"start":{"line":1796,"column":40},"end":{"line":1796,"column":91}},"953":{"start":{"line":1799,"column":16},"end":{"line":1799,"column":86}},"954":{"start":{"line":1801,"column":16},"end":{"line":1810,"column":17}},"955":{"start":{"line":1802,"column":20},"end":{"line":1802,"column":48}},"956":{"start":{"line":1803,"column":20},"end":{"line":1803,"column":57}},"957":{"start":{"line":1804,"column":20},"end":{"line":1804,"column":73}},"958":{"start":{"line":1806,"column":20},"end":{"line":1806,"column":50}},"959":{"start":{"line":1807,"column":20},"end":{"line":1807,"column":58}},"960":{"start":{"line":1808,"column":20},"end":{"line":1808,"column":71}},"961":{"start":{"line":1809,"column":20},"end":{"line":1809,"column":39}},"962":{"start":{"line":1813,"column":12},"end":{"line":1815,"column":13}},"963":{"start":{"line":1814,"column":16},"end":{"line":1814,"column":65}},"964":{"start":{"line":1816,"column":12},"end":{"line":1816,"column":54}},"965":{"start":{"line":1817,"column":12},"end":{"line":1817,"column":39}},"966":{"start":{"line":1818,"column":12},"end":{"line":1818,"column":118}},"967":{"start":{"line":1822,"column":12},"end":{"line":1826,"column":13}},"968":{"start":{"line":1823,"column":16},"end":{"line":1823,"column":37}},"969":{"start":{"line":1824,"column":16},"end":{"line":1824,"column":44}},"970":{"start":{"line":1825,"column":16},"end":{"line":1825,"column":23}},"971":{"start":{"line":1828,"column":12},"end":{"line":1848,"column":13}},"972":{"start":{"line":1829,"column":35},"end":{"line":1829,"column":53}},"973":{"start":{"line":1830,"column":33},"end":{"line":1830,"column":75}},"974":{"start":{"line":1831,"column":39},"end":{"line":1831,"column":79}},"975":{"start":{"line":1833,"column":16},"end":{"line":1847,"column":17}},"976":{"start":{"line":1834,"column":20},"end":{"line":1834,"column":57}},"977":{"start":{"line":1835,"column":20},"end":{"line":1835,"column":41}},"978":{"start":{"line":1846,"column":20},"end":{"line":1846,"column":126}},"979":{"start":{"line":1852,"column":12},"end":{"line":1855,"column":15}},"980":{"start":{"line":1853,"column":16},"end":{"line":1853,"column":86}},"981":{"start":{"line":1854,"column":16},"end":{"line":1854,"column":111}},"982":{"start":{"line":1859,"column":12},"end":{"line":1862,"column":13}},"983":{"start":{"line":1859,"column":25},"end":{"line":1859,"column":41}},"984":{"start":{"line":1860,"column":26},"end":{"line":1860,"column":61}},"985":{"start":{"line":1861,"column":16},"end":{"line":1861,"column":60}},"986":{"start":{"line":1863,"column":12},"end":{"line":1863,"column":25}},"987":{"start":{"line":1867,"column":12},"end":{"line":1867,"column":32}},"988":{"start":{"line":1871,"column":12},"end":{"line":1871,"column":49}},"989":{"start":{"line":1875,"column":12},"end":{"line":1875,"column":32}},"990":{"start":{"line":1876,"column":27},"end":{"line":1876,"column":48}},"991":{"start":{"line":1877,"column":12},"end":{"line":1877,"column":32}},"992":{"start":{"line":1877,"column":25},"end":{"line":1877,"column":32}},"993":{"start":{"line":1879,"column":29},"end":{"line":1879,"column":60}},"994":{"start":{"line":1880,"column":25},"end":{"line":1880,"column":34}},"995":{"start":{"line":1883,"column":12},"end":{"line":1885,"column":13}},"996":{"start":{"line":1884,"column":16},"end":{"line":1884,"column":46}},"997":{"start":{"line":1887,"column":12},"end":{"line":1909,"column":13}},"998":{"start":{"line":1888,"column":36},"end":{"line":1888,"column":61}},"999":{"start":{"line":1889,"column":36},"end":{"line":1889,"column":45}},"1000":{"start":{"line":1891,"column":16},"end":{"line":1908,"column":17}},"1001":{"start":{"line":1894,"column":33},"end":{"line":1894,"column":54}},"1002":{"start":{"line":1895,"column":45},"end":{"line":1895,"column":98}},"1003":{"start":{"line":1895,"column":79},"end":{"line":1895,"column":97}},"1004":{"start":{"line":1896,"column":44},"end":{"line":1896,"column":95}},"1005":{"start":{"line":1897,"column":42},"end":{"line":1897,"column":150}},"1006":{"start":{"line":1899,"column":20},"end":{"line":1904,"column":23}},"1007":{"start":{"line":1905,"column":20},"end":{"line":1905,"column":49}},"1008":{"start":{"line":1906,"column":20},"end":{"line":1906,"column":128}},"1009":{"start":{"line":1907,"column":20},"end":{"line":1907,"column":49}},"1010":{"start":{"line":1910,"column":12},"end":{"line":1910,"column":41}},"1011":{"start":{"line":1914,"column":29},"end":{"line":1914,"column":65}},"1012":{"start":{"line":1915,"column":31},"end":{"line":1915,"column":69}},"1013":{"start":{"line":1916,"column":37},"end":{"line":1916,"column":74}},"1014":{"start":{"line":1918,"column":12},"end":{"line":1923,"column":13}},"1015":{"start":{"line":1919,"column":29},"end":{"line":1919,"column":59}},"1016":{"start":{"line":1920,"column":16},"end":{"line":1922,"column":17}},"1017":{"start":{"line":1921,"column":20},"end":{"line":1921,"column":34}},"1018":{"start":{"line":1924,"column":12},"end":{"line":1924,"column":24}}
[...]
"89":0,"90":0,"91":0,"92":0,"93":0,"94":0,"95":0,"96":0,"97":0,"98":0,"99":0,"100":0,"101":0,"102":0,"103":0,"104":0,"105":0,"106":0,"107":0,"108":0,"109":0,"110":0,"111":0,"112":0,"113":0,"114":0,"115":0,"116":0,"117":0,"118":0,"119":0,"120":0,"121":0,"122":0,"123":0,"124":0,"125":0,"126":0,"127":0,"128":0,"129":0,"130":0,"131":0,"132":0,"133":0,"134":0,"135":0,"136":0,"137":0,"138":0,"139":0,"140":0,"141":0,"142":0,"143":0,"144":0,"145":0,"146":0,"147":0,"148":0,"149":0,"150":0,"151":0,"152":0,"153":0,"154":0,"155":0,"156":0,"157":0,"158":0,"159":0,"160":0,"161":0,"162":0,"163":0,"164":0,"165":0,"166":0,"167":0,"168":0,"169":0,"170":0,"171":0,"172":0,"173":0,"174":0,"175":0,"176":0,"177":0,"178":0,"179":0,"180":0,"181":0,"182":0,"183":0,"184":0,"185":0,"186":0,"187":0,"188":0,"189":0,"190":0,"191":0,"192":0,"193":0,"194":0,"195":0,"196":0,"197":0,"198":0,"199":0,"200":0,"201":0,"202":0,"203":0,"204":0,"205":0,"206":0,"207":0,"208":0,"209":0,"210":0,"211":0,"212":0,"213":0,"214":0,"215":0,"216":0,"217":0,"218":0,"219":0,"220":0,"221":0,"222":0,"223":0,"224":0,"225":0,"226":0,"227":0,"228":0,"229":0,"230":0,"231":0,"232":0,"233":0,"234":0,"235":0,"236":0,"237":0,"238":0,"239":0,"240":0,"241":0,"242":0,"243":0,"244":0,"245":0,"246":0,"247":0,"248":0,"249":0,"250":0,"251":0,"252":0,"253":0,"254":0,"255":0,"256":0,"257":0,"258":0,"259":0,"260":0,"261":0,"262":0,"263":0,"264":0,"265":0,"266":0,"267":0,"268":0,"269":0,"270":0,"271":0,"272":0,"273":0,"274":0,"275":0,"276":0,"277":0,"278":0,"279":0,"280":0,"281":0,"282":0,"283":0,"284":0,"285":0,"286":0,"287":0,"288":0,"289":0,"290":0,"291":0,"292":0,"293":0,"294":0,"295":0,"296":0,"297":0,"298":0,"299":0,"300":0,"301":0,"302":0,"303":0,"304":0,"305":0,"306":0,"307":0,"308":0,"309":0,"310":0,"311":0,"312":0,"313":0,"314":0,"315":0,"316":0,"317":0,"318":0,"319":0,"320":0,"321":0,"322":0,"323":0,"324":0,"325":0,"326":0,"327":0,"328":0,"329":0,"330":0,"331":0,"332":0,"333":0,"334":0,"335":0,"336":0,"337":0,"338":0,"339":0,"340":0,"341":0,"342":0,"343":0,"344":0,"345":0,"346":0,"347":0,"348":0,"349":0,"350":0,"351":0,"352":0,"353":0,"354":0,"355":0,"356":0,"357":0,"358":0,"359":0,"360":0,"361":0,"362":0,"363":0,"364":0,"365":0,"366":0,"367":0,"368":0,"369":0,"370":0,"371":0,"372":0,"373":0,"374":0,"375":0,"376":0,"377":0,"378":0,"379":0,"380":0,"381":0,"382":0,"383":0,"384":0,"385":0,"386":0,"387":0,"388":0,"389":0,"390":0,"391":0,"392":0,"393":0,"394":0,"395":0,"396":0,"397":0,"398":0,"399":0,"400":0,"401":0,"402":0,"403":0,"404":0,"405":0,"406":0,"407":0,"408":0,"409":0,"410":0,"411":0,"412":0,"413":0,"414":0,"415":0,"416":0,"417":0,"418":0,"419":0,"420":0,"421":0,"422":0,"423":0,"424":0,"425":0,"426":0,"427":0,"428":0,"429":0,"430":0,"431":0,"432":0,"433":0,"434":0,"435":0,"436":0,"437":0,"438":0,"439":0,"440":0,"441":0,"442":0,"443":0,"444":0,"445":0,"446":0,"447":0,"448":0,"449":0,"450":0,"451":0,"452":0,"453":0,"454":0,"455":0,"456":0,"457":0,"458":0,"459":0,"460":0,"461":0,"462":0,"463":0,"464":0,"465":0,"466":0,"467":0,"468":0,"469":0,"470":0,"471":0,"472":0,"473":0,"474":0,"475":0,"476":0,"477":0,"478":0,"479":0,"480":0,"481":0,"482":0,"483":0,"484":0,"485":0,"486":0,"487":0,"488":0,"489":0,"490":0,"491":0,"492":0,"493":0,"494":0,"495":0,"496":0,"497":0,"498":0,"499":0,"500":0,"501":0,"502":0,"503":0,"504":0,"505":0,"506":0,"507":0,"508":0,"509":0,"510":0,"511":0,"512":0,"513":0,"514":0,"515":0,"516":0,"517":0,"518":0,"519":0,"520":0,"521":0,"522":0,"523":0,"524":0,"525":0,"526":0,"527":0,"528":0,"529":0,"530":0,"531":0,"532":0,"533":0,"534":0,"535":0,"536":0,"537":0,"538":0,"539":0,"540":0,"541":0,"542":0,"543":0,"544":0,"545":0,"546":0,"547":0,"548":0,"549":0,"550":0,"551":0,"552":0,"553":0,"554":0,"555":0,"556":0,"557":0,"558":0,"559":0,"560":0,"561":0,"562":0,"563":0,"564":0,"565":0,"566":0,"567":0,"568":0,"569":0,"570":0,"571":0,"572":0,"573":0,"574":0,"575":0,"576":0,"577":0,"578":0,"579":0,"580":0,"581":0,"582":0,"583":0,"584":0,"585":0,"586":0,"587":0,"588":0,"589":0,"590":0,"591":0,"592":0,"593":0,"594":0,"595":0,"596":0,"597":0,"598":0,"599":0,"600":0,"601":0,"602":0,"603":0,"604":0,"605":0,"606":0,"607":0,"608":0,"609":0,"610":0,"611":0,"612":0,"613":0,"614":0,"615":0,"616":0,"617":0,"618":0,"619":0,"620":0,"621":0,"622":0,"623":0,"624":0,"625":0,"626":0,"627":0,"628":0,"629":0,"630":0,"631":0,"632":0,"633":0,"634":0,"635":0,"636":0,"637":0,"638":0,"639":0,"640":0,"641":0,"642":0,"643":0,"644":0,"645":0,"646":0,"647":0,"648":0,"649":0,"650":0,"651":0,"652":0,"653":0,"654":0,"655":0,"656":0,"657":0,"658":0,"659":0,"660":0,"661":0,"662":0,"663":0,"664":0,"665":0,"666":0,"667":0,"668":0,"669":0,"670":0,"671":0,"672":0,"673":0,"674":0,"675":0,"676":0,"677":0,"678":0,"679":0,"680":0,"681":0,"682":0,"683":0,"684":0,"685":0,"686":0,"687":0,"688":0,"689":0,"690":0,"691":0,"692":0,"693":0,"694":0,"695":0,"696":0,"697":0,"698":0,"699":0,"700":0,"701":0,"702":0,"703":0,"704":0,"705":0,"706":0,"707":0,"708":0,"709":0,"710":0,"711":0,"712":0,"713":0,"714":0,"715":0,"716":0,"717":0,"718":0,"719":0,"720":0,"721":0,"722":0,"723":0,"724":0,"725":0,"726":0,"727":0,"728":0,"729":0,"730":0,"731":0,"732":0,"733":0,"734":0,"735":0,"736":0,"737":0,"738":0,"739":0,"740":0,"741":0,"742":0,"743":0,"744":0,"745":0,"746":0,"747":0,"748":0,"749":0,"750":0,"751":0,"752":0,"753":0,"754":0,"755":0,"756":0,"757":0,"758":0,"759":0,"760":0,"761":0,"762":0,"763":0,"764":0,"765":0,"766":0,"767":0,"768":0,"769":0,"770":0,"771":0,"772":0,"773":0,"774":0,"775":0,"776":0,"777":0,"778":0,"779":0,"780":0,"781":0,"782":0,"783":0,"784":0,"785":0,"786":0,"787":0,"788":0,"789":0,"790":0,"791":0,"792":0,"793":0,"794":0,"795":0,"796":0,"797":0,"798":0,"799":0,"800":0,"801":0,"802":0,"803":0,"804":0,"805":0,"806":0,"807":0,"808":0,"809":0,"810":0,"811":0,"812":0,"813":0,"814":0,"815":0,"816":0,"817":0,"818":0,"819":0,"820":0,"821":0,"822":0,"823":0,"824":0,"825":0,"826":0,"827":0,"828":0,"829":0,"830":0,"831":0,"832":0,"833":0,"834":0,"835":0,"836":0,"837":0,"838":0,"839":0,"840":0,"841":0,"842":0,"843":0,"844":0,"845":0,"846":0,"847":0,"848":0,"849":0,"850":0,"851":0,"852":0,"853":0,"854":0,"855":0,"856":0,"857":0,"858":0,"859":0,"860":0,"861":0,"862":0,"863":0,"864":0,"865":0,"866":0,"867":0,"868":0,"869":0,"870":0,"871":0,"872":0,"873":0,"874":0,"875":0,"876":0,"877":0,"878":0,"879":0,"880":0,"881":0,"882":0,"883":0,"884":0,"885":0,"886":0,"887":0,"888":0,"889":0,"890":0,"891":0,"892":0,"893":0,"894":0,"895":0,"896":0,"897":0,"898":0,"899":0,"900":0,"901":0,"902":0,"903":0,"904":0,"905":0,"906":0,"907":0,"908":0,"909":0,"910":0,"911":0,"912":0,"913":0,"914":0,"915":0,"916":0,"917":0,"918":0,"919":0,"920":0,"921":0,"922":0,"923":0,"924":0,"925":0,"926":0,"927":0,"928":0,"929":0,"930":0,"931":0,"932":0,"933":0,"934":0,"935":0,"936":0,"937":0,"938":0,"939":0,"940":0,"941":0,"942":0,"943":0,"944":0,"945":0,"946":0,"947":0,"948":0,"949":0,"950":0,"951":0,"952":0,"953":0,"954":0,"955":0,"956":0,"957":0,"958":0,"959":0,"960":0,"961":0,"962":0,"963":0,"964":0,"965":0,"966":0,"967":0,"968":0,"969":0,"970":0,"971":0,"972":0,"973":0,"974":0,"975":0,"976":0,"977":0,"978":0,"979":0,"980":0,"981":0,"982":0,"983":0,"984":0,"985":0,"986":0,"987":0,"988":0,"989":0,"990":0,"991":0,"992":0,"993":0,"994":0,"995":0,"996":0,"997":0,"998":0,"999":0,"1000":0,"1001":0,"1002":0,"1003":0,"1004":0,"1005":0,"1006":0,"1007":0,"1008":0,"1009":0,"1010":0,"1011":0,"1012":0,"1013":0,"1014":0,"1015":0,"1016":0,"1017":0,"1018":0,"1019":0,"1020":0,"1021":0,"1022":0,"1023":0,"1024":0,"1025":0,"1026":0,"1027":0,"1028":0,"1029":0,"1030":0,"1031":0,"1032":0,"1033":0,"1034":0,"1035":0,"1036":0,"1037":0,"1038":0,"1039":0,"1040":0,"1041":0,"1042":0,"1043":0,"1044":0,"1045":0,"1046":0,"1047":0,"1048":0,"1049":0,"1050":0,"1051":0,"1052":0,"1053":0,"1054":0,"1055":0,"1056":0,"1057":0,"1058":0,"1059":0,"1060":0,"1061":0,"1062":0,"1063":0,"1064":0,"1065":0,"1066":0,"1067":0,"1068":0,"1069":0,"1070":0,"1071":0,"1072":0,"1073":0,"1074":0,"1075":0,"1076":0,"1077":0,"1078":0,"1079":0,"1080":0,"1081":0,"1082":0,"1083":0,"1084":0,"1085":0,"1086":0,"1087":0,"1088":0,"1089":0,"1090":0,"1091":0,"1092":0,"1093":0,"1094":0,"1095":0,"1096":0,"1097":0,"1098":0,"1099":0,"1100":0,"1101":0,"1102":0,"1103":0,"1104":0,"1105":0,"1106":0,"1107":0,"1108":0,"1109":0,"1110":0,"1111":0,"1112":0,"1113":0,"1114":0,"1115":0,"1116":0,"1117":0,"1118":0,"1119":0,"1120":0,"1121":0,"1122":0,"1123":0,"1124":0,"1125":0,"1126":0,"1127":0,"1128":0,"1129":0,"1130":0,"1131":0,"1132":0,"1133":0,"1134":0,"1135":0,"1136":0,"1137":0,"1138":0,"1139":0,"1140":0,"1141":0,"1142":0,"1143":0,"1144":0,"1145":0,"1146":0,"1147":0,"1148":0,"1149":0,"1150":0,"1151":0,"1152":0,"1153":0,"1154":0,"1155":0,"1156":0,"1157":0,"1158":0,"1159":0,"1160":0,"1161":0,"1162":0,"1163":0,"1164":0,"1165":0,"1166":0,"1167":0,"1168":0,"1169":0,"1170":0,"1171":0,"1172":0,"1173":0,"1174":0,"1175":0,"1176":0,"1177":0,"1178":0,"1179":0,"1180":0,"1181":0,"1182":0,"1183":0,"1184":0,"1185":0,"1186":0,"1187":0,"1188":0,"1189":0,"1190":0,"1191":0,"1192":0,"1193":0,"1194":0,"1195":0,"1196":0,"1197":0,"1198":0,"1199":0,"1200":0,"1201":0,"1202":0,"1203":0,"1204":0,"1205":0,"1206":0,"1207":0,"1208":0,"1209":0,"1210":0,"1211":0,"1212":0,"1213":0,"1214":0,"1215":0,"1216":0,"1217":0,"1218":0,"1219":0,"1220":0,"1221":0,"1222":0,"1223":0,"1224":0,"1225":0,"1226":0,"1227":0,"1228":0,"1229":0,"1230":0,"1231":0,"1232":0,"1233":0,"1234":0,"1235":0,"1236":0,"1237":0,"1238":0,"1239":0,"1240":0,"1241":0,"1242":0,"1243":0,"1244":0,"1245":0,"1246":0,"1247":0,"1248":0,"1249":0,"1250":0,"1251":0,"1252":0,"1253":0,"1254":0,"1255":0,"1256":0,"1257":0,"1258":0,"1259":0,"1260":0,"1261":0,"1262":0,"1263":0,"1264":0,"1265":0,"1266":0,"1267":0,"1268":0,"1269":0,"1270":0},"f":{"0":0,"1":0,"2":0,"3":0,"4":0,"5":0,"6":0,"7":0,"8":0,"9":0,"10":0,"11":0,"12":0,"13":0,"14":0,"15":0,"16":0,"17":0,"18":0,"19":0,"20":0,"21":0,"22":0,"23":0,"24":0,"25":0,"26":0,"27":0,"28":0,"29":0,"30":0,"31":0,"32":0,"33":0,"34":0,"35":0,"36":0,"37":0,"38":0,"39":0,"40":0,"41":0,"42":0,"43":0,"44":0,"45":0,"46":0,"47":0,"48":0,"49":0,"50":0,"51":0,"52":0,"53":0,"54":0,"55":0,"56":0,"57":0,"58":0,"59":0,"60":0,"61":0,"62":0,"63":0,"64":0,"65":0,"66":0,"67":0,"68":0,"69":0,"70":0,"71":0,"72":0,"73":0,"74":0,"75":0,"76":0,"77":0,"78":0,"79":0,"80":0,"81":0,"82":0,"83":0,"84":0,"85":0,"86":0,"87":0,"88":0,"89":0,"90":0,"91":0,"92":0,"93":0,"94":0,"95":0,"96":0,"97":0,"98":0,"99":0,"100":0,"101":0,"102":0,"103":0,"104":0,"105":0,"106":0,"107":0,"108":0,"109":0,"110":0,"111":0,"112":0,"113":0,"114":0,"115":0,"116":0,"117":0,"118":0,"119":0,"120":0,"121":0,"122":0,"123":0,"124":0,"125":0,"126":0,"127":0,"128":0,"129":0,"130":0,"131":0,"132":0,"133":0,"134":0,"135":0,"136":0,"137":0,"138":0,"139":0,"140":0,"141":0,"142":0,"143":0,"144":0,"145":0,"146":0,"147":0,"148":0,"149":0,"150":0,"151":0,"152":0,"153":0,"154":0,"155":0,"156":0,"157":0,"158":0,"159":0,"160":0,"161":0,"162":0,"163":0,"164":0},"b":{"0":[0,0],"1":[0,0],"2":[0,0],"3":[0,0],"4":[0,0],"5":[0,0],"6":[0,0],"7":[0,0],"8":[0,0],"9":[0,0],"10":[0,0],"11":[0,0],"12":[0,0],"13":[0,0],"14":[0,0],"15":[0,0],"16":[0,0],"17":[0,0],"18":[0,0],"19":[0,0],"20":[0,0],"21":[0,0],"22":[0,0],"23":[0,0],"24":[0,0],"25":[0,0],"26":[0,0],"27":[0,0],"28":[0,0],"29":[0,0],"30":[0,0],"31":[0,0],"32":[0,0],"33":[0,0],"34":[0,0],"35":[0,0],"36":[0,0],"37":[0,0],"38":[0,0],"39":[0,0],"40":[0,0],"41":[0,0],"42":[0,0],"43":[0,0],"44":[0,0,0,0,0],"45":[0,0],"46":[0,0,0],"47":[0,0],"48":[0,0],"49":[0,0],"50":[0,0],"51":[0,0],"52":[0,0],"53":[0,0],"54":[0,0],"55":[0,0],"56":[0,0],"57":[0,0],"58":[0,0],"59":[0,0],"60":[0,0,0,0,0],"61":[0,0],"62":[0,0],"63":[0,0],"64":[0,0],"65":[0,0],"66":[0,0],"67":[0,0],"68":[0,0],"69":[0,0],"70":[0,0],"71":[0,0],"72":[0,0],"73":[0,0],"74":[0,0],"75":[0,0],"76":[0,0],"77":[0,0],"78":[0,0],"79":[0,0],"80":[0,0],"81":[0,0],"82":[0,0],"83":[0,0],"84":[0,0],"85":[0,0],"86":[0,0],"87":[0,0],"88":[0,0],"89":[0,0],"90":[0,0],"91":[0,0],"92":[0,0],"93":[0,0],"94":[0,0],"95":[0,0],"96":[0,0],"97":[0,0],"98":[0,0],"99":[0,0],"100":[0,0],"101":[0,0],"102":[0,0],"103":[0,0],"104":[0,0],"105":[0,0],"106":[0,0],"107":[0,0],"108":[0,0],"109":[0,0],"110":[0,0],"111":[0,0],"112":[0,0],"113":[0,0],"114":[0,0],"115":[0,0],"116":[0,0],"117":[0,0,0],"118":[0,0],"119":[0,0],"120":[0,0],"121":[0,0],"122":[0,0],"123":[0,0],"124":[0,0],"125":[0,0],"126":[0,0],"127":[0,0],"128":[0,0],"129":[0,0],"130":[0,0],"131":[0,0],"132":[0,0],"133":[0,0],"134":[0,0],"135":[0,0],"136":[0,0],"137":[0,0],"138":[0,0],"139":[0,0],"140":[0,0],"141":[0,0],"142":[0,0],"143":[0,0],"144":[0,0],"145":[0,0],"146":[0,0],"147":[0,0],"148":[0,0],"149":[0,0],"150":[0,0],"151":[0,0],"152":[0,0,0],"153":[0,0],"154":[0,0],"155":[0,0],"156":[0,0],"157":[0,0],"158":[0,0],"159":[0,0],"160":[0,0],"161":[0,0],"162":[0,0],"163":[0,0],"164":[0,0],"165":[0,0],"166":[0,0],"167":[0,0],"168":[0,0],"169":[0,0],"170":[0,0],"171":[0,0],"172":[0,0],"173":[0,0],"174":[0,0],"175":[0,0],"176":[0,0],"177":[0,0],"178":[0,0],"179":[0,0],"180":[0,0],"181":[0,0],"182":[0,0],"183":[0,0],"184":[0,0],"185":[0,0],"186":[0,0],"187":[0,0],"188":[0,0],"189":[0,0,0],"190":[0,0],"191":[0,0],"192":[0,0],"193":[0,0],"194":[0,0],"195":[0,0],"196":[0,0],"197":[0,0],"198":[0,0],"199":[0,0],"200":[0,0],"201":[0,0],"202":[0,0],"203":[0,0],"204":[0,0],"205":[0,0],"206":[0,0],"207":[0,0],"208":[0,0],"209":[0,0],"210":[0,0],"211":[0,0],"212":[0,0],"213":[0,0],"214":[0,0],"215":[0,0],"216":[0,0],"217":[0,0],"218":[0,0],"219":[0,0],"220":[0,0],"221":[0,0],"222":[0,0],"223":[0,0],"224":[0,0],"225":[0,0],"226":[0,0],"227":[0,0],"228":[0,0],"229":[0,0],"230":[0,0],"231":[0,0],"232":[0,0],"233":[0,0],"234":[0,0],"235":[0,0],"236":[0,0],"237":[0,0],"238":[0,0],"239":[0,0],"240":[0,0,0],"241":[0,0],"242":[0,0,0],"243":[0,0],"244":[0,0],"245":[0,0,0],"246":[0,0],"247":[0,0,0,0],"248":[0,0],"249":[0,0],"250":[0,0],"251":[0,0],"252":[0,0,0],"253":[0,0],"254":[0,0],"255":[0,0,0],"256":[0,0],"257":[0,0],"258":[0,0],"259":[0,0],"260":[0,0],"261":[0,0],"262":[0,0],"263":[0,0],"264":[0,0],"265":[0,0],"266":[0,0],"267":[0,0],"268":[0,0],"269":[0,0],"270":[0,0],"271":[0,0],"272":[0,0],"273":[0,0],"274":[0,0],"275":[0,0],"276":[0,0],"277":[0,0],"278":[0,0],"279":[0,0],"280":[0,0],"281":[0,0],"282":[0,0],"283":[0,0],"284":[0,0,0],"285":[0,0,0,0,0,0]}}
,"/Users/gsuarez/Documents/Code/English3/src/js/interface.js": {"path":"/Users/gsuarez/Documents/Code/English3/src/js/interface.js","statementMap":{"0":{"start":{"line":1,"column":17},"end":{"line":102,"column":1}},"1":{"start":{"line":85,"column":8},"end":{"line":85,"column":48}},"2":{"start":{"line":89,"column":8},"end":{"line":92,"column":9}},"3":{"start":{"line":90,"column":12},"end":{"line":90,"column":41}},"4":{"start":{"line":91,"column":12},"end":{"line":91,"column":64}},"5":{"start":{"line":91,"column":48},"end":{"line":91,"column":62}},"6":{"start":{"line":96,"column":8},"end":{"line":96,"column":37}},"7":{"start":{"line":100,"column":8},"end":{"line":100,"column":39}},"8":{"start":{"line":105,"column":0},"end":{"line":144,"column":3}},"9":{"start":{"line":106,"column":21},"end":{"line":106,"column":62}},"10":{"start":{"line":107,"column":23},"end":{"line":107,"column":61}},"11":{"start":{"line":108,"column":31},"end":{"line":108,"column":79}},"12":{"start":{"line":109,"column":24},"end":{"line":109,"column":63}},"13":{"start":{"line":110,"column":26},"end":{"line":110,"column":67}},"14":{"start":{"line":112,"column":4},"end":{"line":143,"column":5}},"15":{"start":{"line":113,"column":8},"end":{"line":120,"column":11}},"16":{"start":{"line":114,"column":12},"end":{"line":114,"column":50}},"17":{"start":{"line":118,"column":12},"end":{"line":118,"column":60}},"18":{"start":{"line":119,"column":12},"end":{"line":119,"column":60}},"19":{"start":{"line":122,"column":8},"end":{"line":126,"column":11}},"20":{"start":{"line":123,"column":12},"end":{"line":123,"column":47}},"21":{"start":{"line":128,"column":8},"end":{"line":134,"column":11}},"22":{"start":{"line":129,"column":12},"end":{"line":133,"column":13}},"23":{"start":{"line":130,"column":16},"end":{"line":130,"column":51}},"24":{"start":{"line":136,"column":8},"end":{"line":142,"column":11}},"25":{"start":{"line":137,"column":12},"end":{"line":141,"column":13}},"26":{"start":{"line":138,"column":16},"end":{"line":138,"column":51}}},"fnMap":{"0":{"name":"(anonymous_0)","decl":{"start":{"line":84,"column":4},"end":{"line":84,"column":5}},"loc":{"start":{"line":84,"column":13},"end":{"line":86,"column":5}},"line":84},"1":{"name":"(anonymous_1)","decl":{"start":{"line":88,"column":4},"end":{"line":88,"column":5}},"loc":{"start":{"line":88,"column":22},"end":{"line":93,"column":5}},"line":88},"2":{"name":"(anonymous_2)","decl":{"start":{"line":91,"column":36},"end":{"line":91,"column":37}},"loc":{"start":{"line":91,"column":48},"end":{"line":91,"column":62}},"line":91},"3":{"name":"(anonymous_3)","decl":{"start":{"line":95,"column":4},"end":{"line":95,"column":5}},"loc":{"start":{"line":95,"column":18},"end":{"line":97,"column":5}},"line":95},"4":{"name":"(anonymous_4)","decl":{"start":{"line":99,"column":4},"end":{"line":99,"column":5}},"loc":{"start":{"line":99,"column":26},"end":{"line":101,"column":5}},"line":99},"5":{"name":"(anonymous_5)","decl":{"start":{"line":105,"column":46},"end":{"line":105,"column":47}},"loc":{"start":{"line":105,"column":52},"end":{"line":144,"column":1}},"line":105},"6":{"name":"(anonymous_6)","decl":{"start":{"line":113,"column":43},"end":{"line":113,"column":44}},"loc":{"start":{"line":113,"column":49},"end":{"line":120,"column":9}},"line":113},"7":{"name":"(anonymous_7)","decl":{"start":{"line":122,"column":53},"end":{"line":122,"column":54}},"loc":{"start":{"line":122,"column":59},"end":{"line":126,"column":9}},"line":122},"8":{"name":"(anonymous_8)","decl":{"start":{"line":128,"column":46},"end":{"line":128,"column":47}},"loc":{"start":{"line":128,"column":52},"end":{"line":134,"column":9}},"line":128},"9":{"name":"(anonymous_9)","decl":{"start":{"line":136,"column":45},"end":{"line":136,"column":46}},"loc":{"start":{"line":136,"column":56},"end":{"line":142,"column":9}},"line":136}},"branchMap":{"0":{"loc":{"start":{"line":89,"column":8},"end":{"line":92,"column":9}},"type":"if","locations":[{"start":{"line":89,"column":8},"end":{"line":92,"column":9}},{"start":{},"end":{}}],"line":89},"1":{"loc":{"start":{"line":112,"column":4},"end":{"line":143,"column":5}},"type":"if","locations":[{"start":{"line":112,"column":4},"end":{"line":143,"column":5}},{"start":{},"end":{}}],"line":112},"2":{"loc":{"start":{"line":112,"column":8},"end":{"line":112,"column":84}},"type":"binary-expr","locations":[{"start":{"line":112,"column":8},"end":{"line":112,"column":16}},{"start":{"line":112,"column":20},"end":{"line":112,"column":30}},{"start":{"line":112,"column":34},"end":{"line":112,"column":52}},{"start":{"line":112,"column":56},"end":{"line":112,"column":67}},{"start":{"line":112,"column":71},"end":{"line":112,"column":84}}],"line":112},"3":{"loc":{"start":{"line":129,"column":12},"end":{"line":133,"column":13}},"type":"if","locations":[{"start":{"line":129,"column":12},"end":{"line":133,"column":13}},{"start":{},"end":{}}],"line":129},"4":{"loc":{"start":{"line":137,"column":12},"end":{"line":141,"column":13}},"type":"if","locations":[{"start":{"line":137,"column":12},"end":{"line":141,"column":13}},{"start":{},"end":{}}],"line":137},"5":{"loc":{"start":{"line":137,"column":16},"end":{"line":137,"column":81}},"type":"binary-expr","locations":[{"start":{"line":137,"column":16},"end":{"line":137,"column":37}},{"start":{"line":137,"column":41},"end":{"line":137,"column":81}}],"line":137}},"s":{"0":0,"1":0,"2":0,"3":0,"4":0,"5":0,"6":0,"7":0,"8":0,"9":0,"10":0,"11":0,"12":0,"13":0,"14":0,"15":0,"16":0,"17":0,"18":0,"19":0,"20":0,"21":0,"22":0,"23":0,"24":0,"25":0,"26":0},"f":{"0":0,"1":0,"2":0,"3":0,"4":0,"5":0,"6":0,"7":0,"8":0,"9":0},"b":{"0":[0,0],"1":[0,0],"2":[0,0,0,0,0],"3":[0,0],"4":[0,0],"5":[0,0]}}
}
