TN:
SF:src/js/auth.js
FN:4,(anonymous_0)
FN:17,(anonymous_1)
FN:30,(anonymous_2)
FN:57,(anonymous_3)
FN:64,(anonymous_4)
FN:74,(anonymous_5)
FN:85,(anonymous_6)
FN:93,(anonymous_7)
FN:97,(anonymous_8)
FNF:9
FNH:0
FNDA:0,(anonymous_0)
FNDA:0,(anonymous_1)
FNDA:0,(anonymous_2)
FNDA:0,(anonymous_3)
FNDA:0,(anonymous_4)
FNDA:0,(anonymous_5)
FNDA:0,(anonymous_6)
FNDA:0,(anonymous_7)
FNDA:0,(anonymous_8)
DA:1,0
DA:7,0
DA:9,0
DA:10,0
DA:12,0
DA:15,0
DA:17,0
DA:18,0
DA:19,0
DA:23,0
DA:24,0
DA:32,0
DA:33,0
DA:54,0
DA:55,0
DA:57,0
DA:58,0
DA:59,0
DA:60,0
DA:64,0
DA:65,0
DA:66,0
DA:71,0
DA:75,0
DA:79,0
DA:80,0
DA:82,0
DA:86,0
DA:87,0
DA:88,0
DA:90,0
DA:94,0
DA:98,0
DA:99,0
DA:100,0
DA:101,0
LF:36
LH:0
BRDA:9,0,0,0
BRDA:9,0,1,0
BRDA:18,1,0,0
BRDA:18,1,1,0
BRDA:23,2,0,0
BRDA:23,2,1,0
BRDA:59,3,0,0
BRDA:59,3,1,0
BRDA:65,4,0,0
BRDA:65,4,1,0
BRDA:87,5,0,0
BRDA:87,5,1,0
BRF:12
BRH:0
end_of_record
TN:
SF:src/js/game.js
FN:13,(anonymous_0)
FN:20,(anonymous_1)
FN:40,(anonymous_2)
FN:45,(anonymous_3)
FN:49,(anonymous_4)
FN:50,(anonymous_5)
FN:52,(anonymous_6)
FN:60,(anonymous_7)
FN:65,(anonymous_8)
FN:72,(anonymous_9)
FN:89,(anonymous_10)
FN:96,(anonymous_11)
FN:107,(anonymous_12)
FN:117,(anonymous_13)
FN:177,(anonymous_14)
FN:187,(anonymous_15)
FN:213,(anonymous_16)
FN:217,(anonymous_17)
FN:235,(anonymous_18)
FN:258,(anonymous_19)
FN:268,(anonymous_20)
FN:277,(anonymous_21)
FN:299,(anonymous_22)
FN:315,(anonymous_23)
FN:334,(anonymous_24)
FN:373,(anonymous_25)
FN:375,(anonymous_26)
FN:388,(anonymous_27)
FN:401,(anonymous_28)
FN:402,(anonymous_29)
FN:439,(anonymous_30)
FN:444,(anonymous_31)
FN:449,(anonymous_32)
FN:453,(anonymous_33)
FN:510,(anonymous_34)
FN:527,(anonymous_35)
FN:607,(anonymous_36)
FN:630,(anonymous_37)
FN:634,(anonymous_38)
FN:638,(anonymous_39)
FN:650,(anonymous_40)
FN:669,(anonymous_41)
FN:681,(anonymous_42)
FN:724,(anonymous_43)
FN:725,(anonymous_44)
FN:726,(anonymous_45)
FN:766,(anonymous_46)
FN:784,(anonymous_47)
FN:798,(anonymous_48)
FN:822,(anonymous_49)
FN:836,(anonymous_50)
FN:844,(anonymous_51)
FN:861,(anonymous_52)
FN:893,(anonymous_53)
FN:900,(anonymous_54)
FN:919,(anonymous_55)
FN:955,(anonymous_56)
FN:959,(anonymous_57)
FN:975,(anonymous_58)
FN:976,(anonymous_59)
FN:993,(anonymous_60)
FN:1008,(anonymous_61)
FN:1019,(anonymous_62)
FN:1034,(anonymous_63)
FN:1054,(anonymous_64)
FN:1084,(anonymous_65)
FN:1085,(anonymous_66)
FN:1086,(anonymous_67)
FN:1118,(anonymous_68)
FN:1123,(anonymous_69)
FN:1129,(anonymous_70)
FN:1134,(anonymous_71)
FN:1190,(anonymous_72)
FN:1199,(anonymous_73)
FN:1214,(anonymous_74)
FN:1232,(anonymous_75)
FN:1256,(anonymous_76)
FN:1271,(anonymous_77)
FN:1292,(anonymous_78)
FN:1320,(anonymous_79)
FN:1359,(anonymous_80)
FN:1366,(anonymous_81)
FN:1373,(anonymous_82)
FN:1387,(anonymous_83)
FN:1403,(anonymous_84)
FN:1418,(anonymous_85)
FN:1446,(anonymous_86)
FN:1447,(anonymous_87)
FN:1448,(anonymous_88)
FN:1488,(anonymous_89)
FN:1516,(anonymous_90)
FN:1534,(anonymous_91)
FN:1541,(anonymous_92)
FN:1550,(anonymous_93)
FN:1559,(anonymous_94)
FN:1580,(anonymous_95)
FN:1606,(anonymous_96)
FN:1610,(anonymous_97)
FN:1615,(anonymous_98)
FN:1676,(anonymous_99)
FN:1693,(anonymous_100)
FN:1704,(anonymous_101)
FN:1716,(anonymous_102)
FN:1719,(anonymous_103)
FN:1721,(anonymous_104)
FN:1727,(anonymous_105)
FN:1755,(anonymous_106)
FN:1783,(anonymous_107)
FN:1787,(anonymous_108)
FN:1795,(anonymous_109)
FN:1821,(anonymous_110)
FN:1851,(anonymous_111)
FN:1852,(anonymous_112)
FN:1858,(anonymous_113)
FN:1866,(anonymous_114)
FN:1870,(anonymous_115)
FN:1874,(anonymous_116)
FN:1895,(anonymous_117)
FN:1913,(anonymous_118)
FN:1927,(anonymous_119)
FN:1954,(anonymous_120)
FN:1963,(anonymous_121)
FN:1975,(anonymous_122)
FN:2003,(anonymous_123)
FN:2006,(anonymous_124)
FN:2013,(anonymous_125)
FN:2014,(anonymous_126)
FN:2020,(anonymous_127)
FN:2025,(anonymous_128)
FN:2030,(anonymous_129)
FN:2031,(anonymous_130)
FN:2036,(anonymous_131)
FN:2037,(anonymous_132)
FN:2038,(anonymous_133)
FN:2039,(anonymous_134)
FN:2042,(anonymous_135)
FN:2044,(anonymous_136)
FN:2071,(anonymous_137)
FN:2089,(anonymous_138)
FN:2112,(anonymous_139)
FN:2128,(anonymous_140)
FN:2155,(anonymous_141)
FN:2190,(anonymous_142)
FN:2204,(anonymous_143)
FN:2210,(anonymous_144)
FN:2219,(anonymous_145)
FN:2224,(anonymous_146)
FN:2231,(anonymous_147)
FN:2237,(anonymous_148)
FN:2240,(anonymous_149)
FN:2249,(anonymous_150)
FN:2256,(anonymous_151)
FN:2257,(anonymous_152)
FN:2285,(anonymous_153)
FN:2292,(anonymous_154)
FN:2296,(anonymous_155)
FN:2303,(anonymous_156)
FN:2307,(anonymous_157)
FN:2308,(anonymous_158)
FN:2309,(anonymous_159)
FN:2310,(anonymous_160)
FN:2317,(anonymous_161)
FN:2327,(anonymous_162)
FN:2335,(anonymous_163)
FN:2354,(anonymous_164)
FNF:165
FNH:0
FNDA:0,(anonymous_0)
FNDA:0,(anonymous_1)
FNDA:0,(anonymous_2)
FNDA:0,(anonymous_3)
FNDA:0,(anonymous_4)
FNDA:0,(anonymous_5)
FNDA:0,(anonymous_6)
FNDA:0,(anonymous_7)
FNDA:0,(anonymous_8)
FNDA:0,(anonymous_9)
FNDA:0,(anonymous_10)
FNDA:0,(anonymous_11)
FNDA:0,(anonymous_12)
FNDA:0,(anonymous_13)
FNDA:0,(anonymous_14)
FNDA:0,(anonymous_15)
FNDA:0,(anonymous_16)
FNDA:0,(anonymous_17)
FNDA:0,(anonymous_18)
FNDA:0,(anonymous_19)
FNDA:0,(anonymous_20)
FNDA:0,(anonymous_21)
FNDA:0,(anonymous_22)
FNDA:0,(anonymous_23)
FNDA:0,(anonymous_24)
FNDA:0,(anonymous_25)
FNDA:0,(anonymous_26)
FNDA:0,(anonymous_27)
FNDA:0,(anonymous_28)
FNDA:0,(anonymous_29)
FNDA:0,(anonymous_30)
FNDA:0,(anonymous_31)
FNDA:0,(anonymous_32)
FNDA:0,(anonymous_33)
FNDA:0,(anonymous_34)
FNDA:0,(anonymous_35)
FNDA:0,(anonymous_36)
FNDA:0,(anonymous_37)
FNDA:0,(anonymous_38)
FNDA:0,(anonymous_39)
FNDA:0,(anonymous_40)
FNDA:0,(anonymous_41)
FNDA:0,(anonymous_42)
FNDA:0,(anonymous_43)
FNDA:0,(anonymous_44)
FNDA:0,(anonymous_45)
FNDA:0,(anonymous_46)
FNDA:0,(anonymous_47)
FNDA:0,(anonymous_48)
FNDA:0,(anonymous_49)
FNDA:0,(anonymous_50)
FNDA:0,(anonymous_51)
FNDA:0,(anonymous_52)
FNDA:0,(anonymous_53)
FNDA:0,(anonymous_54)
FNDA:0,(anonymous_55)
FNDA:0,(anonymous_56)
FNDA:0,(anonymous_57)
FNDA:0,(anonymous_58)
FNDA:0,(anonymous_59)
FNDA:0,(anonymous_60)
FNDA:0,(anonymous_61)
FNDA:0,(anonymous_62)
FNDA:0,(anonymous_63)
FNDA:0,(anonymous_64)
FNDA:0,(anonymous_65)
FNDA:0,(anonymous_66)
FNDA:0,(anonymous_67)
FNDA:0,(anonymous_68)
FNDA:0,(anonymous_69)
FNDA:0,(anonymous_70)
FNDA:0,(anonymous_71)
FNDA:0,(anonymous_72)
FNDA:0,(anonymous_73)
FNDA:0,(anonymous_74)
FNDA:0,(anonymous_75)
FNDA:0,(anonymous_76)
FNDA:0,(anonymous_77)
FNDA:0,(anonymous_78)
FNDA:0,(anonymous_79)
FNDA:0,(anonymous_80)
FNDA:0,(anonymous_81)
FNDA:0,(anonymous_82)
FNDA:0,(anonymous_83)
FNDA:0,(anonymous_84)
FNDA:0,(anonymous_85)
FNDA:0,(anonymous_86)
FNDA:0,(anonymous_87)
FNDA:0,(anonymous_88)
FNDA:0,(anonymous_89)
FNDA:0,(anonymous_90)
FNDA:0,(anonymous_91)
FNDA:0,(anonymous_92)
FNDA:0,(anonymous_93)
FNDA:0,(anonymous_94)
FNDA:0,(anonymous_95)
FNDA:0,(anonymous_96)
FNDA:0,(anonymous_97)
FNDA:0,(anonymous_98)
FNDA:0,(anonymous_99)
FNDA:0,(anonymous_100)
FNDA:0,(anonymous_101)
FNDA:0,(anonymous_102)
FNDA:0,(anonymous_103)
FNDA:0,(anonymous_104)
FNDA:0,(anonymous_105)
FNDA:0,(anonymous_106)
FNDA:0,(anonymous_107)
FNDA:0,(anonymous_108)
FNDA:0,(anonymous_109)
FNDA:0,(anonymous_110)
FNDA:0,(anonymous_111)
FNDA:0,(anonymous_112)
FNDA:0,(anonymous_113)
FNDA:0,(anonymous_114)
FNDA:0,(anonymous_115)
FNDA:0,(anonymous_116)
FNDA:0,(anonymous_117)
FNDA:0,(anonymous_118)
FNDA:0,(anonymous_119)
FNDA:0,(anonymous_120)
FNDA:0,(anonymous_121)
FNDA:0,(anonymous_122)
FNDA:0,(anonymous_123)
FNDA:0,(anonymous_124)
FNDA:0,(anonymous_125)
FNDA:0,(anonymous_126)
FNDA:0,(anonymous_127)
FNDA:0,(anonymous_128)
FNDA:0,(anonymous_129)
FNDA:0,(anonymous_130)
FNDA:0,(anonymous_131)
FNDA:0,(anonymous_132)
FNDA:0,(anonymous_133)
FNDA:0,(anonymous_134)
FNDA:0,(anonymous_135)
FNDA:0,(anonymous_136)
FNDA:0,(anonymous_137)
FNDA:0,(anonymous_138)
FNDA:0,(anonymous_139)
FNDA:0,(anonymous_140)
FNDA:0,(anonymous_141)
FNDA:0,(anonymous_142)
FNDA:0,(anonymous_143)
FNDA:0,(anonymous_144)
FNDA:0,(anonymous_145)
FNDA:0,(anonymous_146)
FNDA:0,(anonymous_147)
FNDA:0,(anonymous_148)
FNDA:0,(anonymous_149)
FNDA:0,(anonymous_150)
FNDA:0,(anonymous_151)
FNDA:0,(anonymous_152)
FNDA:0,(anonymous_153)
FNDA:0,(anonymous_154)
FNDA:0,(anonymous_155)
FNDA:0,(anonymous_156)
FNDA:0,(anonymous_157)
FNDA:0,(anonymous_158)
FNDA:0,(anonymous_159)
FNDA:0,(anonymous_160)
FNDA:0,(anonymous_161)
FNDA:0,(anonymous_162)
FNDA:0,(anonymous_163)
FNDA:0,(anonymous_164)
DA:1,0
DA:14,0
DA:15,0
DA:16,0
DA:21,0
DA:22,0
DA:23,0
DA:24,0
DA:25,0
DA:26,0
DA:27,0
DA:28,0
DA:29,0
DA:30,0
DA:31,0
DA:32,0
DA:35,0
DA:36,0
DA:37,0
DA:40,0
DA:41,0
DA:42,0
DA:45,0
DA:46,0
DA:49,0
DA:50,0
DA:52,0
DA:53,0
DA:54,0
DA:55,0
DA:57,0
DA:60,0
DA:61,0
DA:62,0
DA:65,0
DA:66,0
DA:67,0
DA:68,0
DA:71,0
DA:72,0
DA:73,0
DA:74,0
DA:75,0
DA:77,0
DA:79,0
DA:84,0
DA:85,0
DA:86,0
DA:88,0
DA:89,0
DA:90,0
DA:91,0
DA:95,0
DA:96,0
DA:97,0
DA:98,0
DA:103,0
DA:104,0
DA:106,0
DA:107,0
DA:108,0
DA:112,0
DA:113,0
DA:114,0
DA:117,0
DA:118,0
DA:119,0
DA:123,0
DA:124,0
DA:125,0
DA:126,0
DA:127,0
DA:128,0
DA:129,0
DA:130,0
DA:131,0
DA:132,0
DA:136,0
DA:137,0
DA:138,0
DA:139,0
DA:141,0
DA:143,0
DA:144,0
DA:146,0
DA:147,0
DA:149,0
DA:150,0
DA:152,0
DA:155,0
DA:156,0
DA:157,0
DA:158,0
DA:159,0
DA:160,0
DA:164,0
DA:165,0
DA:168,0
DA:169,0
DA:170,0
DA:171,0
DA:173,0
DA:178,0
DA:179,0
DA:180,0
DA:181,0
DA:182,0
DA:183,0
DA:184,0
DA:188,0
DA:189,0
DA:190,0
DA:192,0
DA:193,0
DA:195,0
DA:196,0
DA:197,0
DA:199,0
DA:200,0
DA:204,0
DA:205,0
DA:206,0
DA:207,0
DA:208,0
DA:209,0
DA:214,0
DA:218,0
DA:219,0
DA:220,0
DA:221,0
DA:222,0
DA:223,0
DA:225,0
DA:231,0
DA:236,0
DA:237,0
DA:239,0
DA:240,0
DA:241,0
DA:243,0
DA:244,0
DA:245,0
DA:252,0
DA:253,0
DA:254,0
DA:259,0
DA:260,0
DA:261,0
DA:262,0
DA:264,0
DA:265,0
DA:266,0
DA:267,0
DA:268,0
DA:269,0
DA:271,0
DA:272,0
DA:273,0
DA:279,0
DA:281,0
DA:282,0
DA:283,0
DA:285,0
DA:286,0
DA:288,0
DA:289,0
DA:291,0
DA:292,0
DA:294,0
DA:295,0
DA:300,0
DA:301,0
DA:302,0
DA:304,0
DA:305,0
DA:306,0
DA:307,0
DA:308,0
DA:310,0
DA:316,0
DA:317,0
DA:318,0
DA:319,0
DA:320,0
DA:322,0
DA:325,0
DA:326,0
DA:329,0
DA:331,0
DA:332,0
DA:334,0
DA:335,0
DA:336,0
DA:337,0
DA:339,0
DA:340,0
DA:342,0
DA:343,0
DA:346,0
DA:347,0
DA:352,0
DA:353,0
DA:355,0
DA:358,0
DA:359,0
DA:360,0
DA:363,0
DA:364,0
DA:368,0
DA:369,0
DA:370,0
DA:373,0
DA:375,0
DA:377,0
DA:378,0
DA:379,0
DA:381,0
DA:382,0
DA:385,0
DA:389,0
DA:390,0
DA:391,0
DA:394,0
DA:395,0
DA:398,0
DA:402,0
DA:403,0
DA:405,0
DA:406,0
DA:407,0
DA:410,0
DA:411,0
DA:413,0
DA:416,0
DA:417,0
DA:419,0
DA:420,0
DA:422,0
DA:423,0
DA:425,0
DA:426,0
DA:428,0
DA:429,0
DA:431,0
DA:432,0
DA:435,0
DA:440,0
DA:441,0
DA:442,0
DA:444,0
DA:445,0
DA:446,0
DA:449,0
DA:450,0
DA:453,0
DA:455,0
DA:456,0
DA:457,0
DA:458,0
DA:460,0
DA:464,0
DA:465,0
DA:466,0
DA:467,0
DA:468,0
DA:469,0
DA:471,0
DA:475,0
DA:476,0
DA:477,0
DA:478,0
DA:479,0
DA:481,0
DA:485,0
DA:486,0
DA:487,0
DA:489,0
DA:493,0
DA:494,0
DA:495,0
DA:496,0
DA:497,0
DA:499,0
DA:501,0
DA:502,0
DA:503,0
DA:504,0
DA:505,0
DA:506,0
DA:507,0
DA:508,0
DA:509,0
DA:510,0
DA:511,0
DA:512,0
DA:515,0
DA:516,0
DA:517,0
DA:518,0
DA:519,0
DA:522,0
DA:523,0
DA:524,0
DA:525,0
DA:526,0
DA:527,0
DA:528,0
DA:529,0
DA:531,0
DA:535,0
DA:538,0
DA:539,0
DA:540,0
DA:542,0
DA:543,0
DA:544,0
DA:545,0
DA:546,0
DA:549,0
DA:550,0
DA:552,0
DA:553,0
DA:554,0
DA:555,0
DA:556,0
DA:558,0
DA:559,0
DA:560,0
DA:561,0
DA:562,0
DA:563,0
DA:564,0
DA:568,0
DA:569,0
DA:570,0
DA:571,0
DA:572,0
DA:575,0
DA:576,0
DA:577,0
DA:578,0
DA:579,0
DA:581,0
DA:583,0
DA:584,0
DA:586,0
DA:587,0
DA:588,0
DA:589,0
DA:590,0
DA:591,0
DA:592,0
DA:594,0
DA:596,0
DA:597,0
DA:598,0
DA:599,0
DA:600,0
DA:601,0
DA:608,0
DA:609,0
DA:610,0
DA:611,0
DA:612,0
DA:613,0
DA:614,0
DA:615,0
DA:617,0
DA:618,0
DA:619,0
DA:620,0
DA:623,0
DA:624,0
DA:625,0
DA:629,0
DA:630,0
DA:633,0
DA:634,0
DA:635,0
DA:638,0
DA:639,0
DA:640,0
DA:641,0
DA:642,0
DA:650,0
DA:651,0
DA:653,0
DA:657,0
DA:659,0
DA:670,0
DA:671,0
DA:672,0
DA:673,0
DA:674,0
DA:675,0
DA:676,0
DA:678,0
DA:682,0
DA:684,0
DA:685,0
DA:686,0
DA:688,0
DA:689,0
DA:692,0
DA:693,0
DA:724,0
DA:725,0
DA:726,0
DA:729,0
DA:730,0
DA:732,0
DA:733,0
DA:740,0
DA:741,0
DA:752,0
DA:755,0
DA:756,0
DA:757,0
DA:760,0
DA:761,0
DA:762,0
DA:767,0
DA:768,0
DA:770,0
DA:771,0
DA:772,0
DA:774,0
DA:775,0
DA:777,0
DA:778,0
DA:779,0
DA:781,0
DA:784,0
DA:785,0
DA:786,0
DA:787,0
DA:790,0
DA:791,0
DA:792,0
DA:793,0
DA:794,0
DA:799,0
DA:801,0
DA:802,0
DA:803,0
DA:806,0
DA:808,0
DA:809,0
DA:810,0
DA:812,0
DA:813,0
DA:815,0
DA:816,0
DA:817,0
DA:819,0
DA:822,0
DA:823,0
DA:824,0
DA:825,0
DA:828,0
DA:829,0
DA:830,0
DA:831,0
DA:832,0
DA:837,0
DA:838,0
DA:839,0
DA:840,0
DA:845,0
DA:846,0
DA:847,0
DA:849,0
DA:850,0
DA:852,0
DA:854,0
DA:855,0
DA:857,0
DA:862,0
DA:863,0
DA:864,0
DA:866,0
DA:867,0
DA:874,0
DA:875,0
DA:887,0
DA:888,0
DA:889,0
DA:894,0
DA:895,0
DA:896,0
DA:897,0
DA:901,0
DA:902,0
DA:904,0
DA:905,0
DA:913,0
DA:914,0
DA:915,0
DA:920,0
DA:921,0
DA:923,0
DA:924,0
DA:925,0
DA:926,0
DA:927,0
DA:928,0
DA:952,0
DA:955,0
DA:956,0
DA:957,0
DA:959,0
DA:960,0
DA:961,0
DA:966,0
DA:967,0
DA:968,0
DA:969,0
DA:971,0
DA:972,0
DA:975,0
DA:976,0
DA:977,0
DA:978,0
DA:979,0
DA:980,0
DA:981,0
DA:983,0
DA:984,0
DA:985,0
DA:988,0
DA:989,0
DA:990,0
DA:991,0
DA:992,0
DA:993,0
DA:994,0
DA:1001,0
DA:1005,0
DA:1009,0
DA:1020,0
DA:1021,0
DA:1022,0
DA:1023,0
DA:1024,0
DA:1025,0
DA:1026,0
DA:1028,0
DA:1029,0
DA:1031,0
DA:1035,0
DA:1036,0
DA:1037,0
DA:1038,0
DA:1040,0
DA:1041,0
DA:1044,0
DA:1047,0
DA:1048,0
DA:1051,0
DA:1052,0
DA:1053,0
DA:1054,0
DA:1055,0
DA:1063,0
DA:1084,0
DA:1085,0
DA:1086,0
DA:1088,0
DA:1089,0
DA:1090,0
DA:1091,0
DA:1092,0
DA:1093,0
DA:1094,0
DA:1097,0
DA:1098,0
DA:1099,0
DA:1100,0
DA:1101,0
DA:1102,0
DA:1105,0
DA:1106,0
DA:1109,0
DA:1110,0
DA:1111,0
DA:1112,0
DA:1115,0
DA:1116,0
DA:1117,0
DA:1118,0
DA:1119,0
DA:1120,0
DA:1121,0
DA:1122,0
DA:1123,0
DA:1124,0
DA:1126,0
DA:1130,0
DA:1131,0
DA:1132,0
DA:1133,0
DA:1134,0
DA:1142,0
DA:1143,0
DA:1146,0
DA:1155,0
DA:1156,0
DA:1158,0
DA:1159,0
DA:1160,0
DA:1161,0
DA:1162,0
DA:1164,0
DA:1165,0
DA:1170,0
DA:1171,0
DA:1173,0
DA:1174,0
DA:1175,0
DA:1178,0
DA:1179,0
DA:1184,0
DA:1185,0
DA:1189,0
DA:1190,0
DA:1191,0
DA:1192,0
DA:1194,0
DA:1195,0
DA:1200,0
DA:1201,0
DA:1202,0
DA:1204,0
DA:1207,0
DA:1208,0
DA:1209,0
DA:1216,0
DA:1217,0
DA:1220,0
DA:1223,0
DA:1224,0
DA:1225,0
DA:1226,0
DA:1228,0
DA:1233,0
DA:1234,0
DA:1235,0
DA:1236,0
DA:1249,0
DA:1250,0
DA:1253,0
DA:1256,0
DA:1257,0
DA:1258,0
DA:1259,0
DA:1267,0
DA:1272,0
DA:1273,0
DA:1275,0
DA:1276,0
DA:1285,0
DA:1286,0
DA:1287,0
DA:1288,0
DA:1293,0
DA:1294,0
DA:1295,0
DA:1296,0
DA:1297,0
DA:1298,0
DA:1299,0
DA:1301,0
DA:1302,0
DA:1303,0
DA:1304,0
DA:1305,0
DA:1306,0
DA:1309,0
DA:1310,0
DA:1315,0
DA:1316,0
DA:1317,0
DA:1320,0
DA:1321,0
DA:1322,0
DA:1326,0
DA:1328,0
DA:1329,0
DA:1330,0
DA:1335,0
DA:1336,0
DA:1337,0
DA:1338,0
DA:1341,0
DA:1342,0
DA:1346,0
DA:1347,0
DA:1348,0
DA:1349,0
DA:1350,0
DA:1352,0
DA:1360,0
DA:1361,0
DA:1362,0
DA:1363,0
DA:1367,0
DA:1368,0
DA:1369,0
DA:1370,0
DA:1375,0
DA:1376,0
DA:1378,0
DA:1381,0
DA:1382,0
DA:1383,0
DA:1384,0
DA:1388,0
DA:1389,0
DA:1390,0
DA:1391,0
DA:1404,0
DA:1405,0
DA:1406,0
DA:1407,0
DA:1408,0
DA:1409,0
DA:1411,0
DA:1412,0
DA:1413,0
DA:1414,0
DA:1419,0
DA:1420,0
DA:1421,0
DA:1422,0
DA:1424,0
DA:1425,0
DA:1427,0
DA:1428,0
DA:1446,0
DA:1447,0
DA:1448,0
DA:1458,0
DA:1459,0
DA:1461,0
DA:1462,0
DA:1463,0
DA:1464,0
DA:1465,0
DA:1467,0
DA:1468,0
DA:1469,0
DA:1470,0
DA:1471,0
DA:1474,0
DA:1475,0
DA:1476,0
DA:1477,0
DA:1478,0
DA:1479,0
DA:1482,0
DA:1483,0
DA:1489,0
DA:1490,0
DA:1492,0
DA:1493,0
DA:1496,0
DA:1497,0
DA:1499,0
DA:1500,0
DA:1501,0
DA:1502,0
DA:1503,0
DA:1504,0
DA:1506,0
DA:1507,0
DA:1508,0
DA:1509,0
DA:1510,0
DA:1512,0
DA:1513,0
DA:1517,0
DA:1518,0
DA:1519,0
DA:1520,0
DA:1521,0
DA:1523,0
DA:1524,0
DA:1526,0
DA:1527,0
DA:1528,0
DA:1535,0
DA:1536,0
DA:1537,0
DA:1542,0
DA:1543,0
DA:1544,0
DA:1546,0
DA:1551,0
DA:1552,0
DA:1553,0
DA:1555,0
DA:1560,0
DA:1561,0
DA:1563,0
DA:1564,0
DA:1573,0
DA:1574,0
DA:1575,0
DA:1576,0
DA:1581,0
DA:1582,0
DA:1583,0
DA:1584,0
DA:1585,0
DA:1586,0
DA:1589,0
DA:1590,0
DA:1591,0
DA:1592,0
DA:1593,0
DA:1594,0
DA:1596,0
DA:1599,0
DA:1600,0
DA:1601,0
DA:1607,0
DA:1608,0
DA:1610,0
DA:1611,0
DA:1612,0
DA:1615,0
DA:1616,0
DA:1617,0
DA:1619,0
DA:1620,0
DA:1623,0
DA:1624,0
DA:1625,0
DA:1626,0
DA:1627,0
DA:1628,0
DA:1629,0
DA:1630,0
DA:1631,0
DA:1634,0
DA:1635,0
DA:1636,0
DA:1637,0
DA:1638,0
DA:1639,0
DA:1641,0
DA:1642,0
DA:1643,0
DA:1644,0
DA:1646,0
DA:1652,0
DA:1653,0
DA:1654,0
DA:1677,0
DA:1678,0
DA:1679,0
DA:1682,0
DA:1683,0
DA:1684,0
DA:1685,0
DA:1686,0
DA:1687,0
DA:1688,0
DA:1689,0
DA:1692,0
DA:1693,0
DA:1694,0
DA:1695,0
DA:1697,0
DA:1700,0
DA:1701,0
DA:1704,0
DA:1705,0
DA:1706,0
DA:1711,0
DA:1715,0
DA:1716,0
DA:1719,0
DA:1721,0
DA:1722,0
DA:1727,0
DA:1728,0
DA:1729,0
DA:1730,0
DA:1735,0
DA:1736,0
DA:1737,0
DA:1739,0
DA:1741,0
DA:1742,0
DA:1743,0
DA:1744,0
DA:1745,0
DA:1747,0
DA:1750,0
DA:1751,0
DA:1752,0
DA:1756,0
DA:1757,0
DA:1777,0
DA:1778,0
DA:1779,0
DA:1780,0
DA:1784,0
DA:1785,0
DA:1787,0
DA:1788,0
DA:1789,0
DA:1791,0
DA:1792,0
DA:1795,0
DA:1796,0
DA:1799,0
DA:1801,0
DA:1802,0
DA:1803,0
DA:1804,0
DA:1806,0
DA:1807,0
DA:1808,0
DA:1809,0
DA:1813,0
DA:1814,0
DA:1816,0
DA:1817,0
DA:1818,0
DA:1822,0
DA:1823,0
DA:1824,0
DA:1825,0
DA:1828,0
DA:1829,0
DA:1830,0
DA:1831,0
DA:1833,0
DA:1834,0
DA:1835,0
DA:1846,0
DA:1852,0
DA:1853,0
DA:1854,0
DA:1859,0
DA:1860,0
DA:1861,0
DA:1863,0
DA:1867,0
DA:1871,0
DA:1875,0
DA:1876,0
DA:1877,0
DA:1879,0
DA:1880,0
DA:1883,0
DA:1884,0
DA:1887,0
DA:1888,0
DA:1889,0
DA:1891,0
DA:1894,0
DA:1895,0
DA:1896,0
DA:1897,0
DA:1899,0
DA:1905,0
DA:1906,0
DA:1907,0
DA:1910,0
DA:1914,0
DA:1915,0
DA:1916,0
DA:1918,0
DA:1919,0
DA:1920,0
DA:1921,0
DA:1924,0
DA:1928,0
DA:1929,0
DA:1930,0
DA:1931,0
DA:1932,0
DA:1935,0
DA:1936,0
DA:1937,0
DA:1938,0
DA:1939,0
DA:1940,0
DA:1941,0
DA:1942,0
DA:1943,0
DA:1944,0
DA:1947,0
DA:1949,0
DA:1950,0
DA:1955,0
DA:1956,0
DA:1957,0
DA:1958,0
DA:1959,0
DA:1964,0
DA:1965,0
DA:1966,0
DA:1968,0
DA:1969,0
DA:1970,0
DA:1972,0
DA:1974,0
DA:1975,0
DA:1976,0
DA:1977,0
DA:1979,0
DA:1985,0
DA:1986,0
DA:1987,0
DA:1988,0
DA:1993,0
DA:1996,0
DA:1997,0
DA:1998,0
DA:1999,0
DA:2004,0
DA:2005,0
DA:2006,0
DA:2007,0
DA:2008,0
DA:2009,0
DA:2010,0
DA:2011,0
DA:2012,0
DA:2013,0
DA:2014,0
DA:2015,0
DA:2021,0
DA:2022,0
DA:2024,0
DA:2025,0
DA:2026,0
DA:2027,0
DA:2028,0
DA:2029,0
DA:2030,0
DA:2031,0
DA:2032,0
DA:2037,0
DA:2038,0
DA:2039,0
DA:2044,0
DA:2045,0
DA:2046,0
DA:2047,0
DA:2048,0
DA:2049,0
DA:2050,0
DA:2051,0
DA:2053,0
DA:2057,0
DA:2058,0
DA:2059,0
DA:2060,0
DA:2061,0
DA:2062,0
DA:2063,0
DA:2068,0
DA:2073,0
DA:2074,0
DA:2075,0
DA:2078,0
DA:2079,0
DA:2081,0
DA:2082,0
DA:2084,0
DA:2089,0
DA:2090,0
DA:2091,0
DA:2092,0
DA:2093,0
DA:2094,0
DA:2113,0
DA:2114,0
DA:2115,0
DA:2116,0
DA:2117,0
DA:2118,0
DA:2119,0
DA:2120,0
DA:2121,0
DA:2122,0
DA:2124,0
DA:2125,0
DA:2129,0
DA:2131,0
DA:2132,0
DA:2135,0
DA:2136,0
DA:2137,0
DA:2138,0
DA:2142,0
DA:2143,0
DA:2144,0
DA:2146,0
DA:2150,0
DA:2151,0
DA:2156,0
DA:2158,0
DA:2164,0
DA:2165,0
DA:2166,0
DA:2168,0
DA:2169,0
DA:2170,0
DA:2173,0
DA:2174,0
DA:2178,0
DA:2179,0
DA:2181,0
DA:2182,0
DA:2184,0
DA:2185,0
DA:2187,0
DA:2188,0
DA:2190,0
DA:2191,0
DA:2192,0
DA:2197,0
DA:2198,0
DA:2201,0
DA:2202,0
DA:2204,0
DA:2205,0
DA:2211,0
DA:2212,0
DA:2213,0
DA:2214,0
DA:2216,0
DA:2217,0
DA:2218,0
DA:2219,0
DA:2221,0
DA:2222,0
DA:2223,0
DA:2224,0
DA:2226,0
DA:2227,0
DA:2232,0
DA:2233,0
DA:2234,0
DA:2237,0
DA:2238,0
DA:2239,0
DA:2240,0
DA:2242,0
DA:2250,0
DA:2251,0
DA:2252,0
DA:2253,0
DA:2255,0
DA:2256,0
DA:2257,0
DA:2259,0
DA:2282,0
DA:2283,0
DA:2285,0
DA:2286,0
DA:2287,0
DA:2288,0
DA:2289,0
DA:2290,0
DA:2291,0
DA:2292,0
DA:2293,0
DA:2296,0
DA:2297,0
DA:2298,0
DA:2299,0
DA:2300,0
DA:2301,0
DA:2302,0
DA:2303,0
DA:2304,0
DA:2307,0
DA:2308,0
DA:2309,0
DA:2310,0
DA:2311,0
DA:2312,0
DA:2313,0
DA:2314,0
DA:2318,0
DA:2319,0
DA:2320,0
DA:2321,0
DA:2322,0
DA:2323,0
DA:2328,0
DA:2329,0
DA:2330,0
DA:2332,0
DA:2336,0
DA:2337,0
DA:2339,0
DA:2341,0
DA:2343,0
DA:2345,0
DA:2347,0
DA:2349,0
DA:2354,0
DA:2355,0
LF:1211
LH:0
BRDA:15,0,0,0
BRDA:15,0,1,0
BRDA:36,1,0,0
BRDA:36,1,1,0
BRDA:53,2,0,0
BRDA:53,2,1,0
BRDA:71,3,0,0
BRDA:71,3,1,0
BRDA:74,4,0,0
BRDA:74,4,1,0
BRDA:88,5,0,0
BRDA:88,5,1,0
BRDA:95,6,0,0
BRDA:95,6,1,0
BRDA:106,7,0,0
BRDA:106,7,1,0
BRDA:118,8,0,0
BRDA:118,8,1,0
BRDA:123,9,0,0
BRDA:123,9,1,0
BRDA:125,10,0,0
BRDA:125,10,1,0
BRDA:127,11,0,0
BRDA:127,11,1,0
BRDA:129,12,0,0
BRDA:129,12,1,0
BRDA:131,13,0,0
BRDA:131,13,1,0
BRDA:141,14,0,0
BRDA:141,14,1,0
BRDA:141,15,0,0
BRDA:141,15,1,0
BRDA:144,16,0,0
BRDA:144,16,1,0
BRDA:144,17,0,0
BRDA:144,17,1,0
BRDA:147,18,0,0
BRDA:147,18,1,0
BRDA:147,19,0,0
BRDA:147,19,1,0
BRDA:150,20,0,0
BRDA:150,20,1,0
BRDA:150,21,0,0
BRDA:150,21,1,0
BRDA:156,22,0,0
BRDA:156,22,1,0
BRDA:156,23,0,0
BRDA:156,23,1,0
BRDA:170,24,0,0
BRDA:170,24,1,0
BRDA:188,25,0,0
BRDA:188,25,1,0
BRDA:190,26,0,0
BRDA:190,26,1,0
BRDA:192,27,0,0
BRDA:192,27,1,0
BRDA:195,28,0,0
BRDA:195,28,1,0
BRDA:197,29,0,0
BRDA:197,29,1,0
BRDA:199,30,0,0
BRDA:199,30,1,0
BRDA:200,31,0,0
BRDA:200,31,1,0
BRDA:205,32,0,0
BRDA:205,32,1,0
BRDA:205,33,0,0
BRDA:205,33,1,0
BRDA:219,34,0,0
BRDA:219,34,1,0
BRDA:221,35,0,0
BRDA:221,35,1,0
BRDA:222,36,0,0
BRDA:222,36,1,0
BRDA:223,37,0,0
BRDA:223,37,1,0
BRDA:237,38,0,0
BRDA:237,38,1,0
BRDA:240,39,0,0
BRDA:240,39,1,0
BRDA:241,40,0,0
BRDA:241,40,1,0
BRDA:244,41,0,0
BRDA:244,41,1,0
BRDA:253,42,0,0
BRDA:253,42,1,0
BRDA:264,43,0,0
BRDA:264,43,1,0
BRDA:279,44,0,0
BRDA:279,44,1,0
BRDA:279,44,2,0
BRDA:279,44,3,0
BRDA:279,44,4,0
BRDA:304,45,0,0
BRDA:304,45,1,0
BRDA:304,46,0,0
BRDA:304,46,1,0
BRDA:304,46,2,0
BRDA:305,47,0,0
BRDA:305,47,1,0
BRDA:319,48,0,0
BRDA:319,48,1,0
BRDA:336,49,0,0
BRDA:336,49,1,0
BRDA:337,50,0,0
BRDA:337,50,1,0
BRDA:346,51,0,0
BRDA:346,51,1,0
BRDA:363,52,0,0
BRDA:363,52,1,0
BRDA:369,53,0,0
BRDA:369,53,1,0
BRDA:378,54,0,0
BRDA:378,54,1,0
BRDA:390,55,0,0
BRDA:390,55,1,0
BRDA:394,56,0,0
BRDA:394,56,1,0
BRDA:394,57,0,0
BRDA:394,57,1,0
BRDA:403,58,0,0
BRDA:403,58,1,0
BRDA:410,59,0,0
BRDA:410,59,1,0
BRDA:417,60,0,0
BRDA:417,60,1,0
BRDA:417,60,2,0
BRDA:417,60,3,0
BRDA:417,60,4,0
BRDA:456,61,0,0
BRDA:456,61,1,0
BRDA:456,62,0,0
BRDA:456,62,1,0
BRDA:457,63,0,0
BRDA:457,63,1,0
BRDA:457,64,0,0
BRDA:457,64,1,0
BRDA:465,65,0,0
BRDA:465,65,1,0
BRDA:465,66,0,0
BRDA:465,66,1,0
BRDA:466,67,0,0
BRDA:466,67,1,0
BRDA:468,68,0,0
BRDA:468,68,1,0
BRDA:475,69,0,0
BRDA:475,69,1,0
BRDA:476,70,0,0
BRDA:476,70,1,0
BRDA:478,71,0,0
BRDA:478,71,1,0
BRDA:485,72,0,0
BRDA:485,72,1,0
BRDA:486,73,0,0
BRDA:486,73,1,0
BRDA:493,74,0,0
BRDA:493,74,1,0
BRDA:494,75,0,0
BRDA:494,75,1,0
BRDA:496,76,0,0
BRDA:496,76,1,0
BRDA:501,77,0,0
BRDA:501,77,1,0
BRDA:502,78,0,0
BRDA:502,78,1,0
BRDA:507,79,0,0
BRDA:507,79,1,0
BRDA:511,80,0,0
BRDA:511,80,1,0
BRDA:515,81,0,0
BRDA:515,81,1,0
BRDA:517,82,0,0
BRDA:517,82,1,0
BRDA:517,83,0,0
BRDA:517,83,1,0
BRDA:522,84,0,0
BRDA:522,84,1,0
BRDA:524,85,0,0
BRDA:524,85,1,0
BRDA:525,86,0,0
BRDA:525,86,1,0
BRDA:528,87,0,0
BRDA:528,87,1,0
BRDA:538,88,0,0
BRDA:538,88,1,0
BRDA:542,89,0,0
BRDA:542,89,1,0
BRDA:544,90,0,0
BRDA:544,90,1,0
BRDA:544,91,0,0
BRDA:544,91,1,0
BRDA:552,92,0,0
BRDA:552,92,1,0
BRDA:552,93,0,0
BRDA:552,93,1,0
BRDA:554,94,0,0
BRDA:554,94,1,0
BRDA:561,95,0,0
BRDA:561,95,1,0
BRDA:563,96,0,0
BRDA:563,96,1,0
BRDA:568,97,0,0
BRDA:568,97,1,0
BRDA:570,98,0,0
BRDA:570,98,1,0
BRDA:570,99,0,0
BRDA:570,99,1,0
BRDA:575,100,0,0
BRDA:575,100,1,0
BRDA:577,101,0,0
BRDA:577,101,1,0
BRDA:579,102,0,0
BRDA:579,102,1,0
BRDA:579,103,0,0
BRDA:579,103,1,0
BRDA:586,104,0,0
BRDA:586,104,1,0
BRDA:588,105,0,0
BRDA:588,105,1,0
BRDA:588,106,0,0
BRDA:588,106,1,0
BRDA:589,107,0,0
BRDA:589,107,1,0
BRDA:591,108,0,0
BRDA:591,108,1,0
BRDA:596,109,0,0
BRDA:596,109,1,0
BRDA:597,110,0,0
BRDA:597,110,1,0
BRDA:599,111,0,0
BRDA:599,111,1,0
BRDA:624,112,0,0
BRDA:624,112,1,0
BRDA:641,113,0,0
BRDA:641,113,1,0
BRDA:675,114,0,0
BRDA:675,114,1,0
BRDA:675,115,0,0
BRDA:675,115,1,0
BRDA:682,116,0,0
BRDA:682,116,1,0
BRDA:682,117,0,0
BRDA:682,117,1,0
BRDA:682,117,2,0
BRDA:692,118,0,0
BRDA:692,118,1,0
BRDA:732,119,0,0
BRDA:732,119,1,0
BRDA:740,120,0,0
BRDA:740,120,1,0
BRDA:761,121,0,0
BRDA:761,121,1,0
BRDA:767,122,0,0
BRDA:767,122,1,0
BRDA:767,123,0,0
BRDA:767,123,1,0
BRDA:774,124,0,0
BRDA:774,124,1,0
BRDA:775,125,0,0
BRDA:775,125,1,0
BRDA:777,126,0,0
BRDA:777,126,1,0
BRDA:778,127,0,0
BRDA:778,127,1,0
BRDA:785,128,0,0
BRDA:785,128,1,0
BRDA:792,129,0,0
BRDA:792,129,1,0
BRDA:793,130,0,0
BRDA:793,130,1,0
BRDA:799,131,0,0
BRDA:799,131,1,0
BRDA:801,132,0,0
BRDA:801,132,1,0
BRDA:812,133,0,0
BRDA:812,133,1,0
BRDA:813,134,0,0
BRDA:813,134,1,0
BRDA:815,135,0,0
BRDA:815,135,1,0
BRDA:816,136,0,0
BRDA:816,136,1,0
BRDA:823,137,0,0
BRDA:823,137,1,0
BRDA:830,138,0,0
BRDA:830,138,1,0
BRDA:831,139,0,0
BRDA:831,139,1,0
BRDA:837,140,0,0
BRDA:837,140,1,0
BRDA:839,141,0,0
BRDA:839,141,1,0
BRDA:845,142,0,0
BRDA:845,142,1,0
BRDA:854,143,0,0
BRDA:854,143,1,0
BRDA:866,144,0,0
BRDA:866,144,1,0
BRDA:874,145,0,0
BRDA:874,145,1,0
BRDA:904,146,0,0
BRDA:904,146,1,0
BRDA:924,147,0,0
BRDA:924,147,1,0
BRDA:977,148,0,0
BRDA:977,148,1,0
BRDA:1028,149,0,0
BRDA:1028,149,1,0
BRDA:1028,150,0,0
BRDA:1028,150,1,0
BRDA:1035,151,0,0
BRDA:1035,151,1,0
BRDA:1035,152,0,0
BRDA:1035,152,1,0
BRDA:1035,152,2,0
BRDA:1047,153,0,0
BRDA:1047,153,1,0
BRDA:1051,154,0,0
BRDA:1051,154,1,0
BRDA:1067,155,0,0
BRDA:1067,155,1,0
BRDA:1091,156,0,0
BRDA:1091,156,1,0
BRDA:1092,157,0,0
BRDA:1092,157,1,0
BRDA:1105,158,0,0
BRDA:1105,158,1,0
BRDA:1142,159,0,0
BRDA:1142,159,1,0
BRDA:1159,160,0,0
BRDA:1159,160,1,0
BRDA:1160,161,0,0
BRDA:1160,161,1,0
BRDA:1173,162,0,0
BRDA:1173,162,1,0
BRDA:1174,163,0,0
BRDA:1174,163,1,0
BRDA:1178,164,0,0
BRDA:1178,164,1,0
BRDA:1184,165,0,0
BRDA:1184,165,1,0
BRDA:1194,166,0,0
BRDA:1194,166,1,0
BRDA:1200,167,0,0
BRDA:1200,167,1,0
BRDA:1202,168,0,0
BRDA:1202,168,1,0
BRDA:1217,169,0,0
BRDA:1217,169,1,0
BRDA:1217,170,0,0
BRDA:1217,170,1,0
BRDA:1223,171,0,0
BRDA:1223,171,1,0
BRDA:1233,172,0,0
BRDA:1233,172,1,0
BRDA:1275,173,0,0
BRDA:1275,173,1,0
BRDA:1296,174,0,0
BRDA:1296,174,1,0
BRDA:1297,175,0,0
BRDA:1297,175,1,0
BRDA:1309,176,0,0
BRDA:1309,176,1,0
BRDA:1322,177,0,0
BRDA:1322,177,1,0
BRDA:1329,178,0,0
BRDA:1329,178,1,0
BRDA:1342,179,0,0
BRDA:1342,179,1,0
BRDA:1346,180,0,0
BRDA:1346,180,1,0
BRDA:1347,181,0,0
BRDA:1347,181,1,0
BRDA:1349,182,0,0
BRDA:1349,182,1,0
BRDA:1375,183,0,0
BRDA:1375,183,1,0
BRDA:1375,184,0,0
BRDA:1375,184,1,0
BRDA:1408,185,0,0
BRDA:1408,185,1,0
BRDA:1408,186,0,0
BRDA:1408,186,1,0
BRDA:1413,187,0,0
BRDA:1413,187,1,0
BRDA:1419,188,0,0
BRDA:1419,188,1,0
BRDA:1419,189,0,0
BRDA:1419,189,1,0
BRDA:1419,189,2,0
BRDA:1427,190,0,0
BRDA:1427,190,1,0
BRDA:1432,191,0,0
BRDA:1432,191,1,0
BRDA:1468,192,0,0
BRDA:1468,192,1,0
BRDA:1469,193,0,0
BRDA:1469,193,1,0
BRDA:1482,194,0,0
BRDA:1482,194,1,0
BRDA:1492,195,0,0
BRDA:1492,195,1,0
BRDA:1499,196,0,0
BRDA:1499,196,1,0
BRDA:1518,197,0,0
BRDA:1518,197,1,0
BRDA:1519,198,0,0
BRDA:1519,198,1,0
BRDA:1535,199,0,0
BRDA:1535,199,1,0
BRDA:1542,200,0,0
BRDA:1542,200,1,0
BRDA:1552,201,0,0
BRDA:1552,201,1,0
BRDA:1552,202,0,0
BRDA:1552,202,1,0
BRDA:1563,203,0,0
BRDA:1563,203,1,0
BRDA:1582,204,0,0
BRDA:1582,204,1,0
BRDA:1589,205,0,0
BRDA:1589,205,1,0
BRDA:1589,206,0,0
BRDA:1589,206,1,0
BRDA:1593,207,0,0
BRDA:1593,207,1,0
BRDA:1623,208,0,0
BRDA:1623,208,1,0
BRDA:1624,209,0,0
BRDA:1624,209,1,0
BRDA:1625,210,0,0
BRDA:1625,210,1,0
BRDA:1626,211,0,0
BRDA:1626,211,1,0
BRDA:1628,212,0,0
BRDA:1628,212,1,0
BRDA:1630,213,0,0
BRDA:1630,213,1,0
BRDA:1634,214,0,0
BRDA:1634,214,1,0
BRDA:1636,215,0,0
BRDA:1636,215,1,0
BRDA:1638,216,0,0
BRDA:1638,216,1,0
BRDA:1641,217,0,0
BRDA:1641,217,1,0
BRDA:1643,218,0,0
BRDA:1643,218,1,0
BRDA:1643,219,0,0
BRDA:1643,219,1,0
BRDA:1646,220,0,0
BRDA:1646,220,1,0
BRDA:1652,221,0,0
BRDA:1652,221,1,0
BRDA:1653,222,0,0
BRDA:1653,222,1,0
BRDA:1694,223,0,0
BRDA:1694,223,1,0
BRDA:1705,224,0,0
BRDA:1705,224,1,0
BRDA:1721,225,0,0
BRDA:1721,225,1,0
BRDA:1728,226,0,0
BRDA:1728,226,1,0
BRDA:1742,227,0,0
BRDA:1742,227,1,0
BRDA:1744,228,0,0
BRDA:1744,228,1,0
BRDA:1789,229,0,0
BRDA:1789,229,1,0
BRDA:1792,230,0,0
BRDA:1792,230,1,0
BRDA:1796,231,0,0
BRDA:1796,231,1,0
BRDA:1801,232,0,0
BRDA:1801,232,1,0
BRDA:1813,233,0,0
BRDA:1813,233,1,0
BRDA:1813,234,0,0
BRDA:1813,234,1,0
BRDA:1822,235,0,0
BRDA:1822,235,1,0
BRDA:1828,236,0,0
BRDA:1828,236,1,0
BRDA:1833,237,0,0
BRDA:1833,237,1,0
BRDA:1833,238,0,0
BRDA:1833,238,1,0
BRDA:1877,239,0,0
BRDA:1877,239,1,0
BRDA:1883,240,0,0
BRDA:1883,240,1,0
BRDA:1883,240,2,0
BRDA:1887,241,0,0
BRDA:1887,241,1,0
BRDA:1887,242,0,0
BRDA:1887,242,1,0
BRDA:1887,242,2,0
BRDA:1891,243,0,0
BRDA:1891,243,1,0
BRDA:1896,244,0,0
BRDA:1896,244,1,0
BRDA:1897,245,0,0
BRDA:1897,245,1,0
BRDA:1897,245,2,0
BRDA:1920,246,0,0
BRDA:1920,246,1,0
BRDA:1920,247,0,0
BRDA:1920,247,1,0
BRDA:1920,247,2,0
BRDA:1920,247,3,0
BRDA:1928,248,0,0
BRDA:1928,248,1,0
BRDA:1955,249,0,0
BRDA:1955,249,1,0
BRDA:1964,250,0,0
BRDA:1964,250,1,0
BRDA:1968,251,0,0
BRDA:1968,251,1,0
BRDA:1968,252,0,0
BRDA:1968,252,1,0
BRDA:1968,252,2,0
BRDA:1972,253,0,0
BRDA:1972,253,1,0
BRDA:1976,254,0,0
BRDA:1976,254,1,0
BRDA:1977,255,0,0
BRDA:1977,255,1,0
BRDA:1977,255,2,0
BRDA:2047,256,0,0
BRDA:2047,256,1,0
BRDA:2048,257,0,0
BRDA:2048,257,1,0
BRDA:2049,258,0,0
BRDA:2049,258,1,0
BRDA:2050,259,0,0
BRDA:2050,259,1,0
BRDA:2057,260,0,0
BRDA:2057,260,1,0
BRDA:2060,261,0,0
BRDA:2060,261,1,0
BRDA:2062,262,0,0
BRDA:2062,262,1,0
BRDA:2079,263,0,0
BRDA:2079,263,1,0
BRDA:2081,264,0,0
BRDA:2081,264,1,0
BRDA:2081,265,0,0
BRDA:2081,265,1,0
BRDA:2091,266,0,0
BRDA:2091,266,1,0
BRDA:2093,267,0,0
BRDA:2093,267,1,0
BRDA:2121,268,0,0
BRDA:2121,268,1,0
BRDA:2121,269,0,0
BRDA:2121,269,1,0
BRDA:2129,270,0,0
BRDA:2129,270,1,0
BRDA:2135,271,0,0
BRDA:2135,271,1,0
BRDA:2135,272,0,0
BRDA:2135,272,1,0
BRDA:2137,273,0,0
BRDA:2137,273,1,0
BRDA:2137,274,0,0
BRDA:2137,274,1,0
BRDA:2143,275,0,0
BRDA:2143,275,1,0
BRDA:2150,276,0,0
BRDA:2150,276,1,0
BRDA:2150,277,0,0
BRDA:2150,277,1,0
BRDA:2156,278,0,0
BRDA:2156,278,1,0
BRDA:2201,279,0,0
BRDA:2201,279,1,0
BRDA:2211,280,0,0
BRDA:2211,280,1,0
BRDA:2216,281,0,0
BRDA:2216,281,1,0
BRDA:2221,282,0,0
BRDA:2221,282,1,0
BRDA:2250,283,0,0
BRDA:2250,283,1,0
BRDA:2250,284,0,0
BRDA:2250,284,1,0
BRDA:2250,284,2,0
BRDA:2337,285,0,0
BRDA:2337,285,1,0
BRDA:2337,285,2,0
BRDA:2337,285,3,0
BRDA:2337,285,4,0
BRDA:2337,285,5,0
BRF:594
BRH:0
end_of_record
TN:
SF:src/js/interface.js
FN:84,(anonymous_0)
FN:88,(anonymous_1)
FN:91,(anonymous_2)
FN:95,(anonymous_3)
FN:99,(anonymous_4)
FN:105,(anonymous_5)
FN:113,(anonymous_6)
FN:122,(anonymous_7)
FN:128,(anonymous_8)
FN:136,(anonymous_9)
FNF:10
FNH:0
FNDA:0,(anonymous_0)
FNDA:0,(anonymous_1)
FNDA:0,(anonymous_2)
FNDA:0,(anonymous_3)
FNDA:0,(anonymous_4)
FNDA:0,(anonymous_5)
FNDA:0,(anonymous_6)
FNDA:0,(anonymous_7)
FNDA:0,(anonymous_8)
FNDA:0,(anonymous_9)
DA:1,0
DA:85,0
DA:89,0
DA:90,0
DA:91,0
DA:96,0
DA:100,0
DA:105,0
DA:106,0
DA:107,0
DA:108,0
DA:109,0
DA:110,0
DA:112,0
DA:113,0
DA:114,0
DA:118,0
DA:119,0
DA:122,0
DA:123,0
DA:128,0
DA:129,0
DA:130,0
DA:136,0
DA:137,0
DA:138,0
LF:26
LH:0
BRDA:89,0,0,0
BRDA:89,0,1,0
BRDA:112,1,0,0
BRDA:112,1,1,0
BRDA:112,2,0,0
BRDA:112,2,1,0
BRDA:112,2,2,0
BRDA:112,2,3,0
BRDA:112,2,4,0
BRDA:129,3,0,0
BRDA:129,3,1,0
BRDA:137,4,0,0
BRDA:137,4,1,0
BRDA:137,5,0,0
BRDA:137,5,1,0
BRF:15
BRH:0
end_of_record
